<?xml version="1.0" encoding="UTF-8"?>
<testsuites name="BuyProcess" time="58" tests="1" failures="0" errors="0">
   <testsuite name="BuyProcess" tests="1" failures="0" errors="0" time="58" timestamp="2019-03-11 11:34:26" hostname="dipak - DIPAKDAS-PC.indusnettechnologies.com" id="Test Suites/BuyProcess">
      <properties>
         <property name="deviceName" value=""/>
         <property name="devicePlatform" value=""/>
         <property name="logFolder" value="E:\\MarkitCore\\Katalon\\Katalon\\MarkitCore\\Reports\\BuyProcess\\20190311_113424"/>
         <property name="logFiles" value="E:\\MarkitCore\\Katalon\\Katalon\\MarkitCore\\Reports\\BuyProcess\\20190311_113424\\execution0.log"/>
         <property name="attachments" value=""/>
         <property name="hostName" value="dipak - DIPAKDAS-PC.indusnettechnologies.com"/>
         <property name="os" value="Windows 7 32bit"/>
         <property name="katalonVersion" value="6.0.5.4"/>
         <property name="browser" value="Chrome 72.0.3626.121"/>
         <property name="hostAddress" value="10.0.12.237"/>
         <property name="sessionId" value="2cd7dd688ec927a6d154dc6613c42aaf"/>
         <property name="seleniumVersion" value="3.7.1"/>
         <property name="proxyInformation" value="ProxyInformation{proxyOption=NO_PROXY, proxyServerType=HTTP, password=, proxyServerAddress=, proxyServerPort=0}"/>
         <property name="platform" value="Windows 7"/>
      </properties>
      <testcase name="Test Cases/TC-RegressionDataDrivenScriptMode" classname="Test Cases/TC-RegressionDataDrivenScriptMode" status="PASSED">
         <system-out><![CDATA[2019-03-11 11:34:27 - [TEST_CASE][PASSED] - Test Cases/TC-RegressionDataDrivenScriptMode: Test Cases/TC-RegressionDataDrivenScriptMode

2019-03-11 11:34:27 - [TEST_STEP][PASSED] - openBrowser("https://dev.markit-systems.com/markit_coreV2/Sites/CoreTest/login/admin_display"): Browser is opened with url: 'https://dev.markit-systems.com/markit_coreV2/Sites/CoreTest/login/admin_display'

2019-03-11 11:34:27 - [MESSAGE][INFO] - Starting 'Chrome' driver

2019-03-11 11:34:27 - [MESSAGE][INFO] - Action delay is set to 0 seconds

2019-03-11 11:34:40 - [MESSAGE][PASSED] - Browser is opened with url: 'https://dev.markit-systems.com/markit_coreV2/Sites/CoreTest/login/admin_display'

2019-03-11 11:34:40 - [TEST_STEP][PASSED] - maximizeWindow(): Current window maximized

2019-03-11 11:34:40 - [MESSAGE][PASSED] - Current window maximized

2019-03-11 11:34:40 - [TEST_STEP][PASSED] - waitForPageLoad(4): Wait for page load successfully

2019-03-11 11:34:40 - [MESSAGE][PASSED] - Wait for page load successfully

2019-03-11 11:34:40 - [TEST_STEP][PASSED] - setText(findTestObject("Username"), "dDasTester"): Text 'dDasTester' is set on object 'Object Repository/Username'

2019-03-11 11:34:41 - [MESSAGE][PASSED] - Text 'dDasTester' is set on object 'Object Repository/Username'

2019-03-11 11:34:41 - [TEST_STEP][PASSED] - delay(2): Delayed 2 second(s)

2019-03-11 11:34:43 - [MESSAGE][PASSED] - Delayed 2 second(s)

2019-03-11 11:34:43 - [TEST_STEP][PASSED] - setText(findTestObject("Password"), "Czybm6R*"): Text 'Czybm6R*' is set on object 'Object Repository/Password'

2019-03-11 11:34:43 - [MESSAGE][PASSED] - Text 'Czybm6R*' is set on object 'Object Repository/Password'

2019-03-11 11:34:43 - [TEST_STEP][PASSED] - delay(3, STOP_ON_FAILURE): Delayed 3 second(s)

2019-03-11 11:34:46 - [MESSAGE][PASSED] - Delayed 3 second(s)

2019-03-11 11:34:46 - [TEST_STEP][PASSED] - click(findTestObject("LoginButton")): Object: 'Object Repository/LoginButton' is clicked on

2019-03-11 11:34:52 - [MESSAGE][PASSED] - Object: 'Object Repository/LoginButton' is clicked on

2019-03-11 11:34:52 - [TEST_STEP][PASSED] - delay(3): Delayed 3 second(s)

2019-03-11 11:34:55 - [MESSAGE][PASSED] - Delayed 3 second(s)

2019-03-11 11:34:55 - [TEST_STEP][PASSED] - waitForElementClickable(findTestObject("ClientSearch"), 10): Object 'Object Repository/ClientSearch' is clickable

2019-03-11 11:34:55 - [MESSAGE][PASSED] - Object 'Object Repository/ClientSearch' is clickable

2019-03-11 11:34:55 - [TEST_STEP][PASSED] - click(findTestObject("ClientSearch")): Object: 'Object Repository/ClientSearch' is clicked on

2019-03-11 11:34:56 - [MESSAGE][PASSED] - Object: 'Object Repository/ClientSearch' is clicked on

2019-03-11 11:34:56 - [TEST_STEP][PASSED] - delay(5): Delayed 5 second(s)

2019-03-11 11:35:01 - [MESSAGE][PASSED] - Delayed 5 second(s)

2019-03-11 11:35:01 - [TEST_STEP][PASSED] - sendKeys(findTestObject("SearchText"), "Dipak"): Keys 'Dipak' sent to object: 'Object Repository/SearchText'

2019-03-11 11:35:02 - [MESSAGE][PASSED] - Keys 'Dipak' sent to object: 'Object Repository/SearchText'

2019-03-11 11:35:02 - [TEST_STEP][PASSED] - delay(2): Delayed 2 second(s)

2019-03-11 11:35:04 - [MESSAGE][PASSED] - Delayed 2 second(s)

2019-03-11 11:35:04 - [TEST_STEP][PASSED] - sendKeys(findTestObject("SearchText"), Keys.chord(ENTER)): Keys 'ENTER + ' sent to object: 'Object Repository/SearchText'

2019-03-11 11:35:04 - [MESSAGE][PASSED] - Keys 'ENTER + ' sent to object: 'Object Repository/SearchText'

2019-03-11 11:35:04 - [TEST_STEP][PASSED] - delay(4): Delayed 4 second(s)

2019-03-11 11:35:08 - [MESSAGE][PASSED] - Delayed 4 second(s)

2019-03-11 11:35:08 - [TEST_STEP][PASSED] - waitForElementClickable(findTestObject("ClientListingAction"), 5): Object 'Object Repository/ClientListingAction' is clickable

2019-03-11 11:35:08 - [MESSAGE][PASSED] - Object 'Object Repository/ClientListingAction' is clickable

2019-03-11 11:35:08 - [TEST_STEP][PASSED] - click(findTestObject("ClientListingAction")): Object: 'Object Repository/ClientListingAction' is clicked on

2019-03-11 11:35:12 - [MESSAGE][PASSED] - Object: 'Object Repository/ClientListingAction' is clicked on

2019-03-11 11:35:12 - [TEST_STEP][PASSED] - delay(5): Delayed 5 second(s)

2019-03-11 11:35:17 - [MESSAGE][PASSED] - Delayed 5 second(s)

2019-03-11 11:35:17 - [TEST_STEP][PASSED] - click(findTestObject("StartQuote")): Object: 'Object Repository/StartQuote' is clicked on

2019-03-11 11:35:23 - [MESSAGE][PASSED] - Object: 'Object Repository/StartQuote' is clicked on

2019-03-11 11:35:23 - [TEST_STEP][PASSED] - excelData = findTestData("Data Files/Quote"): null

2019-03-11 11:35:24 - [TEST_STEP][PASSED] - waitForPageLoad(5): Wait for page load successfully

2019-03-11 11:35:24 - [MESSAGE][PASSED] - Wait for page load successfully

2019-03-11 11:35:24 - [TEST_STEP][PASSED] - waitForElementClickable(findTestObject("GeneralInformation/currency"), 3): Object 'Object Repository/GeneralInformation/currency' is clickable

2019-03-11 11:35:24 - [MESSAGE][PASSED] - Object 'Object Repository/GeneralInformation/currency' is clickable

2019-03-11 11:35:24 - [TEST_STEP][PASSED] - selectOptionByLabel(findTestObject("GeneralInformation/currency"), excelData.getValue("Currency", 1), false): All options with label 'USD' are selected in object 'Object Repository/GeneralInformation/currency' 

2019-03-11 11:35:24 - [MESSAGE][PASSED] - All options with label 'USD' are selected in object 'Object Repository/GeneralInformation/currency' 

2019-03-11 11:35:24 - [TEST_STEP][PASSED] - selectOptionByLabel(findTestObject("Object Repository/GeneralInformation/SelectBroker"), excelData.getValue("BrokerName", 1), false): All options with label 'New Broker' are selected in object 'Object Repository/GeneralInformation/SelectBroker' 

2019-03-11 11:35:24 - [MESSAGE][PASSED] - All options with label 'New Broker' are selected in object 'Object Repository/GeneralInformation/SelectBroker' 

2019-03-11 11:35:24 - [TEST_STEP][PASSED] - waitForPageLoad(10): Wait for page load successfully

2019-03-11 11:35:24 - [MESSAGE][PASSED] - Wait for page load successfully

2019-03-11 11:35:24 - [TEST_STEP][PASSED] - scrollToElement(findTestObject("GeneralInformation/SelectProduct"), 3): Scroll to object 'Object Repository/GeneralInformation/SelectProduct' successfully

2019-03-11 11:35:24 - [MESSAGE][PASSED] - Scroll to object 'Object Repository/GeneralInformation/SelectProduct' successfully

2019-03-11 11:35:24 - [TEST_STEP][PASSED] - selectOptionByLabel(findTestObject("GeneralInformation/SelectProduct"), excelData.getValue("ProductName", 1), false): All options with label 'BasicDemoProduct' are selected in object 'Object Repository/GeneralInformation/SelectProduct' 

2019-03-11 11:35:25 - [MESSAGE][PASSED] - All options with label 'BasicDemoProduct' are selected in object 'Object Repository/GeneralInformation/SelectProduct' 

2019-03-11 11:35:25 - [TEST_STEP][NOT_RUN] - selectOptionByLabel(findTestObject("Object Repository/GeneralInformation/SelectProduct"), excelData.getValue("ProductName", 1), false): NOT_RUN: selectOptionByLabel(findTestObject("Object Repository/GeneralInformation/SelectProduct"), excelData.getValue("ProductName", 1), false)

2019-03-11 11:35:25 - [MESSAGE][NOT_RUN] - NOT_RUN: selectOptionByLabel(findTestObject("Object Repository/GeneralInformation/SelectProduct"), excelData.getValue("ProductName", 1), false)

2019-03-11 11:35:25 - [TEST_STEP][PASSED] - waitForPageLoad(10): Wait for page load successfully

2019-03-11 11:35:25 - [MESSAGE][PASSED] - Wait for page load successfully

2019-03-11 11:35:25 - [TEST_STEP][NOT_RUN] - selectOptionByLabel(findTestObject("Object Repository/GeneralInformation/PolicyTerm"), excelData.getValue("Term", 1), false): NOT_RUN: selectOptionByLabel(findTestObject("Object Repository/GeneralInformation/PolicyTerm"), excelData.getValue("Term", 1), false)

2019-03-11 11:35:25 - [MESSAGE][NOT_RUN] - NOT_RUN: selectOptionByLabel(findTestObject("Object Repository/GeneralInformation/PolicyTerm"), excelData.getValue("Term", 1), false)

2019-03-11 11:35:25 - [TEST_STEP][NOT_RUN] - delay(5): NOT_RUN: delay(5)

2019-03-11 11:35:25 - [MESSAGE][NOT_RUN] - NOT_RUN: delay(5)]]></system-out>
         <system-err><![CDATA[]]></system-err>
      </testcase>
      <system-out><![CDATA[2019-03-11 11:34:26 - [TEST_SUITE][PASSED] - BuyProcess: Test Cases/TC-RegressionDataDrivenScriptMode]]></system-out>
      <system-err><![CDATA[]]></system-err>
   </testsuite>
</testsuites>
