<?xml version="1.0" encoding="UTF-8"?>
<testsuites name="BuyProcess" time="56" tests="1" failures="0" errors="0">
   <testsuite name="BuyProcess" tests="1" failures="0" errors="0" time="56" timestamp="2019-03-11 15:01:58" hostname="dipak - DIPAKDAS-PC.indusnettechnologies.com" id="Test Suites/BuyProcess">
      <properties>
         <property name="deviceName" value=""/>
         <property name="devicePlatform" value=""/>
         <property name="logFolder" value="E:\\MarkitCore\\Katalon\\Katalon\\MarkitCore\\Reports\\BuyProcess\\20190311_150156"/>
         <property name="logFiles" value="E:\\MarkitCore\\Katalon\\Katalon\\MarkitCore\\Reports\\BuyProcess\\20190311_150156\\execution0.log"/>
         <property name="attachments" value=""/>
         <property name="hostName" value="dipak - DIPAKDAS-PC.indusnettechnologies.com"/>
         <property name="os" value="Windows 7 32bit"/>
         <property name="katalonVersion" value="6.0.5.4"/>
         <property name="browser" value="Chrome 72.0.3626.121"/>
         <property name="hostAddress" value="10.0.12.237"/>
         <property name="sessionId" value="e3ff86e5304166c9bae840f77a9168a5"/>
         <property name="seleniumVersion" value="3.7.1"/>
         <property name="proxyInformation" value="ProxyInformation{proxyOption=NO_PROXY, proxyServerType=HTTP, password=, proxyServerAddress=, proxyServerPort=0}"/>
         <property name="platform" value="Windows 7"/>
      </properties>
      <testcase name="Test Cases/TC-RegressionDataDrivenScriptMode" classname="Test Cases/TC-RegressionDataDrivenScriptMode" status="PASSED">
         <system-out><![CDATA[2019-03-11 15:01:58 - [TEST_CASE][PASSED] - Test Cases/TC-RegressionDataDrivenScriptMode: Test Cases/TC-RegressionDataDrivenScriptMode

2019-03-11 15:01:58 - [TEST_STEP][PASSED] - openBrowser("https://dev.markit-systems.com/markit_coreV2/Sites/CoreTest/login/admin_display"): Browser is opened with url: 'https://dev.markit-systems.com/markit_coreV2/Sites/CoreTest/login/admin_display'

2019-03-11 15:01:58 - [MESSAGE][INFO] - Starting 'Chrome' driver

2019-03-11 15:01:58 - [MESSAGE][INFO] - Action delay is set to 0 seconds

2019-03-11 15:02:05 - [MESSAGE][PASSED] - Browser is opened with url: 'https://dev.markit-systems.com/markit_coreV2/Sites/CoreTest/login/admin_display'

2019-03-11 15:02:05 - [TEST_STEP][PASSED] - maximizeWindow(): Current window maximized

2019-03-11 15:02:05 - [MESSAGE][PASSED] - Current window maximized

2019-03-11 15:02:05 - [TEST_STEP][PASSED] - waitForPageLoad(4): Wait for page load successfully

2019-03-11 15:02:05 - [MESSAGE][PASSED] - Wait for page load successfully

2019-03-11 15:02:05 - [TEST_STEP][PASSED] - setText(findTestObject("Username"), "dDasTester"): Text 'dDasTester' is set on object 'Object Repository/Username'

2019-03-11 15:02:05 - [MESSAGE][PASSED] - Text 'dDasTester' is set on object 'Object Repository/Username'

2019-03-11 15:02:05 - [TEST_STEP][PASSED] - delay(2): Delayed 2 second(s)

2019-03-11 15:02:07 - [MESSAGE][PASSED] - Delayed 2 second(s)

2019-03-11 15:02:07 - [TEST_STEP][PASSED] - setText(findTestObject("Password"), "Czybm6R*"): Text 'Czybm6R*' is set on object 'Object Repository/Password'

2019-03-11 15:02:08 - [MESSAGE][PASSED] - Text 'Czybm6R*' is set on object 'Object Repository/Password'

2019-03-11 15:02:08 - [TEST_STEP][PASSED] - delay(3, STOP_ON_FAILURE): Delayed 3 second(s)

2019-03-11 15:02:11 - [MESSAGE][PASSED] - Delayed 3 second(s)

2019-03-11 15:02:11 - [TEST_STEP][PASSED] - click(findTestObject("LoginButton")): Object: 'Object Repository/LoginButton' is clicked on

2019-03-11 15:02:16 - [MESSAGE][PASSED] - Object: 'Object Repository/LoginButton' is clicked on

2019-03-11 15:02:16 - [TEST_STEP][PASSED] - delay(3): Delayed 3 second(s)

2019-03-11 15:02:19 - [MESSAGE][PASSED] - Delayed 3 second(s)

2019-03-11 15:02:19 - [TEST_STEP][PASSED] - waitForElementClickable(findTestObject("ClientSearch"), 10): Object 'Object Repository/ClientSearch' is clickable

2019-03-11 15:02:19 - [MESSAGE][PASSED] - Object 'Object Repository/ClientSearch' is clickable

2019-03-11 15:02:19 - [TEST_STEP][PASSED] - click(findTestObject("ClientSearch")): Object: 'Object Repository/ClientSearch' is clicked on

2019-03-11 15:02:21 - [MESSAGE][PASSED] - Object: 'Object Repository/ClientSearch' is clicked on

2019-03-11 15:02:21 - [TEST_STEP][PASSED] - delay(5): Delayed 5 second(s)

2019-03-11 15:02:26 - [MESSAGE][PASSED] - Delayed 5 second(s)

2019-03-11 15:02:26 - [TEST_STEP][PASSED] - sendKeys(findTestObject("SearchText"), "Dipak"): Keys 'Dipak' sent to object: 'Object Repository/SearchText'

2019-03-11 15:02:26 - [MESSAGE][PASSED] - Keys 'Dipak' sent to object: 'Object Repository/SearchText'

2019-03-11 15:02:26 - [TEST_STEP][PASSED] - delay(2): Delayed 2 second(s)

2019-03-11 15:02:28 - [MESSAGE][PASSED] - Delayed 2 second(s)

2019-03-11 15:02:28 - [TEST_STEP][PASSED] - sendKeys(findTestObject("SearchText"), Keys.chord(ENTER)): Keys 'ENTER + ' sent to object: 'Object Repository/SearchText'

2019-03-11 15:02:28 - [MESSAGE][PASSED] - Keys 'ENTER + ' sent to object: 'Object Repository/SearchText'

2019-03-11 15:02:28 - [TEST_STEP][PASSED] - delay(4): Delayed 4 second(s)

2019-03-11 15:02:32 - [MESSAGE][PASSED] - Delayed 4 second(s)

2019-03-11 15:02:32 - [TEST_STEP][PASSED] - waitForElementClickable(findTestObject("ClientListingAction"), 5): Object 'Object Repository/ClientListingAction' is clickable

2019-03-11 15:02:32 - [MESSAGE][PASSED] - Object 'Object Repository/ClientListingAction' is clickable

2019-03-11 15:02:32 - [TEST_STEP][PASSED] - click(findTestObject("ClientListingAction")): Object: 'Object Repository/ClientListingAction' is clicked on

2019-03-11 15:02:33 - [MESSAGE][PASSED] - Object: 'Object Repository/ClientListingAction' is clicked on

2019-03-11 15:02:33 - [TEST_STEP][PASSED] - delay(5): Delayed 5 second(s)

2019-03-11 15:02:38 - [MESSAGE][PASSED] - Delayed 5 second(s)

2019-03-11 15:02:38 - [TEST_STEP][PASSED] - click(findTestObject("StartQuote")): Object: 'Object Repository/StartQuote' is clicked on

2019-03-11 15:02:39 - [MESSAGE][PASSED] - Object: 'Object Repository/StartQuote' is clicked on

2019-03-11 15:02:39 - [TEST_STEP][PASSED] - waitForPageLoad(5): Wait for page load successfully

2019-03-11 15:02:40 - [MESSAGE][PASSED] - Wait for page load successfully

2019-03-11 15:02:40 - [TEST_STEP][PASSED] - waitForElementVisible(findTestObject("GeneralInformation/GeneralInfoHeading"), 10): Object 'Object Repository/GeneralInformation/GeneralInfoHeading' is visible

2019-03-11 15:02:40 - [MESSAGE][PASSED] - Object 'Object Repository/GeneralInformation/GeneralInfoHeading' is visible

2019-03-11 15:02:40 - [TEST_STEP][NOT_RUN] - click(findTestObject("GeneralInformation/currency")): NOT_RUN: click(findTestObject("GeneralInformation/currency"))

2019-03-11 15:02:40 - [MESSAGE][NOT_RUN] - NOT_RUN: click(findTestObject("GeneralInformation/currency"))

2019-03-11 15:02:40 - [TEST_STEP][PASSED] - click(findTestObject("GeneralInformation/currency")): Object: 'Object Repository/GeneralInformation/currency' is clicked on

2019-03-11 15:02:40 - [MESSAGE][PASSED] - Object: 'Object Repository/GeneralInformation/currency' is clicked on

2019-03-11 15:02:40 - [TEST_STEP][PASSED] - delay(5): Delayed 5 second(s)

2019-03-11 15:02:45 - [MESSAGE][PASSED] - Delayed 5 second(s)

2019-03-11 15:02:45 - [TEST_STEP][PASSED] - selectOptionByLabel(findTestObject("GeneralInformation/currency", ["variable":var_currency]), var_currency, false): All options with label 'USD' are selected in object 'Object Repository/GeneralInformation/currency' 

2019-03-11 15:02:45 - [MESSAGE][PASSED] - All options with label 'USD' are selected in object 'Object Repository/GeneralInformation/currency' 

2019-03-11 15:02:45 - [TEST_STEP][PASSED] - selectOptionByLabel(findTestObject("Object Repository/GeneralInformation/SelectBroker"), var_brokername, false): All options with label 'New Broker' are selected in object 'Object Repository/GeneralInformation/SelectBroker' 

2019-03-11 15:02:45 - [MESSAGE][PASSED] - All options with label 'New Broker' are selected in object 'Object Repository/GeneralInformation/SelectBroker' 

2019-03-11 15:02:45 - [TEST_STEP][PASSED] - waitForPageLoad(10): Wait for page load successfully

2019-03-11 15:02:45 - [MESSAGE][PASSED] - Wait for page load successfully

2019-03-11 15:02:45 - [TEST_STEP][PASSED] - scrollToElement(findTestObject("GeneralInformation/SelectProduct"), 3): Scroll to object 'Object Repository/GeneralInformation/SelectProduct' successfully

2019-03-11 15:02:45 - [MESSAGE][PASSED] - Scroll to object 'Object Repository/GeneralInformation/SelectProduct' successfully

2019-03-11 15:02:45 - [TEST_STEP][PASSED] - delay(3): Delayed 3 second(s)

2019-03-11 15:02:48 - [MESSAGE][PASSED] - Delayed 3 second(s)

2019-03-11 15:02:48 - [TEST_STEP][PASSED] - waitForElementClickable(findTestObject("GeneralInformation/SelectProduct"), 5): Object 'Object Repository/GeneralInformation/SelectProduct' is clickable

2019-03-11 15:02:48 - [MESSAGE][PASSED] - Object 'Object Repository/GeneralInformation/SelectProduct' is clickable

2019-03-11 15:02:48 - [TEST_STEP][PASSED] - click(findTestObject("GeneralInformation/SelectProduct")): Object: 'Object Repository/GeneralInformation/SelectProduct' is clicked on

2019-03-11 15:02:48 - [MESSAGE][PASSED] - Object: 'Object Repository/GeneralInformation/SelectProduct' is clicked on

2019-03-11 15:02:48 - [TEST_STEP][PASSED] - selectOptionByLabel(findTestObject("GeneralInformation/SelectProduct"), var_productname, false): All options with label 'BasicDemoProduct' are selected in object 'Object Repository/GeneralInformation/SelectProduct' 

2019-03-11 15:02:48 - [MESSAGE][PASSED] - All options with label 'BasicDemoProduct' are selected in object 'Object Repository/GeneralInformation/SelectProduct' 

2019-03-11 15:02:48 - [TEST_STEP][PASSED] - waitForPageLoad(10): Wait for page load successfully

2019-03-11 15:02:48 - [MESSAGE][PASSED] - Wait for page load successfully

2019-03-11 15:02:48 - [TEST_STEP][NOT_RUN] - selectOptionByLabel(findTestObject("Object Repository/GeneralInformation/PolicyTerm"), var_policyterm, false): NOT_RUN: selectOptionByLabel(findTestObject("Object Repository/GeneralInformation/PolicyTerm"), var_policyterm, false)

2019-03-11 15:02:48 - [MESSAGE][NOT_RUN] - NOT_RUN: selectOptionByLabel(findTestObject("Object Repository/GeneralInformation/PolicyTerm"), var_policyterm, false)

2019-03-11 15:02:48 - [TEST_STEP][PASSED] - delay(5): Delayed 5 second(s)

2019-03-11 15:02:53 - [MESSAGE][PASSED] - Delayed 5 second(s)]]></system-out>
         <system-err><![CDATA[]]></system-err>
      </testcase>
      <system-out><![CDATA[2019-03-11 15:01:58 - [TEST_SUITE][PASSED] - BuyProcess: Test Cases/TC-RegressionDataDrivenScriptMode]]></system-out>
      <system-err><![CDATA[]]></system-err>
   </testsuite>
</testsuites>
