<?xml version="1.0" encoding="UTF-8"?>
<testsuites name="BuyProcess" time="68" tests="1" failures="0" errors="0">
   <testsuite name="BuyProcess" tests="1" failures="0" errors="0" time="68" timestamp="2019-03-11 12:17:03" hostname="dipak - DIPAKDAS-PC.indusnettechnologies.com" id="Test Suites/BuyProcess">
      <properties>
         <property name="deviceName" value=""/>
         <property name="devicePlatform" value=""/>
         <property name="logFolder" value="E:\\MarkitCore\\Katalon\\Katalon\\MarkitCore\\Reports\\BuyProcess\\20190311_121644"/>
         <property name="logFiles" value="E:\\MarkitCore\\Katalon\\Katalon\\MarkitCore\\Reports\\BuyProcess\\20190311_121644\\execution0.log"/>
         <property name="attachments" value=""/>
         <property name="hostName" value="dipak - DIPAKDAS-PC.indusnettechnologies.com"/>
         <property name="os" value="Windows 7 32bit"/>
         <property name="katalonVersion" value="6.0.5.4"/>
         <property name="browser" value="Chrome 72.0.3626.121"/>
         <property name="hostAddress" value="10.0.12.237"/>
         <property name="sessionId" value="0aff9d83f7634053914b957fb336f920"/>
         <property name="seleniumVersion" value="3.7.1"/>
         <property name="proxyInformation" value="ProxyInformation{proxyOption=NO_PROXY, proxyServerType=HTTP, password=, proxyServerAddress=, proxyServerPort=0}"/>
         <property name="platform" value="Windows 7"/>
      </properties>
      <testcase name="Test Cases/TC-RegressionDataDrivenScriptMode" classname="Test Cases/TC-RegressionDataDrivenScriptMode" status="PASSED">
         <system-out><![CDATA[2019-03-11 12:17:04 - [TEST_CASE][PASSED] - Test Cases/TC-RegressionDataDrivenScriptMode: Test Cases/TC-RegressionDataDrivenScriptMode

2019-03-11 12:17:04 - [TEST_STEP][PASSED] - openBrowser("https://dev.markit-systems.com/markit_coreV2/Sites/CoreTest/login/admin_display"): Browser is opened with url: 'https://dev.markit-systems.com/markit_coreV2/Sites/CoreTest/login/admin_display'

2019-03-11 12:17:06 - [MESSAGE][INFO] - Starting 'Chrome' driver

2019-03-11 12:17:06 - [MESSAGE][INFO] - Action delay is set to 0 seconds

2019-03-11 12:17:24 - [MESSAGE][PASSED] - Browser is opened with url: 'https://dev.markit-systems.com/markit_coreV2/Sites/CoreTest/login/admin_display'

2019-03-11 12:17:24 - [TEST_STEP][PASSED] - maximizeWindow(): Current window maximized

2019-03-11 12:17:25 - [MESSAGE][PASSED] - Current window maximized

2019-03-11 12:17:25 - [TEST_STEP][PASSED] - waitForPageLoad(4): Wait for page load successfully

2019-03-11 12:17:25 - [MESSAGE][PASSED] - Wait for page load successfully

2019-03-11 12:17:25 - [TEST_STEP][PASSED] - setText(findTestObject("Username"), "dDasTester"): Text 'dDasTester' is set on object 'Object Repository/Username'

2019-03-11 12:17:25 - [MESSAGE][PASSED] - Text 'dDasTester' is set on object 'Object Repository/Username'

2019-03-11 12:17:25 - [TEST_STEP][PASSED] - delay(2): Delayed 2 second(s)

2019-03-11 12:17:27 - [MESSAGE][PASSED] - Delayed 2 second(s)

2019-03-11 12:17:27 - [TEST_STEP][PASSED] - setText(findTestObject("Password"), "Czybm6R*"): Text 'Czybm6R*' is set on object 'Object Repository/Password'

2019-03-11 12:17:28 - [MESSAGE][PASSED] - Text 'Czybm6R*' is set on object 'Object Repository/Password'

2019-03-11 12:17:28 - [TEST_STEP][PASSED] - delay(3, STOP_ON_FAILURE): Delayed 3 second(s)

2019-03-11 12:17:31 - [MESSAGE][PASSED] - Delayed 3 second(s)

2019-03-11 12:17:31 - [TEST_STEP][PASSED] - click(findTestObject("LoginButton")): Object: 'Object Repository/LoginButton' is clicked on

2019-03-11 12:17:41 - [MESSAGE][PASSED] - Object: 'Object Repository/LoginButton' is clicked on

2019-03-11 12:17:41 - [TEST_STEP][PASSED] - delay(3): Delayed 3 second(s)

2019-03-11 12:17:44 - [MESSAGE][PASSED] - Delayed 3 second(s)

2019-03-11 12:17:44 - [TEST_STEP][PASSED] - waitForElementClickable(findTestObject("ClientSearch"), 10): Object 'Object Repository/ClientSearch' is clickable

2019-03-11 12:17:44 - [MESSAGE][PASSED] - Object 'Object Repository/ClientSearch' is clickable

2019-03-11 12:17:44 - [TEST_STEP][PASSED] - click(findTestObject("ClientSearch")): Object: 'Object Repository/ClientSearch' is clicked on

2019-03-11 12:17:45 - [MESSAGE][PASSED] - Object: 'Object Repository/ClientSearch' is clicked on

2019-03-11 12:17:45 - [TEST_STEP][PASSED] - delay(5): Delayed 5 second(s)

2019-03-11 12:17:50 - [MESSAGE][PASSED] - Delayed 5 second(s)

2019-03-11 12:17:50 - [TEST_STEP][PASSED] - sendKeys(findTestObject("SearchText"), "Dipak"): Keys 'Dipak' sent to object: 'Object Repository/SearchText'

2019-03-11 12:17:50 - [MESSAGE][PASSED] - Keys 'Dipak' sent to object: 'Object Repository/SearchText'

2019-03-11 12:17:50 - [TEST_STEP][PASSED] - delay(2): Delayed 2 second(s)

2019-03-11 12:17:52 - [MESSAGE][PASSED] - Delayed 2 second(s)

2019-03-11 12:17:52 - [TEST_STEP][PASSED] - sendKeys(findTestObject("SearchText"), Keys.chord(ENTER)): Keys 'ENTER + ' sent to object: 'Object Repository/SearchText'

2019-03-11 12:17:52 - [MESSAGE][PASSED] - Keys 'ENTER + ' sent to object: 'Object Repository/SearchText'

2019-03-11 12:17:52 - [TEST_STEP][PASSED] - delay(4): Delayed 4 second(s)

2019-03-11 12:17:56 - [MESSAGE][PASSED] - Delayed 4 second(s)

2019-03-11 12:17:56 - [TEST_STEP][PASSED] - waitForElementClickable(findTestObject("ClientListingAction"), 5): Object 'Object Repository/ClientListingAction' is clickable

2019-03-11 12:17:56 - [MESSAGE][PASSED] - Object 'Object Repository/ClientListingAction' is clickable

2019-03-11 12:17:56 - [TEST_STEP][PASSED] - click(findTestObject("ClientListingAction")): Object: 'Object Repository/ClientListingAction' is clicked on

2019-03-11 12:17:58 - [MESSAGE][PASSED] - Object: 'Object Repository/ClientListingAction' is clicked on

2019-03-11 12:17:58 - [TEST_STEP][PASSED] - delay(5): Delayed 5 second(s)

2019-03-11 12:18:03 - [MESSAGE][PASSED] - Delayed 5 second(s)

2019-03-11 12:18:03 - [TEST_STEP][PASSED] - click(findTestObject("StartQuote")): Object: 'Object Repository/StartQuote' is clicked on

2019-03-11 12:18:10 - [MESSAGE][PASSED] - Object: 'Object Repository/StartQuote' is clicked on

2019-03-11 12:18:10 - [TEST_STEP][NOT_RUN] - excelData = findTestData("Data Files/Quote"): NOT_RUN: excelData = findTestData("Data Files/Quote")

2019-03-11 12:18:10 - [MESSAGE][NOT_RUN] - NOT_RUN: excelData = findTestData("Data Files/Quote")

2019-03-11 12:18:10 - [TEST_STEP][PASSED] - waitForPageLoad(5): Wait for page load successfully

2019-03-11 12:18:10 - [MESSAGE][PASSED] - Wait for page load successfully

2019-03-11 12:18:10 - [TEST_STEP][PASSED] - waitForElementClickable(findTestObject("GeneralInformation/currency"), 3): Object 'Object Repository/GeneralInformation/currency' is clickable

2019-03-11 12:18:10 - [MESSAGE][PASSED] - Object 'Object Repository/GeneralInformation/currency' is clickable

2019-03-11 12:18:10 - [TEST_STEP][PASSED] - selectOptionByLabel(findTestObject("GeneralInformation/currency"), var_currency, false): All options with label 'USD' are selected in object 'Object Repository/GeneralInformation/currency' 

2019-03-11 12:18:10 - [MESSAGE][PASSED] - All options with label 'USD' are selected in object 'Object Repository/GeneralInformation/currency' 

2019-03-11 12:18:10 - [TEST_STEP][PASSED] - selectOptionByLabel(findTestObject("Object Repository/GeneralInformation/SelectBroker"), var_brokername, false): All options with label 'New Broker' are selected in object 'Object Repository/GeneralInformation/SelectBroker' 

2019-03-11 12:18:11 - [MESSAGE][PASSED] - All options with label 'New Broker' are selected in object 'Object Repository/GeneralInformation/SelectBroker' 

2019-03-11 12:18:11 - [TEST_STEP][PASSED] - waitForPageLoad(10): Wait for page load successfully

2019-03-11 12:18:11 - [MESSAGE][PASSED] - Wait for page load successfully

2019-03-11 12:18:11 - [TEST_STEP][PASSED] - scrollToElement(findTestObject("GeneralInformation/SelectProduct"), 3): Scroll to object 'Object Repository/GeneralInformation/SelectProduct' successfully

2019-03-11 12:18:11 - [MESSAGE][PASSED] - Scroll to object 'Object Repository/GeneralInformation/SelectProduct' successfully

2019-03-11 12:18:11 - [TEST_STEP][PASSED] - selectOptionByLabel(findTestObject("GeneralInformation/SelectProduct"), var_productname, false): All options with label 'BasicDemoProduct' are selected in object 'Object Repository/GeneralInformation/SelectProduct' 

2019-03-11 12:18:11 - [MESSAGE][PASSED] - All options with label 'BasicDemoProduct' are selected in object 'Object Repository/GeneralInformation/SelectProduct' 

2019-03-11 12:18:11 - [TEST_STEP][PASSED] - waitForPageLoad(10): Wait for page load successfully

2019-03-11 12:18:11 - [MESSAGE][PASSED] - Wait for page load successfully

2019-03-11 12:18:11 - [TEST_STEP][NOT_RUN] - selectOptionByLabel(findTestObject("Object Repository/GeneralInformation/PolicyTerm"), excelData.getValue("Term", 1), false): NOT_RUN: selectOptionByLabel(findTestObject("Object Repository/GeneralInformation/PolicyTerm"), excelData.getValue("Term", 1), false)

2019-03-11 12:18:11 - [MESSAGE][NOT_RUN] - NOT_RUN: selectOptionByLabel(findTestObject("Object Repository/GeneralInformation/PolicyTerm"), excelData.getValue("Term", 1), false)

2019-03-11 12:18:11 - [TEST_STEP][NOT_RUN] - delay(5): NOT_RUN: delay(5)

2019-03-11 12:18:11 - [MESSAGE][NOT_RUN] - NOT_RUN: delay(5)]]></system-out>
         <system-err><![CDATA[]]></system-err>
      </testcase>
      <system-out><![CDATA[2019-03-11 12:17:03 - [TEST_SUITE][PASSED] - BuyProcess: Test Cases/TC-RegressionDataDrivenScriptMode]]></system-out>
      <system-err><![CDATA[]]></system-err>
   </testsuite>
</testsuites>
