<?xml version="1.0" encoding="UTF-8"?>
<testsuites name="BuyProcess" time="204" tests="11" failures="0" errors="0">
   <testsuite name="BuyProcess" tests="11" failures="0" errors="0" time="204" timestamp="2019-03-07 16:36:07" hostname="dipak - DIPAKDAS-PC.indusnettechnologies.com" id="Test Suites/BuyProcess">
      <properties>
         <property name="deviceName" value=""/>
         <property name="devicePlatform" value=""/>
         <property name="logFolder" value="E:\\MarkitCore\\Katalon\\Katalon\\MarkitCore\\Reports\\BuyProcess\\20190307_163605"/>
         <property name="logFiles" value="E:\\MarkitCore\\Katalon\\Katalon\\MarkitCore\\Reports\\BuyProcess\\20190307_163605\\execution0.log"/>
         <property name="attachments" value=""/>
         <property name="hostName" value="dipak - DIPAKDAS-PC.indusnettechnologies.com"/>
         <property name="os" value="Windows 7 32bit"/>
         <property name="katalonVersion" value="6.0.5.4"/>
         <property name="browser" value="Chrome 72.0.3626.121"/>
         <property name="hostAddress" value="10.0.12.237"/>
         <property name="sessionId" value="4bedd151a2f29ca3ef46cc39db5630f8"/>
         <property name="seleniumVersion" value="3.7.1"/>
         <property name="proxyInformation" value="ProxyInformation{proxyOption=NO_PROXY, proxyServerType=HTTP, password=, proxyServerAddress=, proxyServerPort=0}"/>
         <property name="platform" value="Windows 7"/>
      </properties>
      <testcase name="Test Cases/Login" classname="Test Cases/Login" status="PASSED">
         <system-out><![CDATA[2019-03-07 16:36:08 - [TEST_CASE][PASSED] - Test Cases/Login: Test Cases/Login

2019-03-07 16:36:08 - [TEST_STEP][PASSED] - openBrowser("https://dev.markit-systems.com/markit_coreV2/Sites/CoreTest/login/admin_display"): Browser is opened with url: 'https://dev.markit-systems.com/markit_coreV2/Sites/CoreTest/login/admin_display'

2019-03-07 16:36:08 - [MESSAGE][INFO] - Starting 'Chrome' driver

2019-03-07 16:36:08 - [MESSAGE][INFO] - Action delay is set to 0 seconds

2019-03-07 16:36:25 - [MESSAGE][PASSED] - Browser is opened with url: 'https://dev.markit-systems.com/markit_coreV2/Sites/CoreTest/login/admin_display'

2019-03-07 16:36:25 - [TEST_STEP][PASSED] - maximizeWindow(): Current window maximized

2019-03-07 16:36:25 - [MESSAGE][PASSED] - Current window maximized

2019-03-07 16:36:25 - [TEST_STEP][PASSED] - waitForPageLoad(4): Wait for page load successfully

2019-03-07 16:36:25 - [MESSAGE][PASSED] - Wait for page load successfully

2019-03-07 16:36:25 - [TEST_STEP][PASSED] - setText(findTestObject("Username"), "dDasTester"): Text 'dDasTester' is set on object 'Object Repository/Username'

2019-03-07 16:36:25 - [MESSAGE][PASSED] - Text 'dDasTester' is set on object 'Object Repository/Username'

2019-03-07 16:36:25 - [TEST_STEP][PASSED] - delay(2): Delayed 2 second(s)

2019-03-07 16:36:27 - [MESSAGE][PASSED] - Delayed 2 second(s)

2019-03-07 16:36:27 - [TEST_STEP][PASSED] - setText(findTestObject("Password"), "Czybm6R*"): Text 'Czybm6R*' is set on object 'Object Repository/Password'

2019-03-07 16:36:28 - [MESSAGE][PASSED] - Text 'Czybm6R*' is set on object 'Object Repository/Password'

2019-03-07 16:36:28 - [TEST_STEP][PASSED] - delay(3, STOP_ON_FAILURE): Delayed 3 second(s)

2019-03-07 16:36:31 - [MESSAGE][PASSED] - Delayed 3 second(s)

2019-03-07 16:36:31 - [TEST_STEP][PASSED] - click(findTestObject("LoginButton")): Object: 'Object Repository/LoginButton' is clicked on

2019-03-07 16:36:38 - [MESSAGE][PASSED] - Object: 'Object Repository/LoginButton' is clicked on

2019-03-07 16:36:38 - [TEST_STEP][PASSED] - delay(3): Delayed 3 second(s)

2019-03-07 16:36:41 - [MESSAGE][PASSED] - Delayed 3 second(s)]]></system-out>
         <system-err><![CDATA[]]></system-err>
      </testcase>
      <testcase name="Test Cases/ClientSearch" classname="Test Cases/ClientSearch" status="PASSED">
         <system-out><![CDATA[2019-03-07 16:36:41 - [TEST_CASE][PASSED] - Test Cases/ClientSearch: Test Cases/ClientSearch

2019-03-07 16:36:41 - [TEST_STEP][PASSED] - waitForElementClickable(findTestObject("ClientSearch"), 10): Object 'Object Repository/ClientSearch' is clickable

2019-03-07 16:36:41 - [MESSAGE][PASSED] - Object 'Object Repository/ClientSearch' is clickable

2019-03-07 16:36:41 - [TEST_STEP][PASSED] - click(findTestObject("ClientSearch")): Object: 'Object Repository/ClientSearch' is clicked on

2019-03-07 16:36:42 - [MESSAGE][PASSED] - Object: 'Object Repository/ClientSearch' is clicked on

2019-03-07 16:36:42 - [TEST_STEP][PASSED] - delay(5): Delayed 5 second(s)

2019-03-07 16:36:47 - [MESSAGE][PASSED] - Delayed 5 second(s)

2019-03-07 16:36:47 - [TEST_STEP][PASSED] - sendKeys(findTestObject("SearchText"), ClientName): Keys 'Dipak' sent to object: 'Object Repository/SearchText'

2019-03-07 16:36:47 - [MESSAGE][PASSED] - Keys 'Dipak' sent to object: 'Object Repository/SearchText'

2019-03-07 16:36:47 - [TEST_STEP][PASSED] - sendKeys(findTestObject("SearchText"), Keys.chord(ENTER)): Keys 'ENTER + ' sent to object: 'Object Repository/SearchText'

2019-03-07 16:36:47 - [MESSAGE][PASSED] - Keys 'ENTER + ' sent to object: 'Object Repository/SearchText'

2019-03-07 16:36:47 - [TEST_STEP][PASSED] - delay(3): Delayed 3 second(s)

2019-03-07 16:36:50 - [MESSAGE][PASSED] - Delayed 3 second(s)

2019-03-07 16:36:50 - [TEST_STEP][PASSED] - waitForElementClickable(findTestObject("ClientListingAction"), 5): Object 'Object Repository/ClientListingAction' is clickable

2019-03-07 16:36:50 - [MESSAGE][PASSED] - Object 'Object Repository/ClientListingAction' is clickable

2019-03-07 16:36:50 - [TEST_STEP][PASSED] - click(findTestObject("ClientListingAction")): Object: 'Object Repository/ClientListingAction' is clicked on

2019-03-07 16:36:54 - [MESSAGE][PASSED] - Object: 'Object Repository/ClientListingAction' is clicked on

2019-03-07 16:36:54 - [TEST_STEP][PASSED] - delay(5): Delayed 5 second(s)

2019-03-07 16:36:59 - [MESSAGE][PASSED] - Delayed 5 second(s)]]></system-out>
         <system-err><![CDATA[]]></system-err>
      </testcase>
      <testcase name="Test Cases/ClientSearch" classname="Test Cases/ClientSearch" status="PASSED">
         <system-out><![CDATA[2019-03-07 16:36:59 - [TEST_CASE][PASSED] - Test Cases/ClientSearch: Test Cases/ClientSearch

2019-03-07 16:36:59 - [TEST_STEP][PASSED] - waitForElementClickable(findTestObject("ClientSearch"), 10): Object 'Object Repository/ClientSearch' is clickable

2019-03-07 16:37:05 - [MESSAGE][PASSED] - Object 'Object Repository/ClientSearch' is clickable

2019-03-07 16:37:05 - [TEST_STEP][PASSED] - click(findTestObject("ClientSearch")): Object: 'Object Repository/ClientSearch' is clicked on

2019-03-07 16:37:06 - [MESSAGE][PASSED] - Object: 'Object Repository/ClientSearch' is clicked on

2019-03-07 16:37:06 - [TEST_STEP][PASSED] - delay(5): Delayed 5 second(s)

2019-03-07 16:37:11 - [MESSAGE][PASSED] - Delayed 5 second(s)

2019-03-07 16:37:11 - [TEST_STEP][PASSED] - sendKeys(findTestObject("SearchText"), ClientName): Keys 'Dipak' sent to object: 'Object Repository/SearchText'

2019-03-07 16:37:11 - [MESSAGE][PASSED] - Keys 'Dipak' sent to object: 'Object Repository/SearchText'

2019-03-07 16:37:11 - [TEST_STEP][PASSED] - sendKeys(findTestObject("SearchText"), Keys.chord(ENTER)): Keys 'ENTER + ' sent to object: 'Object Repository/SearchText'

2019-03-07 16:37:11 - [MESSAGE][PASSED] - Keys 'ENTER + ' sent to object: 'Object Repository/SearchText'

2019-03-07 16:37:11 - [TEST_STEP][PASSED] - delay(3): Delayed 3 second(s)

2019-03-07 16:37:14 - [MESSAGE][PASSED] - Delayed 3 second(s)

2019-03-07 16:37:14 - [TEST_STEP][PASSED] - waitForElementClickable(findTestObject("ClientListingAction"), 5): Object 'Object Repository/ClientListingAction' is clickable

2019-03-07 16:37:14 - [MESSAGE][PASSED] - Object 'Object Repository/ClientListingAction' is clickable

2019-03-07 16:37:14 - [TEST_STEP][PASSED] - click(findTestObject("ClientListingAction")): Object: 'Object Repository/ClientListingAction' is clicked on

2019-03-07 16:37:15 - [MESSAGE][PASSED] - Object: 'Object Repository/ClientListingAction' is clicked on

2019-03-07 16:37:15 - [TEST_STEP][PASSED] - delay(5): Delayed 5 second(s)

2019-03-07 16:37:20 - [MESSAGE][PASSED] - Delayed 5 second(s)]]></system-out>
         <system-err><![CDATA[]]></system-err>
      </testcase>
      <testcase name="Test Cases/ClientSearch" classname="Test Cases/ClientSearch" status="PASSED">
         <system-out><![CDATA[2019-03-07 16:37:20 - [TEST_CASE][PASSED] - Test Cases/ClientSearch: Test Cases/ClientSearch

2019-03-07 16:37:20 - [TEST_STEP][PASSED] - waitForElementClickable(findTestObject("ClientSearch"), 10): Object 'Object Repository/ClientSearch' is clickable

2019-03-07 16:37:21 - [MESSAGE][PASSED] - Object 'Object Repository/ClientSearch' is clickable

2019-03-07 16:37:21 - [TEST_STEP][PASSED] - click(findTestObject("ClientSearch")): Object: 'Object Repository/ClientSearch' is clicked on

2019-03-07 16:37:21 - [MESSAGE][PASSED] - Object: 'Object Repository/ClientSearch' is clicked on

2019-03-07 16:37:21 - [TEST_STEP][PASSED] - delay(5): Delayed 5 second(s)

2019-03-07 16:37:26 - [MESSAGE][PASSED] - Delayed 5 second(s)

2019-03-07 16:37:26 - [TEST_STEP][PASSED] - sendKeys(findTestObject("SearchText"), ClientName): Keys 'Dipak' sent to object: 'Object Repository/SearchText'

2019-03-07 16:37:26 - [MESSAGE][PASSED] - Keys 'Dipak' sent to object: 'Object Repository/SearchText'

2019-03-07 16:37:26 - [TEST_STEP][PASSED] - sendKeys(findTestObject("SearchText"), Keys.chord(ENTER)): Keys 'ENTER + ' sent to object: 'Object Repository/SearchText'

2019-03-07 16:37:26 - [MESSAGE][PASSED] - Keys 'ENTER + ' sent to object: 'Object Repository/SearchText'

2019-03-07 16:37:26 - [TEST_STEP][PASSED] - delay(3): Delayed 3 second(s)

2019-03-07 16:37:29 - [MESSAGE][PASSED] - Delayed 3 second(s)

2019-03-07 16:37:29 - [TEST_STEP][PASSED] - waitForElementClickable(findTestObject("ClientListingAction"), 5): Object 'Object Repository/ClientListingAction' is clickable

2019-03-07 16:37:29 - [MESSAGE][PASSED] - Object 'Object Repository/ClientListingAction' is clickable

2019-03-07 16:37:29 - [TEST_STEP][PASSED] - click(findTestObject("ClientListingAction")): Object: 'Object Repository/ClientListingAction' is clicked on

2019-03-07 16:37:30 - [MESSAGE][PASSED] - Object: 'Object Repository/ClientListingAction' is clicked on

2019-03-07 16:37:30 - [TEST_STEP][PASSED] - delay(5): Delayed 5 second(s)

2019-03-07 16:37:35 - [MESSAGE][PASSED] - Delayed 5 second(s)]]></system-out>
         <system-err><![CDATA[]]></system-err>
      </testcase>
      <testcase name="Test Cases/ClientSearch" classname="Test Cases/ClientSearch" status="PASSED">
         <system-out><![CDATA[2019-03-07 16:37:35 - [TEST_CASE][PASSED] - Test Cases/ClientSearch: Test Cases/ClientSearch

2019-03-07 16:37:35 - [TEST_STEP][PASSED] - waitForElementClickable(findTestObject("ClientSearch"), 10): Object 'Object Repository/ClientSearch' is clickable

2019-03-07 16:37:35 - [MESSAGE][PASSED] - Object 'Object Repository/ClientSearch' is clickable

2019-03-07 16:37:35 - [TEST_STEP][PASSED] - click(findTestObject("ClientSearch")): Object: 'Object Repository/ClientSearch' is clicked on

2019-03-07 16:37:36 - [MESSAGE][PASSED] - Object: 'Object Repository/ClientSearch' is clicked on

2019-03-07 16:37:36 - [TEST_STEP][PASSED] - delay(5): Delayed 5 second(s)

2019-03-07 16:37:41 - [MESSAGE][PASSED] - Delayed 5 second(s)

2019-03-07 16:37:41 - [TEST_STEP][PASSED] - sendKeys(findTestObject("SearchText"), ClientName): Keys 'Dipak' sent to object: 'Object Repository/SearchText'

2019-03-07 16:37:41 - [MESSAGE][PASSED] - Keys 'Dipak' sent to object: 'Object Repository/SearchText'

2019-03-07 16:37:41 - [TEST_STEP][PASSED] - sendKeys(findTestObject("SearchText"), Keys.chord(ENTER)): Keys 'ENTER + ' sent to object: 'Object Repository/SearchText'

2019-03-07 16:37:41 - [MESSAGE][PASSED] - Keys 'ENTER + ' sent to object: 'Object Repository/SearchText'

2019-03-07 16:37:41 - [TEST_STEP][PASSED] - delay(3): Delayed 3 second(s)

2019-03-07 16:37:44 - [MESSAGE][PASSED] - Delayed 3 second(s)

2019-03-07 16:37:44 - [TEST_STEP][PASSED] - waitForElementClickable(findTestObject("ClientListingAction"), 5): Object 'Object Repository/ClientListingAction' is clickable

2019-03-07 16:37:44 - [MESSAGE][PASSED] - Object 'Object Repository/ClientListingAction' is clickable

2019-03-07 16:37:44 - [TEST_STEP][PASSED] - click(findTestObject("ClientListingAction")): Object: 'Object Repository/ClientListingAction' is clicked on

2019-03-07 16:37:47 - [MESSAGE][PASSED] - Object: 'Object Repository/ClientListingAction' is clicked on

2019-03-07 16:37:47 - [TEST_STEP][PASSED] - delay(5): Delayed 5 second(s)

2019-03-07 16:37:52 - [MESSAGE][PASSED] - Delayed 5 second(s)]]></system-out>
         <system-err><![CDATA[]]></system-err>
      </testcase>
      <testcase name="Test Cases/ClientSearch" classname="Test Cases/ClientSearch" status="PASSED">
         <system-out><![CDATA[2019-03-07 16:37:52 - [TEST_CASE][PASSED] - Test Cases/ClientSearch: Test Cases/ClientSearch

2019-03-07 16:37:52 - [TEST_STEP][PASSED] - waitForElementClickable(findTestObject("ClientSearch"), 10): Object 'Object Repository/ClientSearch' is clickable

2019-03-07 16:37:52 - [MESSAGE][PASSED] - Object 'Object Repository/ClientSearch' is clickable

2019-03-07 16:37:52 - [TEST_STEP][PASSED] - click(findTestObject("ClientSearch")): Object: 'Object Repository/ClientSearch' is clicked on

2019-03-07 16:37:52 - [MESSAGE][PASSED] - Object: 'Object Repository/ClientSearch' is clicked on

2019-03-07 16:37:52 - [TEST_STEP][PASSED] - delay(5): Delayed 5 second(s)

2019-03-07 16:37:57 - [MESSAGE][PASSED] - Delayed 5 second(s)

2019-03-07 16:37:57 - [TEST_STEP][PASSED] - sendKeys(findTestObject("SearchText"), ClientName): Keys 'Dipak' sent to object: 'Object Repository/SearchText'

2019-03-07 16:37:57 - [MESSAGE][PASSED] - Keys 'Dipak' sent to object: 'Object Repository/SearchText'

2019-03-07 16:37:57 - [TEST_STEP][PASSED] - sendKeys(findTestObject("SearchText"), Keys.chord(ENTER)): Keys 'ENTER + ' sent to object: 'Object Repository/SearchText'

2019-03-07 16:37:58 - [MESSAGE][PASSED] - Keys 'ENTER + ' sent to object: 'Object Repository/SearchText'

2019-03-07 16:37:58 - [TEST_STEP][PASSED] - delay(3): Delayed 3 second(s)

2019-03-07 16:38:01 - [MESSAGE][PASSED] - Delayed 3 second(s)

2019-03-07 16:38:01 - [TEST_STEP][PASSED] - waitForElementClickable(findTestObject("ClientListingAction"), 5): Object 'Object Repository/ClientListingAction' is clickable

2019-03-07 16:38:01 - [MESSAGE][PASSED] - Object 'Object Repository/ClientListingAction' is clickable

2019-03-07 16:38:01 - [TEST_STEP][PASSED] - click(findTestObject("ClientListingAction")): Object: 'Object Repository/ClientListingAction' is clicked on

2019-03-07 16:38:03 - [MESSAGE][PASSED] - Object: 'Object Repository/ClientListingAction' is clicked on

2019-03-07 16:38:03 - [TEST_STEP][PASSED] - delay(5): Delayed 5 second(s)

2019-03-07 16:38:08 - [MESSAGE][PASSED] - Delayed 5 second(s)]]></system-out>
         <system-err><![CDATA[]]></system-err>
      </testcase>
      <testcase name="Test Cases/ClientSearch" classname="Test Cases/ClientSearch" status="PASSED">
         <system-out><![CDATA[2019-03-07 16:38:08 - [TEST_CASE][PASSED] - Test Cases/ClientSearch: Test Cases/ClientSearch

2019-03-07 16:38:08 - [TEST_STEP][PASSED] - waitForElementClickable(findTestObject("ClientSearch"), 10): Object 'Object Repository/ClientSearch' is clickable

2019-03-07 16:38:08 - [MESSAGE][PASSED] - Object 'Object Repository/ClientSearch' is clickable

2019-03-07 16:38:08 - [TEST_STEP][PASSED] - click(findTestObject("ClientSearch")): Object: 'Object Repository/ClientSearch' is clicked on

2019-03-07 16:38:09 - [MESSAGE][PASSED] - Object: 'Object Repository/ClientSearch' is clicked on

2019-03-07 16:38:09 - [TEST_STEP][PASSED] - delay(5): Delayed 5 second(s)

2019-03-07 16:38:14 - [MESSAGE][PASSED] - Delayed 5 second(s)

2019-03-07 16:38:14 - [TEST_STEP][PASSED] - sendKeys(findTestObject("SearchText"), ClientName): Keys 'Dipak' sent to object: 'Object Repository/SearchText'

2019-03-07 16:38:14 - [MESSAGE][PASSED] - Keys 'Dipak' sent to object: 'Object Repository/SearchText'

2019-03-07 16:38:14 - [TEST_STEP][PASSED] - sendKeys(findTestObject("SearchText"), Keys.chord(ENTER)): Keys 'ENTER + ' sent to object: 'Object Repository/SearchText'

2019-03-07 16:38:14 - [MESSAGE][PASSED] - Keys 'ENTER + ' sent to object: 'Object Repository/SearchText'

2019-03-07 16:38:14 - [TEST_STEP][PASSED] - delay(3): Delayed 3 second(s)

2019-03-07 16:38:17 - [MESSAGE][PASSED] - Delayed 3 second(s)

2019-03-07 16:38:17 - [TEST_STEP][PASSED] - waitForElementClickable(findTestObject("ClientListingAction"), 5): Object 'Object Repository/ClientListingAction' is clickable

2019-03-07 16:38:17 - [MESSAGE][PASSED] - Object 'Object Repository/ClientListingAction' is clickable

2019-03-07 16:38:17 - [TEST_STEP][PASSED] - click(findTestObject("ClientListingAction")): Object: 'Object Repository/ClientListingAction' is clicked on

2019-03-07 16:38:19 - [MESSAGE][PASSED] - Object: 'Object Repository/ClientListingAction' is clicked on

2019-03-07 16:38:19 - [TEST_STEP][PASSED] - delay(5): Delayed 5 second(s)

2019-03-07 16:38:24 - [MESSAGE][PASSED] - Delayed 5 second(s)]]></system-out>
         <system-err><![CDATA[]]></system-err>
      </testcase>
      <testcase name="Test Cases/ClientSearch" classname="Test Cases/ClientSearch" status="PASSED">
         <system-out><![CDATA[2019-03-07 16:38:24 - [TEST_CASE][PASSED] - Test Cases/ClientSearch: Test Cases/ClientSearch

2019-03-07 16:38:24 - [TEST_STEP][PASSED] - waitForElementClickable(findTestObject("ClientSearch"), 10): Object 'Object Repository/ClientSearch' is clickable

2019-03-07 16:38:24 - [MESSAGE][PASSED] - Object 'Object Repository/ClientSearch' is clickable

2019-03-07 16:38:24 - [TEST_STEP][PASSED] - click(findTestObject("ClientSearch")): Object: 'Object Repository/ClientSearch' is clicked on

2019-03-07 16:38:24 - [MESSAGE][PASSED] - Object: 'Object Repository/ClientSearch' is clicked on

2019-03-07 16:38:24 - [TEST_STEP][PASSED] - delay(5): Delayed 5 second(s)

2019-03-07 16:38:29 - [MESSAGE][PASSED] - Delayed 5 second(s)

2019-03-07 16:38:29 - [TEST_STEP][PASSED] - sendKeys(findTestObject("SearchText"), ClientName): Keys 'Dipak' sent to object: 'Object Repository/SearchText'

2019-03-07 16:38:29 - [MESSAGE][PASSED] - Keys 'Dipak' sent to object: 'Object Repository/SearchText'

2019-03-07 16:38:29 - [TEST_STEP][PASSED] - sendKeys(findTestObject("SearchText"), Keys.chord(ENTER)): Keys 'ENTER + ' sent to object: 'Object Repository/SearchText'

2019-03-07 16:38:29 - [MESSAGE][PASSED] - Keys 'ENTER + ' sent to object: 'Object Repository/SearchText'

2019-03-07 16:38:29 - [TEST_STEP][PASSED] - delay(3): Delayed 3 second(s)

2019-03-07 16:38:32 - [MESSAGE][PASSED] - Delayed 3 second(s)

2019-03-07 16:38:32 - [TEST_STEP][PASSED] - waitForElementClickable(findTestObject("ClientListingAction"), 5): Object 'Object Repository/ClientListingAction' is clickable

2019-03-07 16:38:32 - [MESSAGE][PASSED] - Object 'Object Repository/ClientListingAction' is clickable

2019-03-07 16:38:32 - [TEST_STEP][PASSED] - click(findTestObject("ClientListingAction")): Object: 'Object Repository/ClientListingAction' is clicked on

2019-03-07 16:38:35 - [MESSAGE][PASSED] - Object: 'Object Repository/ClientListingAction' is clicked on

2019-03-07 16:38:35 - [TEST_STEP][PASSED] - delay(5): Delayed 5 second(s)

2019-03-07 16:38:40 - [MESSAGE][PASSED] - Delayed 5 second(s)]]></system-out>
         <system-err><![CDATA[]]></system-err>
      </testcase>
      <testcase name="Test Cases/ClientSearch" classname="Test Cases/ClientSearch" status="PASSED">
         <system-out><![CDATA[2019-03-07 16:38:40 - [TEST_CASE][PASSED] - Test Cases/ClientSearch: Test Cases/ClientSearch

2019-03-07 16:38:40 - [TEST_STEP][PASSED] - waitForElementClickable(findTestObject("ClientSearch"), 10): Object 'Object Repository/ClientSearch' is clickable

2019-03-07 16:38:40 - [MESSAGE][PASSED] - Object 'Object Repository/ClientSearch' is clickable

2019-03-07 16:38:40 - [TEST_STEP][PASSED] - click(findTestObject("ClientSearch")): Object: 'Object Repository/ClientSearch' is clicked on

2019-03-07 16:38:41 - [MESSAGE][PASSED] - Object: 'Object Repository/ClientSearch' is clicked on

2019-03-07 16:38:41 - [TEST_STEP][PASSED] - delay(5): Delayed 5 second(s)

2019-03-07 16:38:46 - [MESSAGE][PASSED] - Delayed 5 second(s)

2019-03-07 16:38:46 - [TEST_STEP][PASSED] - sendKeys(findTestObject("SearchText"), ClientName): Keys 'Dipak' sent to object: 'Object Repository/SearchText'

2019-03-07 16:38:46 - [MESSAGE][PASSED] - Keys 'Dipak' sent to object: 'Object Repository/SearchText'

2019-03-07 16:38:46 - [TEST_STEP][PASSED] - sendKeys(findTestObject("SearchText"), Keys.chord(ENTER)): Keys 'ENTER + ' sent to object: 'Object Repository/SearchText'

2019-03-07 16:38:46 - [MESSAGE][PASSED] - Keys 'ENTER + ' sent to object: 'Object Repository/SearchText'

2019-03-07 16:38:46 - [TEST_STEP][PASSED] - delay(3): Delayed 3 second(s)

2019-03-07 16:38:49 - [MESSAGE][PASSED] - Delayed 3 second(s)

2019-03-07 16:38:49 - [TEST_STEP][PASSED] - waitForElementClickable(findTestObject("ClientListingAction"), 5): Object 'Object Repository/ClientListingAction' is clickable

2019-03-07 16:38:49 - [MESSAGE][PASSED] - Object 'Object Repository/ClientListingAction' is clickable

2019-03-07 16:38:49 - [TEST_STEP][PASSED] - click(findTestObject("ClientListingAction")): Object: 'Object Repository/ClientListingAction' is clicked on

2019-03-07 16:38:52 - [MESSAGE][PASSED] - Object: 'Object Repository/ClientListingAction' is clicked on

2019-03-07 16:38:52 - [TEST_STEP][PASSED] - delay(5): Delayed 5 second(s)

2019-03-07 16:38:57 - [MESSAGE][PASSED] - Delayed 5 second(s)]]></system-out>
         <system-err><![CDATA[]]></system-err>
      </testcase>
      <testcase name="Test Cases/ClientSearch" classname="Test Cases/ClientSearch" status="PASSED">
         <system-out><![CDATA[2019-03-07 16:38:57 - [TEST_CASE][PASSED] - Test Cases/ClientSearch: Test Cases/ClientSearch

2019-03-07 16:38:57 - [TEST_STEP][PASSED] - waitForElementClickable(findTestObject("ClientSearch"), 10): Object 'Object Repository/ClientSearch' is clickable

2019-03-07 16:38:57 - [MESSAGE][PASSED] - Object 'Object Repository/ClientSearch' is clickable

2019-03-07 16:38:57 - [TEST_STEP][PASSED] - click(findTestObject("ClientSearch")): Object: 'Object Repository/ClientSearch' is clicked on

2019-03-07 16:38:58 - [MESSAGE][PASSED] - Object: 'Object Repository/ClientSearch' is clicked on

2019-03-07 16:38:58 - [TEST_STEP][PASSED] - delay(5): Delayed 5 second(s)

2019-03-07 16:39:03 - [MESSAGE][PASSED] - Delayed 5 second(s)

2019-03-07 16:39:03 - [TEST_STEP][PASSED] - sendKeys(findTestObject("SearchText"), ClientName): Keys 'Dipak' sent to object: 'Object Repository/SearchText'

2019-03-07 16:39:03 - [MESSAGE][PASSED] - Keys 'Dipak' sent to object: 'Object Repository/SearchText'

2019-03-07 16:39:03 - [TEST_STEP][PASSED] - sendKeys(findTestObject("SearchText"), Keys.chord(ENTER)): Keys 'ENTER + ' sent to object: 'Object Repository/SearchText'

2019-03-07 16:39:03 - [MESSAGE][PASSED] - Keys 'ENTER + ' sent to object: 'Object Repository/SearchText'

2019-03-07 16:39:03 - [TEST_STEP][PASSED] - delay(3): Delayed 3 second(s)

2019-03-07 16:39:06 - [MESSAGE][PASSED] - Delayed 3 second(s)

2019-03-07 16:39:06 - [TEST_STEP][PASSED] - waitForElementClickable(findTestObject("ClientListingAction"), 5): Object 'Object Repository/ClientListingAction' is clickable

2019-03-07 16:39:06 - [MESSAGE][PASSED] - Object 'Object Repository/ClientListingAction' is clickable

2019-03-07 16:39:06 - [TEST_STEP][PASSED] - click(findTestObject("ClientListingAction")): Object: 'Object Repository/ClientListingAction' is clicked on

2019-03-07 16:39:09 - [MESSAGE][PASSED] - Object: 'Object Repository/ClientListingAction' is clicked on

2019-03-07 16:39:09 - [TEST_STEP][PASSED] - delay(5): Delayed 5 second(s)

2019-03-07 16:39:14 - [MESSAGE][PASSED] - Delayed 5 second(s)]]></system-out>
         <system-err><![CDATA[]]></system-err>
      </testcase>
      <testcase name="Test Cases/ClientSearch" classname="Test Cases/ClientSearch" status="PASSED">
         <system-out><![CDATA[2019-03-07 16:39:14 - [TEST_CASE][PASSED] - Test Cases/ClientSearch: Test Cases/ClientSearch

2019-03-07 16:39:14 - [TEST_STEP][PASSED] - waitForElementClickable(findTestObject("ClientSearch"), 10): Object 'Object Repository/ClientSearch' is clickable

2019-03-07 16:39:14 - [MESSAGE][PASSED] - Object 'Object Repository/ClientSearch' is clickable

2019-03-07 16:39:14 - [TEST_STEP][PASSED] - click(findTestObject("ClientSearch")): Object: 'Object Repository/ClientSearch' is clicked on

2019-03-07 16:39:15 - [MESSAGE][PASSED] - Object: 'Object Repository/ClientSearch' is clicked on

2019-03-07 16:39:15 - [TEST_STEP][PASSED] - delay(5): Delayed 5 second(s)

2019-03-07 16:39:20 - [MESSAGE][PASSED] - Delayed 5 second(s)

2019-03-07 16:39:20 - [TEST_STEP][PASSED] - sendKeys(findTestObject("SearchText"), ClientName): Keys 'Dipak' sent to object: 'Object Repository/SearchText'

2019-03-07 16:39:20 - [MESSAGE][PASSED] - Keys 'Dipak' sent to object: 'Object Repository/SearchText'

2019-03-07 16:39:20 - [TEST_STEP][PASSED] - sendKeys(findTestObject("SearchText"), Keys.chord(ENTER)): Keys 'ENTER + ' sent to object: 'Object Repository/SearchText'

2019-03-07 16:39:20 - [MESSAGE][PASSED] - Keys 'ENTER + ' sent to object: 'Object Repository/SearchText'

2019-03-07 16:39:20 - [TEST_STEP][PASSED] - delay(3): Delayed 3 second(s)

2019-03-07 16:39:23 - [MESSAGE][PASSED] - Delayed 3 second(s)

2019-03-07 16:39:23 - [TEST_STEP][PASSED] - waitForElementClickable(findTestObject("ClientListingAction"), 5): Object 'Object Repository/ClientListingAction' is clickable

2019-03-07 16:39:23 - [MESSAGE][PASSED] - Object 'Object Repository/ClientListingAction' is clickable

2019-03-07 16:39:23 - [TEST_STEP][PASSED] - click(findTestObject("ClientListingAction")): Object: 'Object Repository/ClientListingAction' is clicked on

2019-03-07 16:39:26 - [MESSAGE][PASSED] - Object: 'Object Repository/ClientListingAction' is clicked on

2019-03-07 16:39:26 - [TEST_STEP][PASSED] - delay(5): Delayed 5 second(s)

2019-03-07 16:39:31 - [MESSAGE][PASSED] - Delayed 5 second(s)]]></system-out>
         <system-err><![CDATA[]]></system-err>
      </testcase>
      <system-out><![CDATA[2019-03-07 16:36:07 - [TEST_SUITE][PASSED] - BuyProcess: Test Cases/ClientSearch]]></system-out>
      <system-err><![CDATA[]]></system-err>
   </testsuite>
</testsuites>
