<?xml version="1.0" encoding="UTF-8"?>
<testsuites name="BuyProcess" time="44" tests="3" failures="0" errors="0">
   <testsuite name="BuyProcess" tests="3" failures="0" errors="0" time="44" timestamp="2019-02-21 19:05:59" hostname="dipak - DIPAKDAS-PC.indusnettechnologies.com" id="Test Suites/BuyProcess">
      <properties>
         <property name="deviceName" value=""/>
         <property name="devicePlatform" value=""/>
         <property name="logFolder" value="C:\\Users\\dipak\\Katalon Studio\\MarkitCore\\Reports\\BuyProcess\\20190221_190553"/>
         <property name="logFiles" value="C:\\Users\\dipak\\Katalon Studio\\MarkitCore\\Reports\\BuyProcess\\20190221_190553\\execution0.log"/>
         <property name="attachments" value=""/>
         <property name="hostName" value="dipak - DIPAKDAS-PC.indusnettechnologies.com"/>
         <property name="os" value="Windows 7 32bit"/>
         <property name="katalonVersion" value="5.10.1.1"/>
         <property name="browser" value="Chrome 72.0.3626.109"/>
         <property name="hostAddress" value="10.0.12.237"/>
         <property name="sessionId" value="c7168f61060288442f355323d5022a4d"/>
         <property name="seleniumVersion" value="3.7.1"/>
         <property name="proxyInformation" value="ProxyInformation{proxyOption=NO_PROXY, proxyServerType=HTTP, password=, proxyServerAddress=, proxyServerPort=0}"/>
         <property name="platform" value="Windows 7"/>
      </properties>
      <testcase name="Test Cases/Login" classname="Test Cases/Login" status="PASSED">
         <system-out><![CDATA[2019-02-21 19:05:59 - [TEST_CASE][PASSED] - Test Cases/Login: Test Cases/Login

2019-02-21 19:05:59 - [TEST_STEP][PASSED] - openBrowser("https://dev.markit-systems.com/markit_coreV2/Sites/CoreTest/login/admin_display"): Browser is opened with url: 'https://dev.markit-systems.com/markit_coreV2/Sites/CoreTest/login/admin_display'

2019-02-21 19:06:00 - [MESSAGE][INFO] - Starting 'Chrome' driver

2019-02-21 19:06:00 - [MESSAGE][INFO] - Action delay is set to 0 seconds

2019-02-21 19:06:12 - [MESSAGE][PASSED] - Browser is opened with url: 'https://dev.markit-systems.com/markit_coreV2/Sites/CoreTest/login/admin_display'

2019-02-21 19:06:12 - [TEST_STEP][PASSED] - maximizeWindow(): Current window maximized

2019-02-21 19:06:13 - [MESSAGE][PASSED] - Current window maximized

2019-02-21 19:06:13 - [TEST_STEP][PASSED] - delay(4): Delayed 4 second(s)

2019-02-21 19:06:17 - [MESSAGE][PASSED] - Delayed 4 second(s)

2019-02-21 19:06:17 - [TEST_STEP][PASSED] - setText(findTestObject("Username"), "dDasTester"): Text 'dDasTester' is set on object 'Object Repository/Username'

2019-02-21 19:06:17 - [MESSAGE][PASSED] - Text 'dDasTester' is set on object 'Object Repository/Username'

2019-02-21 19:06:17 - [TEST_STEP][PASSED] - setText(findTestObject("Password"), "Czybm6R*"): Text 'Czybm6R*' is set on object 'Object Repository/Password'

2019-02-21 19:06:17 - [MESSAGE][PASSED] - Text 'Czybm6R*' is set on object 'Object Repository/Password'

2019-02-21 19:06:17 - [TEST_STEP][PASSED] - click(findTestObject("LoginButton")): Object: 'Object Repository/LoginButton' is clicked on

2019-02-21 19:06:23 - [MESSAGE][PASSED] - Object: 'Object Repository/LoginButton' is clicked on

2019-02-21 19:06:23 - [TEST_STEP][PASSED] - delay(3): Delayed 3 second(s)

2019-02-21 19:06:26 - [MESSAGE][PASSED] - Delayed 3 second(s)]]></system-out>
         <system-err><![CDATA[]]></system-err>
      </testcase>
      <testcase name="Test Cases/ClientSearch" classname="Test Cases/ClientSearch" status="PASSED">
         <system-out><![CDATA[2019-02-21 19:06:26 - [TEST_CASE][PASSED] - Test Cases/ClientSearch: Test Cases/ClientSearch

2019-02-21 19:06:26 - [TEST_STEP][PASSED] - click(findTestObject("ClientSearch")): Object: 'Object Repository/ClientSearch' is clicked on

2019-02-21 19:06:27 - [MESSAGE][PASSED] - Object: 'Object Repository/ClientSearch' is clicked on

2019-02-21 19:06:27 - [TEST_STEP][PASSED] - delay(2): Delayed 2 second(s)

2019-02-21 19:06:29 - [MESSAGE][PASSED] - Delayed 2 second(s)

2019-02-21 19:06:29 - [TEST_STEP][PASSED] - sendKeys(findTestObject("SearchText"), "Dipak"): Keys 'Dipak' sent to object: 'Object Repository/SearchText'

2019-02-21 19:06:30 - [MESSAGE][PASSED] - Keys 'Dipak' sent to object: 'Object Repository/SearchText'

2019-02-21 19:06:30 - [TEST_STEP][PASSED] - sendKeys(findTestObject("SearchText"), Keys.chord(ENTER)): Keys 'ENTER + ' sent to object: 'Object Repository/SearchText'

2019-02-21 19:06:30 - [MESSAGE][PASSED] - Keys 'ENTER + ' sent to object: 'Object Repository/SearchText'

2019-02-21 19:06:30 - [TEST_STEP][PASSED] - delay(2): Delayed 2 second(s)

2019-02-21 19:06:32 - [MESSAGE][PASSED] - Delayed 2 second(s)

2019-02-21 19:06:32 - [TEST_STEP][PASSED] - click(findTestObject("ClientListingAction")): Object: 'Object Repository/ClientListingAction' is clicked on

2019-02-21 19:06:32 - [MESSAGE][PASSED] - Object: 'Object Repository/ClientListingAction' is clicked on

2019-02-21 19:06:32 - [TEST_STEP][PASSED] - delay(5): Delayed 5 second(s)

2019-02-21 19:06:37 - [MESSAGE][PASSED] - Delayed 5 second(s)]]></system-out>
         <system-err><![CDATA[]]></system-err>
      </testcase>
      <testcase name="Test Cases/StartQuote" classname="Test Cases/StartQuote" status="PASSED">
         <system-out><![CDATA[2019-02-21 19:06:37 - [TEST_CASE][PASSED] - Test Cases/StartQuote: Test Cases/StartQuote

2019-02-21 19:06:38 - [TEST_STEP][PASSED] - click(findTestObject("StartQuote")): Object: 'Object Repository/StartQuote' is clicked on

2019-02-21 19:06:39 - [MESSAGE][PASSED] - Object: 'Object Repository/StartQuote' is clicked on

2019-02-21 19:06:39 - [TEST_STEP][PASSED] - delay(3): Delayed 3 second(s)

2019-02-21 19:06:42 - [MESSAGE][PASSED] - Delayed 3 second(s)]]></system-out>
         <system-err><![CDATA[]]></system-err>
      </testcase>
      <system-out><![CDATA[2019-02-21 19:05:59 - [TEST_SUITE][PASSED] - BuyProcess: Test Cases/StartQuote]]></system-out>
      <system-err><![CDATA[]]></system-err>
   </testsuite>
</testsuites>
