<?xml version="1.0" encoding="UTF-8"?>
<testsuites name="BuyProcess" time="47" tests="1" failures="0" errors="0">
   <testsuite name="BuyProcess" tests="1" failures="0" errors="0" time="47" timestamp="2019-03-11 12:07:14" hostname="dipak - DIPAKDAS-PC.indusnettechnologies.com" id="Test Suites/BuyProcess">
      <properties>
         <property name="deviceName" value=""/>
         <property name="devicePlatform" value=""/>
         <property name="logFolder" value="E:\\MarkitCore\\Katalon\\Katalon\\MarkitCore\\Reports\\BuyProcess\\20190311_120713"/>
         <property name="logFiles" value="E:\\MarkitCore\\Katalon\\Katalon\\MarkitCore\\Reports\\BuyProcess\\20190311_120713\\execution0.log"/>
         <property name="attachments" value=""/>
         <property name="hostName" value="dipak - DIPAKDAS-PC.indusnettechnologies.com"/>
         <property name="os" value="Windows 7 32bit"/>
         <property name="katalonVersion" value="6.0.5.4"/>
         <property name="browser" value="Chrome 72.0.3626.121"/>
         <property name="hostAddress" value="10.0.12.237"/>
         <property name="sessionId" value="bef88e05c8a6c507a7226d9f123aa1b6"/>
         <property name="seleniumVersion" value="3.7.1"/>
         <property name="proxyInformation" value="ProxyInformation{proxyOption=NO_PROXY, proxyServerType=HTTP, password=, proxyServerAddress=, proxyServerPort=0}"/>
         <property name="platform" value="Windows 7"/>
      </properties>
      <testcase name="Test Cases/TC-RegressionDataDrivenScriptMode" classname="Test Cases/TC-RegressionDataDrivenScriptMode" status="PASSED">
         <system-out><![CDATA[2019-03-11 12:07:15 - [TEST_CASE][PASSED] - Test Cases/TC-RegressionDataDrivenScriptMode: Test Cases/TC-RegressionDataDrivenScriptMode

2019-03-11 12:07:15 - [TEST_STEP][PASSED] - openBrowser("https://dev.markit-systems.com/markit_coreV2/Sites/CoreTest/login/admin_display"): Browser is opened with url: 'https://dev.markit-systems.com/markit_coreV2/Sites/CoreTest/login/admin_display'

2019-03-11 12:07:15 - [MESSAGE][INFO] - Starting 'Chrome' driver

2019-03-11 12:07:15 - [MESSAGE][INFO] - Action delay is set to 0 seconds

2019-03-11 12:07:23 - [MESSAGE][PASSED] - Browser is opened with url: 'https://dev.markit-systems.com/markit_coreV2/Sites/CoreTest/login/admin_display'

2019-03-11 12:07:23 - [TEST_STEP][PASSED] - maximizeWindow(): Current window maximized

2019-03-11 12:07:23 - [MESSAGE][PASSED] - Current window maximized

2019-03-11 12:07:23 - [TEST_STEP][PASSED] - waitForPageLoad(4): Wait for page load successfully

2019-03-11 12:07:23 - [MESSAGE][PASSED] - Wait for page load successfully

2019-03-11 12:07:23 - [TEST_STEP][PASSED] - setText(findTestObject("Username"), "dDasTester"): Text 'dDasTester' is set on object 'Object Repository/Username'

2019-03-11 12:07:23 - [MESSAGE][PASSED] - Text 'dDasTester' is set on object 'Object Repository/Username'

2019-03-11 12:07:23 - [TEST_STEP][PASSED] - delay(2): Delayed 2 second(s)

2019-03-11 12:07:25 - [MESSAGE][PASSED] - Delayed 2 second(s)

2019-03-11 12:07:25 - [TEST_STEP][PASSED] - setText(findTestObject("Password"), "Czybm6R*"): Text 'Czybm6R*' is set on object 'Object Repository/Password'

2019-03-11 12:07:25 - [MESSAGE][PASSED] - Text 'Czybm6R*' is set on object 'Object Repository/Password'

2019-03-11 12:07:25 - [TEST_STEP][PASSED] - delay(3, STOP_ON_FAILURE): Delayed 3 second(s)

2019-03-11 12:07:28 - [MESSAGE][PASSED] - Delayed 3 second(s)

2019-03-11 12:07:28 - [TEST_STEP][PASSED] - click(findTestObject("LoginButton")): Object: 'Object Repository/LoginButton' is clicked on

2019-03-11 12:07:35 - [MESSAGE][PASSED] - Object: 'Object Repository/LoginButton' is clicked on

2019-03-11 12:07:35 - [TEST_STEP][PASSED] - delay(3): Delayed 3 second(s)

2019-03-11 12:07:38 - [MESSAGE][PASSED] - Delayed 3 second(s)

2019-03-11 12:07:38 - [TEST_STEP][PASSED] - waitForElementClickable(findTestObject("ClientSearch"), 10): Object 'Object Repository/ClientSearch' is clickable

2019-03-11 12:07:38 - [MESSAGE][PASSED] - Object 'Object Repository/ClientSearch' is clickable

2019-03-11 12:07:38 - [TEST_STEP][PASSED] - click(findTestObject("ClientSearch")): Object: 'Object Repository/ClientSearch' is clicked on

2019-03-11 12:07:40 - [MESSAGE][PASSED] - Object: 'Object Repository/ClientSearch' is clicked on

2019-03-11 12:07:40 - [TEST_STEP][PASSED] - delay(5): Delayed 5 second(s)

2019-03-11 12:07:45 - [MESSAGE][PASSED] - Delayed 5 second(s)

2019-03-11 12:07:45 - [TEST_STEP][PASSED] - sendKeys(findTestObject("SearchText"), "Dipak"): Keys 'Dipak' sent to object: 'Object Repository/SearchText'

2019-03-11 12:07:45 - [MESSAGE][PASSED] - Keys 'Dipak' sent to object: 'Object Repository/SearchText'

2019-03-11 12:07:45 - [TEST_STEP][PASSED] - delay(2): Delayed 2 second(s)

2019-03-11 12:07:47 - [MESSAGE][PASSED] - Delayed 2 second(s)

2019-03-11 12:07:47 - [TEST_STEP][PASSED] - sendKeys(findTestObject("SearchText"), Keys.chord(ENTER)): Keys 'ENTER + ' sent to object: 'Object Repository/SearchText'

2019-03-11 12:07:47 - [MESSAGE][PASSED] - Keys 'ENTER + ' sent to object: 'Object Repository/SearchText'

2019-03-11 12:07:47 - [TEST_STEP][PASSED] - delay(4): Delayed 4 second(s)

2019-03-11 12:07:51 - [MESSAGE][PASSED] - Delayed 4 second(s)

2019-03-11 12:07:51 - [TEST_STEP][PASSED] - waitForElementClickable(findTestObject("ClientListingAction"), 5): Object 'Object Repository/ClientListingAction' is clickable

2019-03-11 12:07:51 - [MESSAGE][PASSED] - Object 'Object Repository/ClientListingAction' is clickable

2019-03-11 12:07:51 - [TEST_STEP][PASSED] - click(findTestObject("ClientListingAction")): Object: 'Object Repository/ClientListingAction' is clicked on

2019-03-11 12:07:52 - [MESSAGE][PASSED] - Object: 'Object Repository/ClientListingAction' is clicked on

2019-03-11 12:07:52 - [TEST_STEP][PASSED] - delay(5): Delayed 5 second(s)

2019-03-11 12:07:57 - [MESSAGE][PASSED] - Delayed 5 second(s)

2019-03-11 12:07:57 - [TEST_STEP][PASSED] - click(findTestObject("StartQuote")): Object: 'Object Repository/StartQuote' is clicked on

2019-03-11 12:08:00 - [MESSAGE][PASSED] - Object: 'Object Repository/StartQuote' is clicked on

2019-03-11 12:08:00 - [TEST_STEP][PASSED] - excelData = findTestData("Data Files/Quote"): null

2019-03-11 12:08:00 - [TEST_STEP][PASSED] - waitForPageLoad(5): Wait for page load successfully

2019-03-11 12:08:00 - [MESSAGE][PASSED] - Wait for page load successfully

2019-03-11 12:08:00 - [TEST_STEP][PASSED] - waitForElementClickable(findTestObject("GeneralInformation/currency"), 3): Object 'Object Repository/GeneralInformation/currency' is clickable

2019-03-11 12:08:00 - [MESSAGE][PASSED] - Object 'Object Repository/GeneralInformation/currency' is clickable

2019-03-11 12:08:00 - [TEST_STEP][PASSED] - selectOptionByLabel(findTestObject("GeneralInformation/currency"), excelData.getValue("Currency", 1), false): All options with label 'USD' are selected in object 'Object Repository/GeneralInformation/currency' 

2019-03-11 12:08:01 - [MESSAGE][PASSED] - All options with label 'USD' are selected in object 'Object Repository/GeneralInformation/currency' 

2019-03-11 12:08:01 - [TEST_STEP][PASSED] - selectOptionByLabel(findTestObject("Object Repository/GeneralInformation/SelectBroker"), excelData.getValue("BrokerName", 1), false): All options with label 'New Broker' are selected in object 'Object Repository/GeneralInformation/SelectBroker' 

2019-03-11 12:08:01 - [MESSAGE][PASSED] - All options with label 'New Broker' are selected in object 'Object Repository/GeneralInformation/SelectBroker' 

2019-03-11 12:08:01 - [TEST_STEP][PASSED] - waitForPageLoad(10): Wait for page load successfully

2019-03-11 12:08:01 - [MESSAGE][PASSED] - Wait for page load successfully

2019-03-11 12:08:01 - [TEST_STEP][PASSED] - scrollToElement(findTestObject("GeneralInformation/SelectProduct"), 3): Scroll to object 'Object Repository/GeneralInformation/SelectProduct' successfully

2019-03-11 12:08:01 - [MESSAGE][PASSED] - Scroll to object 'Object Repository/GeneralInformation/SelectProduct' successfully

2019-03-11 12:08:01 - [TEST_STEP][PASSED] - selectOptionByLabel(findTestObject("GeneralInformation/SelectProduct"), excelData.getValue("ProductName", 1), false): All options with label 'BasicDemoProduct' are selected in object 'Object Repository/GeneralInformation/SelectProduct' 

2019-03-11 12:08:01 - [MESSAGE][PASSED] - All options with label 'BasicDemoProduct' are selected in object 'Object Repository/GeneralInformation/SelectProduct' 

2019-03-11 12:08:01 - [TEST_STEP][NOT_RUN] - selectOptionByLabel(findTestObject("Object Repository/GeneralInformation/SelectProduct"), excelData.getValue("ProductName", 1), false): NOT_RUN: selectOptionByLabel(findTestObject("Object Repository/GeneralInformation/SelectProduct"), excelData.getValue("ProductName", 1), false)

2019-03-11 12:08:01 - [MESSAGE][NOT_RUN] - NOT_RUN: selectOptionByLabel(findTestObject("Object Repository/GeneralInformation/SelectProduct"), excelData.getValue("ProductName", 1), false)

2019-03-11 12:08:01 - [TEST_STEP][PASSED] - waitForPageLoad(10): Wait for page load successfully

2019-03-11 12:08:01 - [MESSAGE][PASSED] - Wait for page load successfully

2019-03-11 12:08:01 - [TEST_STEP][NOT_RUN] - selectOptionByLabel(findTestObject("Object Repository/GeneralInformation/PolicyTerm"), excelData.getValue("Term", 1), false): NOT_RUN: selectOptionByLabel(findTestObject("Object Repository/GeneralInformation/PolicyTerm"), excelData.getValue("Term", 1), false)

2019-03-11 12:08:01 - [MESSAGE][NOT_RUN] - NOT_RUN: selectOptionByLabel(findTestObject("Object Repository/GeneralInformation/PolicyTerm"), excelData.getValue("Term", 1), false)

2019-03-11 12:08:01 - [TEST_STEP][NOT_RUN] - delay(5): NOT_RUN: delay(5)

2019-03-11 12:08:01 - [MESSAGE][NOT_RUN] - NOT_RUN: delay(5)]]></system-out>
         <system-err><![CDATA[]]></system-err>
      </testcase>
      <system-out><![CDATA[2019-03-11 12:07:14 - [TEST_SUITE][PASSED] - BuyProcess: Test Cases/TC-RegressionDataDrivenScriptMode]]></system-out>
      <system-err><![CDATA[]]></system-err>
   </testsuite>
</testsuites>
