<?xml version="1.0" encoding="UTF-8"?>
<testsuites name="BuyProcess" time="252" tests="4" failures="0" errors="0">
   <testsuite name="BuyProcess" tests="4" failures="0" errors="0" time="252" timestamp="2019-03-26 19:03:22" hostname="dipak - DIPAKDAS-PC.indusnettechnologies.com" id="Test Suites/BuyProcess">
      <properties>
         <property name="deviceName" value=""/>
         <property name="devicePlatform" value=""/>
         <property name="logFolder" value="E:\\MarkitCore\\Katalon\\Katalon\\MarkitCore\\Reports\\BuyProcess\\20190326_190321"/>
         <property name="logFiles" value="E:\\MarkitCore\\Katalon\\Katalon\\MarkitCore\\Reports\\BuyProcess\\20190326_190321\\execution0.log"/>
         <property name="attachments" value=""/>
         <property name="hostName" value="dipak - DIPAKDAS-PC.indusnettechnologies.com"/>
         <property name="os" value="Windows 7 32bit"/>
         <property name="katalonVersion" value="6.0.5.4"/>
         <property name="browser" value="Chrome 73.0.3683.86"/>
         <property name="hostAddress" value="10.0.12.237"/>
         <property name="sessionId" value="61e6b10cf8981310cb2df9cddc918a09"/>
         <property name="seleniumVersion" value="3.7.1"/>
         <property name="proxyInformation" value="ProxyInformation{proxyOption=NO_PROXY, proxyServerType=HTTP, password=, proxyServerAddress=, proxyServerPort=0}"/>
         <property name="platform" value="Windows 7"/>
      </properties>
      <testcase name="Test Cases/Login" classname="Test Cases/Login" status="PASSED">
         <system-out><![CDATA[2019-03-26 19:03:23 - [TEST_CASE][PASSED] - Test Cases/Login: Test Cases/Login

2019-03-26 19:03:23 - [TEST_STEP][PASSED] - openBrowser("https://dev.markit-systems.com/markit_coreV2/Sites/CoreTest/login/admin_display"): Browser is opened with url: 'https://dev.markit-systems.com/markit_coreV2/Sites/CoreTest/login/admin_display'

2019-03-26 19:03:23 - [MESSAGE][INFO] - Starting 'Chrome' driver

2019-03-26 19:03:23 - [MESSAGE][INFO] - Action delay is set to 0 seconds

2019-03-26 19:03:31 - [MESSAGE][PASSED] - Browser is opened with url: 'https://dev.markit-systems.com/markit_coreV2/Sites/CoreTest/login/admin_display'

2019-03-26 19:03:31 - [TEST_STEP][PASSED] - maximizeWindow(): Current window maximized

2019-03-26 19:03:31 - [MESSAGE][PASSED] - Current window maximized

2019-03-26 19:03:31 - [TEST_STEP][PASSED] - waitForPageLoad(4): Wait for page load successfully

2019-03-26 19:03:31 - [MESSAGE][PASSED] - Wait for page load successfully

2019-03-26 19:03:31 - [TEST_STEP][PASSED] - setText(findTestObject("Username"), "dDasTester"): Text 'dDasTester' is set on object 'Object Repository/Username'

2019-03-26 19:03:32 - [MESSAGE][PASSED] - Text 'dDasTester' is set on object 'Object Repository/Username'

2019-03-26 19:03:32 - [TEST_STEP][PASSED] - delay(2): Delayed 2 second(s)

2019-03-26 19:03:34 - [MESSAGE][PASSED] - Delayed 2 second(s)

2019-03-26 19:03:34 - [TEST_STEP][PASSED] - setText(findTestObject("Password"), "Czybm6R*"): Text 'Czybm6R*' is set on object 'Object Repository/Password'

2019-03-26 19:03:34 - [MESSAGE][PASSED] - Text 'Czybm6R*' is set on object 'Object Repository/Password'

2019-03-26 19:03:34 - [TEST_STEP][PASSED] - delay(3, STOP_ON_FAILURE): Delayed 3 second(s)

2019-03-26 19:03:37 - [MESSAGE][PASSED] - Delayed 3 second(s)

2019-03-26 19:03:37 - [TEST_STEP][PASSED] - click(findTestObject("LoginButton")): Object: 'Object Repository/LoginButton' is clicked on

2019-03-26 19:03:43 - [MESSAGE][PASSED] - Object: 'Object Repository/LoginButton' is clicked on

2019-03-26 19:03:43 - [TEST_STEP][PASSED] - delay(3): Delayed 3 second(s)

2019-03-26 19:03:46 - [MESSAGE][PASSED] - Delayed 3 second(s)]]></system-out>
         <system-err><![CDATA[]]></system-err>
      </testcase>
      <testcase name="Test Cases/ClientSearch" classname="Test Cases/ClientSearch" status="PASSED">
         <system-out><![CDATA[2019-03-26 19:03:47 - [TEST_CASE][PASSED] - Test Cases/ClientSearch: Test Cases/ClientSearch

2019-03-26 19:03:47 - [TEST_STEP][PASSED] - waitForElementClickable(findTestObject("ClientSearch"), 10): Object 'Object Repository/ClientSearch' is clickable

2019-03-26 19:03:47 - [MESSAGE][PASSED] - Object 'Object Repository/ClientSearch' is clickable

2019-03-26 19:03:47 - [TEST_STEP][PASSED] - click(findTestObject("ClientSearch")): Object: 'Object Repository/ClientSearch' is clicked on

2019-03-26 19:03:49 - [MESSAGE][PASSED] - Object: 'Object Repository/ClientSearch' is clicked on

2019-03-26 19:03:49 - [TEST_STEP][PASSED] - delay(5): Delayed 5 second(s)

2019-03-26 19:03:54 - [MESSAGE][PASSED] - Delayed 5 second(s)

2019-03-26 19:03:54 - [TEST_STEP][PASSED] - sendKeys(findTestObject("SearchText"), "Dipak"): Keys 'Dipak' sent to object: 'Object Repository/SearchText'

2019-03-26 19:03:54 - [MESSAGE][PASSED] - Keys 'Dipak' sent to object: 'Object Repository/SearchText'

2019-03-26 19:03:54 - [TEST_STEP][PASSED] - delay(2): Delayed 2 second(s)

2019-03-26 19:03:56 - [MESSAGE][PASSED] - Delayed 2 second(s)

2019-03-26 19:03:56 - [TEST_STEP][PASSED] - sendKeys(findTestObject("SearchText"), Keys.chord(ENTER)): Keys 'ENTER + ' sent to object: 'Object Repository/SearchText'

2019-03-26 19:03:56 - [MESSAGE][PASSED] - Keys 'ENTER + ' sent to object: 'Object Repository/SearchText'

2019-03-26 19:03:56 - [TEST_STEP][PASSED] - delay(3): Delayed 3 second(s)

2019-03-26 19:03:59 - [MESSAGE][PASSED] - Delayed 3 second(s)

2019-03-26 19:03:59 - [TEST_STEP][PASSED] - waitForElementClickable(findTestObject("ClientListingAction"), 5): Object 'Object Repository/ClientListingAction' is clickable

2019-03-26 19:03:59 - [MESSAGE][PASSED] - Object 'Object Repository/ClientListingAction' is clickable

2019-03-26 19:03:59 - [TEST_STEP][PASSED] - click(findTestObject("ClientListingAction")): Object: 'Object Repository/ClientListingAction' is clicked on

2019-03-26 19:04:04 - [MESSAGE][PASSED] - Object: 'Object Repository/ClientListingAction' is clicked on

2019-03-26 19:04:04 - [TEST_STEP][PASSED] - delay(5): Delayed 5 second(s)

2019-03-26 19:04:09 - [MESSAGE][PASSED] - Delayed 5 second(s)]]></system-out>
         <system-err><![CDATA[]]></system-err>
      </testcase>
      <testcase name="Test Cases/StartQuote" classname="Test Cases/StartQuote" status="PASSED">
         <system-out><![CDATA[2019-03-26 19:04:09 - [TEST_CASE][PASSED] - Test Cases/StartQuote: Test Cases/StartQuote

2019-03-26 19:04:10 - [TEST_STEP][PASSED] - log = new com.kms.katalon.core.logging.KeywordLogger(): null

2019-03-26 19:04:10 - [TEST_STEP][PASSED] - waitForPageLoad(10, STOP_ON_FAILURE): Wait for page load successfully

2019-03-26 19:04:10 - [MESSAGE][PASSED] - Wait for page load successfully

2019-03-26 19:04:10 - [TEST_STEP][PASSED] - i = 1: null

2019-03-26 19:04:10 - [TEST_STEP][PASSED] - click(findTestObject("StartQuote")): Object: 'Object Repository/StartQuote' is clicked on

2019-03-26 19:04:12 - [MESSAGE][PASSED] - Object: 'Object Repository/StartQuote' is clicked on

2019-03-26 19:04:12 - [TEST_STEP][PASSED] - waitForJQueryLoad(5): jQuery is ready.

2019-03-26 19:04:13 - [MESSAGE][PASSED] - jQuery is ready.

2019-03-26 19:04:13 - [TEST_STEP][PASSED] - selectOptionByLabel(findTestObject("GeneralInformation/currency"), var_currency, false): All options with label 'USD' are selected in object 'Object Repository/GeneralInformation/currency' 

2019-03-26 19:04:13 - [MESSAGE][PASSED] - All options with label 'USD' are selected in object 'Object Repository/GeneralInformation/currency' 

2019-03-26 19:04:13 - [TEST_STEP][PASSED] - delay(5): Delayed 5 second(s)

2019-03-26 19:04:18 - [MESSAGE][PASSED] - Delayed 5 second(s)

2019-03-26 19:04:18 - [TEST_STEP][PASSED] - click(findTestObject("GeneralInformation/SelectBroker")): Object: 'Object Repository/GeneralInformation/SelectBroker' is clicked on

2019-03-26 19:04:18 - [MESSAGE][PASSED] - Object: 'Object Repository/GeneralInformation/SelectBroker' is clicked on

2019-03-26 19:04:18 - [TEST_STEP][PASSED] - selectOptionByLabel(findTestObject("GeneralInformation/SelectBroker"), BrokerName, false): All options with label 'New Broker' are selected in object 'Object Repository/GeneralInformation/SelectBroker' 

2019-03-26 19:04:18 - [MESSAGE][PASSED] - All options with label 'New Broker' are selected in object 'Object Repository/GeneralInformation/SelectBroker' 

2019-03-26 19:04:18 - [TEST_STEP][PASSED] - delay(5): Delayed 5 second(s)

2019-03-26 19:04:23 - [MESSAGE][PASSED] - Delayed 5 second(s)

2019-03-26 19:04:23 - [TEST_STEP][PASSED] - click(findTestObject("GeneralInformation/SelectProduct")): Object: 'Object Repository/GeneralInformation/SelectProduct' is clicked on

2019-03-26 19:04:23 - [MESSAGE][PASSED] - Object: 'Object Repository/GeneralInformation/SelectProduct' is clicked on

2019-03-26 19:04:23 - [TEST_STEP][PASSED] - waitForJQueryLoad(5): jQuery is ready.

2019-03-26 19:04:23 - [MESSAGE][PASSED] - jQuery is ready.

2019-03-26 19:04:23 - [TEST_STEP][PASSED] - selectOptionByLabel(findTestObject("GeneralInformation/SelectProduct"), ProductName, false): All options with label 'BasicDemoProduct' are selected in object 'Object Repository/GeneralInformation/SelectProduct' 

2019-03-26 19:04:23 - [MESSAGE][PASSED] - All options with label 'BasicDemoProduct' are selected in object 'Object Repository/GeneralInformation/SelectProduct' 

2019-03-26 19:04:23 - [TEST_STEP][PASSED] - waitForJQueryLoad(5): jQuery is ready.

2019-03-26 19:04:24 - [MESSAGE][PASSED] - jQuery is ready.

2019-03-26 19:04:24 - [TEST_STEP][NOT_RUN] - delay(3): NOT_RUN: delay(3)

2019-03-26 19:04:24 - [MESSAGE][NOT_RUN] - NOT_RUN: delay(3)

2019-03-26 19:04:24 - [TEST_STEP][PASSED] - click(findTestObject("GeneralInformation/PolicyTerm")): Object: 'Object Repository/GeneralInformation/PolicyTerm' is clicked on

2019-03-26 19:04:25 - [MESSAGE][PASSED] - Object: 'Object Repository/GeneralInformation/PolicyTerm' is clicked on

2019-03-26 19:04:25 - [TEST_STEP][PASSED] - delay(5): Delayed 5 second(s)

2019-03-26 19:04:30 - [MESSAGE][PASSED] - Delayed 5 second(s)

2019-03-26 19:04:30 - [TEST_STEP][PASSED] - selectOptionByLabel(findTestObject("GeneralInformation/PolicyTerm"), Term, false): All options with label 'Yearly' are selected in object 'Object Repository/GeneralInformation/PolicyTerm' 

2019-03-26 19:04:30 - [MESSAGE][PASSED] - All options with label 'Yearly' are selected in object 'Object Repository/GeneralInformation/PolicyTerm' 

2019-03-26 19:04:30 - [TEST_STEP][PASSED] - waitForJQueryLoad(10): jQuery is ready.

2019-03-26 19:04:31 - [MESSAGE][PASSED] - jQuery is ready.

2019-03-26 19:04:31 - [TEST_STEP][PASSED] - click(findTestObject("GeneralInformation/PolicyStartDate")): Object: 'Object Repository/GeneralInformation/PolicyStartDate' is clicked on

2019-03-26 19:04:31 - [MESSAGE][PASSED] - Object: 'Object Repository/GeneralInformation/PolicyStartDate' is clicked on

2019-03-26 19:04:31 - [TEST_STEP][PASSED] - click(findTestObject("GeneralInformation/Policy_Start_Year")): Object: 'Object Repository/GeneralInformation/Policy_Start_Year' is clicked on

2019-03-26 19:04:31 - [MESSAGE][PASSED] - Object: 'Object Repository/GeneralInformation/Policy_Start_Year' is clicked on

2019-03-26 19:04:31 - [TEST_STEP][PASSED] - click(findTestObject("GeneralInformation/Policy_Start_Month")): Object: 'Object Repository/GeneralInformation/Policy_Start_Month' is clicked on

2019-03-26 19:04:31 - [MESSAGE][PASSED] - Object: 'Object Repository/GeneralInformation/Policy_Start_Month' is clicked on

2019-03-26 19:04:31 - [TEST_STEP][PASSED] - click(findTestObject("GeneralInformation/Policy_Start_Month")): Object: 'Object Repository/GeneralInformation/Policy_Start_Month' is clicked on

2019-03-26 19:04:31 - [MESSAGE][PASSED] - Object: 'Object Repository/GeneralInformation/Policy_Start_Month' is clicked on

2019-03-26 19:04:31 - [TEST_STEP][PASSED] - delay(4): Delayed 4 second(s)

2019-03-26 19:04:35 - [MESSAGE][PASSED] - Delayed 4 second(s)

2019-03-26 19:04:35 - [TEST_STEP][PASSED] - click(findTestObject("GeneralInformation/NextButton")): Object: 'Object Repository/GeneralInformation/NextButton' is clicked on

2019-03-26 19:04:36 - [MESSAGE][PASSED] - Object: 'Object Repository/GeneralInformation/NextButton' is clicked on

2019-03-26 19:04:36 - [TEST_STEP][PASSED] - delay(3): Delayed 3 second(s)

2019-03-26 19:04:39 - [MESSAGE][PASSED] - Delayed 3 second(s)

2019-03-26 19:04:39 - [TEST_STEP][PASSED] - if (var_cancelAlertCondition.equals("cancel")): Object: 'Object Repository/RiskDetails/Page_Markit core new  Risk details/ButtonSubmit' is clicked on

2019-03-26 19:04:39 - [TEST_STEP][PASSED] - click(findTestObject("GeneralInformation/CancelAlert")): Object: 'Object Repository/GeneralInformation/CancelAlert' is clicked on

2019-03-26 19:04:42 - [MESSAGE][PASSED] - Object: 'Object Repository/GeneralInformation/CancelAlert' is clicked on

2019-03-26 19:04:42 - [TEST_STEP][PASSED] - delay(4): Delayed 4 second(s)

2019-03-26 19:04:46 - [MESSAGE][PASSED] - Delayed 4 second(s)

2019-03-26 19:04:46 - [TEST_STEP][PASSED] - waitForElementVisible(findTestObject("RiskDetails/Page_Markit core new  Risk details/General_Info_Risk_Details"), 5): Object 'Object Repository/RiskDetails/Page_Markit core new  Risk details/General_Info_Risk_Details' is visible

2019-03-26 19:04:46 - [MESSAGE][PASSED] - Object 'Object Repository/RiskDetails/Page_Markit core new  Risk details/General_Info_Risk_Details' is visible

2019-03-26 19:04:46 - [TEST_STEP][PASSED] - delay(2): Delayed 2 second(s)

2019-03-26 19:04:48 - [MESSAGE][PASSED] - Delayed 2 second(s)

2019-03-26 19:04:48 - [TEST_STEP][PASSED] - selectOptionByLabel(findTestObject("RiskDetails/Page_Markit core new  Risk details/SelectType"), var_buildingtype, false): All options with label 'Flat' are selected in object 'Object Repository/RiskDetails/Page_Markit core new  Risk details/SelectType' 

2019-03-26 19:04:48 - [MESSAGE][PASSED] - All options with label 'Flat' are selected in object 'Object Repository/RiskDetails/Page_Markit core new  Risk details/SelectType' 

2019-03-26 19:04:48 - [TEST_STEP][PASSED] - delay(1): Delayed 1 second(s)

2019-03-26 19:04:49 - [MESSAGE][PASSED] - Delayed 1 second(s)

2019-03-26 19:04:49 - [TEST_STEP][PASSED] - sendKeys(findTestObject("RiskDetails/Page_Markit core new  Risk details/SumInsure"), BuildingSumInsure, STOP_ON_FAILURE): Keys '4000' sent to object: 'Object Repository/RiskDetails/Page_Markit core new  Risk details/SumInsure'

2019-03-26 19:04:49 - [MESSAGE][PASSED] - Keys '4000' sent to object: 'Object Repository/RiskDetails/Page_Markit core new  Risk details/SumInsure'

2019-03-26 19:04:49 - [TEST_STEP][PASSED] - sendKeys(findTestObject("RiskDetails/Page_Markit core new  Risk details/RoomNo"), NoofRoom): Keys '3' sent to object: 'Object Repository/RiskDetails/Page_Markit core new  Risk details/RoomNo'

2019-03-26 19:04:49 - [MESSAGE][PASSED] - Keys '3' sent to object: 'Object Repository/RiskDetails/Page_Markit core new  Risk details/RoomNo'

2019-03-26 19:04:49 - [TEST_STEP][PASSED] - sendKeys(findTestObject("RiskDetails/Page_Markit core new  Risk details/ContentSumInsure"), ContentSumInsure): Keys '5000' sent to object: 'Object Repository/RiskDetails/Page_Markit core new  Risk details/ContentSumInsure'

2019-03-26 19:04:49 - [MESSAGE][PASSED] - Keys '5000' sent to object: 'Object Repository/RiskDetails/Page_Markit core new  Risk details/ContentSumInsure'

2019-03-26 19:04:49 - [TEST_STEP][PASSED] - delay(2): Delayed 2 second(s)

2019-03-26 19:04:51 - [MESSAGE][PASSED] - Delayed 2 second(s)

2019-03-26 19:04:51 - [TEST_STEP][PASSED] - click(findTestObject("RiskDetails/Page_Markit core new  Risk details/ButtonSubmit")): Object: 'Object Repository/RiskDetails/Page_Markit core new  Risk details/ButtonSubmit' is clicked on

2019-03-26 19:04:57 - [MESSAGE][PASSED] - Object: 'Object Repository/RiskDetails/Page_Markit core new  Risk details/ButtonSubmit' is clicked on

2019-03-26 19:04:57 - [TEST_STEP][PASSED] - waitForJQueryLoad(10): jQuery is ready.

2019-03-26 19:04:58 - [MESSAGE][PASSED] - jQuery is ready.

2019-03-26 19:04:58 - [TEST_STEP][PASSED] - click(findTestObject("PremiumPage/Bind")): Object: 'Object Repository/PremiumPage/Bind' is clicked on

2019-03-26 19:05:00 - [MESSAGE][PASSED] - Object: 'Object Repository/PremiumPage/Bind' is clicked on

2019-03-26 19:05:00 - [TEST_STEP][PASSED] - delay(10): Delayed 10 second(s)

2019-03-26 19:05:10 - [MESSAGE][PASSED] - Delayed 10 second(s)

2019-03-26 19:05:10 - [TEST_STEP][PASSED] - click(findTestObject("PaymentDetails/PaymentMethods")): Object: 'Object Repository/PaymentDetails/PaymentMethods' is clicked on

2019-03-26 19:05:10 - [MESSAGE][PASSED] - Object: 'Object Repository/PaymentDetails/PaymentMethods' is clicked on

2019-03-26 19:05:10 - [TEST_STEP][PASSED] - waitForJQueryLoad(5): jQuery is ready.

2019-03-26 19:05:10 - [MESSAGE][PASSED] - jQuery is ready.

2019-03-26 19:05:10 - [TEST_STEP][PASSED] - selectOptionByLabel(findTestObject("PaymentDetails/SelectInstallment"), "1", false): All options with label '1' are selected in object 'Object Repository/PaymentDetails/SelectInstallment' 

2019-03-26 19:05:10 - [MESSAGE][PASSED] - All options with label '1' are selected in object 'Object Repository/PaymentDetails/SelectInstallment' 

2019-03-26 19:05:10 - [TEST_STEP][PASSED] - scrollToElement(findTestObject("PaymentDetails/ConfirmPaymentType"), 5): Scroll to object 'Object Repository/PaymentDetails/ConfirmPaymentType' successfully

2019-03-26 19:05:10 - [MESSAGE][PASSED] - Scroll to object 'Object Repository/PaymentDetails/ConfirmPaymentType' successfully

2019-03-26 19:05:10 - [TEST_STEP][PASSED] - delay(5): Delayed 5 second(s)

2019-03-26 19:05:15 - [MESSAGE][PASSED] - Delayed 5 second(s)

2019-03-26 19:05:15 - [TEST_STEP][PASSED] - click(findTestObject("PaymentDetails/ConfirmPaymentType")): Object: 'Object Repository/PaymentDetails/ConfirmPaymentType' is clicked on

2019-03-26 19:05:15 - [MESSAGE][PASSED] - Object: 'Object Repository/PaymentDetails/ConfirmPaymentType' is clicked on

2019-03-26 19:05:15 - [TEST_STEP][PASSED] - scrollToElement(findTestObject("PaymentDetails/BindAndSendPolicySchedule"), 5): Scroll to object 'Object Repository/PaymentDetails/BindAndSendPolicySchedule' successfully

2019-03-26 19:05:20 - [MESSAGE][PASSED] - Scroll to object 'Object Repository/PaymentDetails/BindAndSendPolicySchedule' successfully

2019-03-26 19:05:20 - [TEST_STEP][PASSED] - delay(4): Delayed 4 second(s)

2019-03-26 19:05:24 - [MESSAGE][PASSED] - Delayed 4 second(s)

2019-03-26 19:05:24 - [TEST_STEP][PASSED] - click(findTestObject("PaymentDetails/BindAndSendPolicySchedule")): Object: 'Object Repository/PaymentDetails/BindAndSendPolicySchedule' is clicked on

2019-03-26 19:05:24 - [MESSAGE][PASSED] - Object: 'Object Repository/PaymentDetails/BindAndSendPolicySchedule' is clicked on

2019-03-26 19:05:24 - [TEST_STEP][PASSED] - var_policyno = getText(findTestObject("PremiumPage/PolicyNo")): Text of object 'Object Repository/PremiumPage/PolicyNo' is: 'DASD/POLICY/002423'

2019-03-26 19:05:30 - [MESSAGE][PASSED] - Text of object 'Object Repository/PremiumPage/PolicyNo' is: 'DASD/POLICY/002423'

2019-03-26 19:05:30 - [TEST_STEP][PASSED] - Confirmmsg = getText(findTestObject("PaymentDetails/ConfirmationMessage")): Text of object 'Object Repository/PaymentDetails/ConfirmationMessage' is: 'Policy has been successfully created.'

2019-03-26 19:05:30 - [MESSAGE][PASSED] - Text of object 'Object Repository/PaymentDetails/ConfirmationMessage' is: 'Policy has been successfully created.'

2019-03-26 19:05:30 - [TEST_STEP][PASSED] - callTestCase(findTestCase("ClientSearch"), ["ClientName":""], STOP_ON_FAILURE): Call Test Case 'Test Cases/ClientSearch' successfully

2019-03-26 19:05:30 - [TEST_CASE][PASSED] - Test Cases/ClientSearch: Test Cases/ClientSearch

2019-03-26 19:05:30 - [TEST_STEP][PASSED] - waitForElementClickable(findTestObject("ClientSearch"), 10): Object 'Object Repository/ClientSearch' is clickable

2019-03-26 19:05:30 - [MESSAGE][PASSED] - Object 'Object Repository/ClientSearch' is clickable

2019-03-26 19:05:30 - [TEST_STEP][PASSED] - click(findTestObject("ClientSearch")): Object: 'Object Repository/ClientSearch' is clicked on

2019-03-26 19:05:31 - [MESSAGE][PASSED] - Object: 'Object Repository/ClientSearch' is clicked on

2019-03-26 19:05:31 - [TEST_STEP][PASSED] - delay(5): Delayed 5 second(s)

2019-03-26 19:05:36 - [MESSAGE][PASSED] - Delayed 5 second(s)

2019-03-26 19:05:36 - [TEST_STEP][PASSED] - sendKeys(findTestObject("SearchText"), "Dipak"): Keys 'Dipak' sent to object: 'Object Repository/SearchText'

2019-03-26 19:05:36 - [MESSAGE][PASSED] - Keys 'Dipak' sent to object: 'Object Repository/SearchText'

2019-03-26 19:05:36 - [TEST_STEP][PASSED] - delay(2): Delayed 2 second(s)

2019-03-26 19:05:38 - [MESSAGE][PASSED] - Delayed 2 second(s)

2019-03-26 19:05:38 - [TEST_STEP][PASSED] - sendKeys(findTestObject("SearchText"), Keys.chord(ENTER)): Keys 'ENTER + ' sent to object: 'Object Repository/SearchText'

2019-03-26 19:05:38 - [MESSAGE][PASSED] - Keys 'ENTER + ' sent to object: 'Object Repository/SearchText'

2019-03-26 19:05:38 - [TEST_STEP][PASSED] - delay(3): Delayed 3 second(s)

2019-03-26 19:05:41 - [MESSAGE][PASSED] - Delayed 3 second(s)

2019-03-26 19:05:41 - [TEST_STEP][PASSED] - waitForElementClickable(findTestObject("ClientListingAction"), 5): Object 'Object Repository/ClientListingAction' is clickable

2019-03-26 19:05:42 - [MESSAGE][PASSED] - Object 'Object Repository/ClientListingAction' is clickable

2019-03-26 19:05:42 - [TEST_STEP][PASSED] - click(findTestObject("ClientListingAction")): Object: 'Object Repository/ClientListingAction' is clicked on

2019-03-26 19:05:45 - [MESSAGE][PASSED] - Object: 'Object Repository/ClientListingAction' is clicked on

2019-03-26 19:05:45 - [TEST_STEP][PASSED] - delay(5): Delayed 5 second(s)

2019-03-26 19:05:50 - [MESSAGE][PASSED] - Delayed 5 second(s)

2019-03-26 19:05:50 - [MESSAGE][PASSED] - Call Test Case 'Test Cases/ClientSearch' successfully

2019-03-26 19:05:50 - [TEST_STEP][NOT_RUN] - log.logInfo(PolicyNo): NOT_RUN: log.logInfo(PolicyNo)

2019-03-26 19:05:50 - [MESSAGE][NOT_RUN] - NOT_RUN: log.logInfo(PolicyNo)

2019-03-26 19:05:50 - [TEST_STEP][NOT_RUN] - log.logInfo(Confirmmsg): NOT_RUN: log.logInfo(Confirmmsg)

2019-03-26 19:05:50 - [MESSAGE][NOT_RUN] - NOT_RUN: log.logInfo(Confirmmsg)

2019-03-26 19:05:50 - [TEST_STEP][NOT_RUN] - delay(2): NOT_RUN: delay(2)

2019-03-26 19:05:50 - [MESSAGE][NOT_RUN] - NOT_RUN: delay(2)

2019-03-26 19:05:50 - [TEST_STEP][NOT_RUN] - com.helper.excel2.excelwrite.WriteExcel(PolicyNo): NOT_RUN: com.helper.excel2.excelwrite.WriteExcel(PolicyNo)

2019-03-26 19:05:50 - [MESSAGE][NOT_RUN] - NOT_RUN: com.helper.excel2.excelwrite.WriteExcel(PolicyNo)

2019-03-26 19:05:50 - [TEST_STEP][PASSED] - com.helper.excel.ExcelHelper.writeTOExcelFile("E:\MarkitCore\ExcelWriter\test.xlsx", "TestData", var_policyno, i, 1): com.helper.excel.ExcelHelper.writeTOExcelFile is PASSED

2019-03-26 19:05:51 - [MESSAGE][PASSED] - com.helper.excel.ExcelHelper.writeTOExcelFile is PASSED

2019-03-26 19:05:51 - [TEST_STEP][NOT_RUN] - com.helper.excel2.excelwrite.WriteExcel(): NOT_RUN: com.helper.excel2.excelwrite.WriteExcel()

2019-03-26 19:05:51 - [MESSAGE][NOT_RUN] - NOT_RUN: com.helper.excel2.excelwrite.WriteExcel()

2019-03-26 19:05:51 - [TEST_STEP][PASSED] - (i++): null

2019-03-26 19:05:51 - [TEST_STEP][PASSED] - delay(5): Delayed 5 second(s)

2019-03-26 19:05:56 - [MESSAGE][PASSED] - Delayed 5 second(s)]]></system-out>
         <system-err><![CDATA[]]></system-err>
      </testcase>
      <testcase name="Test Cases/StartQuote" classname="Test Cases/StartQuote" status="PASSED">
         <system-out><![CDATA[2019-03-26 19:05:56 - [TEST_CASE][PASSED] - Test Cases/StartQuote: Test Cases/StartQuote

2019-03-26 19:05:57 - [TEST_STEP][PASSED] - log = new com.kms.katalon.core.logging.KeywordLogger(): null

2019-03-26 19:05:57 - [TEST_STEP][PASSED] - waitForPageLoad(10, STOP_ON_FAILURE): Wait for page load successfully

2019-03-26 19:05:57 - [MESSAGE][PASSED] - Wait for page load successfully

2019-03-26 19:05:57 - [TEST_STEP][PASSED] - i = 1: null

2019-03-26 19:05:57 - [TEST_STEP][PASSED] - click(findTestObject("StartQuote")): Object: 'Object Repository/StartQuote' is clicked on

2019-03-26 19:05:58 - [MESSAGE][PASSED] - Object: 'Object Repository/StartQuote' is clicked on

2019-03-26 19:05:58 - [TEST_STEP][PASSED] - waitForJQueryLoad(5): jQuery is ready.

2019-03-26 19:05:59 - [MESSAGE][PASSED] - jQuery is ready.

2019-03-26 19:05:59 - [TEST_STEP][PASSED] - selectOptionByLabel(findTestObject("GeneralInformation/currency"), var_currency, false): All options with label 'USD' are selected in object 'Object Repository/GeneralInformation/currency' 

2019-03-26 19:05:59 - [MESSAGE][PASSED] - All options with label 'USD' are selected in object 'Object Repository/GeneralInformation/currency' 

2019-03-26 19:05:59 - [TEST_STEP][PASSED] - delay(5): Delayed 5 second(s)

2019-03-26 19:06:04 - [MESSAGE][PASSED] - Delayed 5 second(s)

2019-03-26 19:06:04 - [TEST_STEP][PASSED] - click(findTestObject("GeneralInformation/SelectBroker")): Object: 'Object Repository/GeneralInformation/SelectBroker' is clicked on

2019-03-26 19:06:04 - [MESSAGE][PASSED] - Object: 'Object Repository/GeneralInformation/SelectBroker' is clicked on

2019-03-26 19:06:04 - [TEST_STEP][PASSED] - selectOptionByLabel(findTestObject("GeneralInformation/SelectBroker"), BrokerName, false): All options with label 'New Broker' are selected in object 'Object Repository/GeneralInformation/SelectBroker' 

2019-03-26 19:06:04 - [MESSAGE][PASSED] - All options with label 'New Broker' are selected in object 'Object Repository/GeneralInformation/SelectBroker' 

2019-03-26 19:06:04 - [TEST_STEP][PASSED] - delay(5): Delayed 5 second(s)

2019-03-26 19:06:09 - [MESSAGE][PASSED] - Delayed 5 second(s)

2019-03-26 19:06:09 - [TEST_STEP][PASSED] - click(findTestObject("GeneralInformation/SelectProduct")): Object: 'Object Repository/GeneralInformation/SelectProduct' is clicked on

2019-03-26 19:06:09 - [MESSAGE][PASSED] - Object: 'Object Repository/GeneralInformation/SelectProduct' is clicked on

2019-03-26 19:06:09 - [TEST_STEP][PASSED] - waitForJQueryLoad(5): jQuery is ready.

2019-03-26 19:06:09 - [MESSAGE][PASSED] - jQuery is ready.

2019-03-26 19:06:09 - [TEST_STEP][PASSED] - selectOptionByLabel(findTestObject("GeneralInformation/SelectProduct"), ProductName, false): All options with label 'BasicDemoProduct' are selected in object 'Object Repository/GeneralInformation/SelectProduct' 

2019-03-26 19:06:09 - [MESSAGE][PASSED] - All options with label 'BasicDemoProduct' are selected in object 'Object Repository/GeneralInformation/SelectProduct' 

2019-03-26 19:06:09 - [TEST_STEP][PASSED] - waitForJQueryLoad(5): jQuery is ready.

2019-03-26 19:06:10 - [MESSAGE][PASSED] - jQuery is ready.

2019-03-26 19:06:10 - [TEST_STEP][NOT_RUN] - delay(3): NOT_RUN: delay(3)

2019-03-26 19:06:10 - [MESSAGE][NOT_RUN] - NOT_RUN: delay(3)

2019-03-26 19:06:10 - [TEST_STEP][PASSED] - click(findTestObject("GeneralInformation/PolicyTerm")): Object: 'Object Repository/GeneralInformation/PolicyTerm' is clicked on

2019-03-26 19:06:10 - [MESSAGE][PASSED] - Object: 'Object Repository/GeneralInformation/PolicyTerm' is clicked on

2019-03-26 19:06:10 - [TEST_STEP][PASSED] - delay(5): Delayed 5 second(s)

2019-03-26 19:06:15 - [MESSAGE][PASSED] - Delayed 5 second(s)

2019-03-26 19:06:15 - [TEST_STEP][PASSED] - selectOptionByLabel(findTestObject("GeneralInformation/PolicyTerm"), Term, false): All options with label 'Monthly' are selected in object 'Object Repository/GeneralInformation/PolicyTerm' 

2019-03-26 19:06:15 - [MESSAGE][PASSED] - All options with label 'Monthly' are selected in object 'Object Repository/GeneralInformation/PolicyTerm' 

2019-03-26 19:06:15 - [TEST_STEP][PASSED] - waitForJQueryLoad(10): jQuery is ready.

2019-03-26 19:06:16 - [MESSAGE][PASSED] - jQuery is ready.

2019-03-26 19:06:16 - [TEST_STEP][PASSED] - click(findTestObject("GeneralInformation/PolicyStartDate")): Object: 'Object Repository/GeneralInformation/PolicyStartDate' is clicked on

2019-03-26 19:06:16 - [MESSAGE][PASSED] - Object: 'Object Repository/GeneralInformation/PolicyStartDate' is clicked on

2019-03-26 19:06:16 - [TEST_STEP][PASSED] - click(findTestObject("GeneralInformation/Policy_Start_Year")): Object: 'Object Repository/GeneralInformation/Policy_Start_Year' is clicked on

2019-03-26 19:06:16 - [MESSAGE][PASSED] - Object: 'Object Repository/GeneralInformation/Policy_Start_Year' is clicked on

2019-03-26 19:06:16 - [TEST_STEP][PASSED] - click(findTestObject("GeneralInformation/Policy_Start_Month")): Object: 'Object Repository/GeneralInformation/Policy_Start_Month' is clicked on

2019-03-26 19:06:16 - [MESSAGE][PASSED] - Object: 'Object Repository/GeneralInformation/Policy_Start_Month' is clicked on

2019-03-26 19:06:16 - [TEST_STEP][PASSED] - click(findTestObject("GeneralInformation/Policy_Start_Month")): Object: 'Object Repository/GeneralInformation/Policy_Start_Month' is clicked on

2019-03-26 19:06:17 - [MESSAGE][PASSED] - Object: 'Object Repository/GeneralInformation/Policy_Start_Month' is clicked on

2019-03-26 19:06:17 - [TEST_STEP][PASSED] - delay(4): Delayed 4 second(s)

2019-03-26 19:06:21 - [MESSAGE][PASSED] - Delayed 4 second(s)

2019-03-26 19:06:21 - [TEST_STEP][PASSED] - click(findTestObject("GeneralInformation/NextButton")): Object: 'Object Repository/GeneralInformation/NextButton' is clicked on

2019-03-26 19:06:21 - [MESSAGE][PASSED] - Object: 'Object Repository/GeneralInformation/NextButton' is clicked on

2019-03-26 19:06:21 - [TEST_STEP][PASSED] - delay(3): Delayed 3 second(s)

2019-03-26 19:06:24 - [MESSAGE][PASSED] - Delayed 3 second(s)

2019-03-26 19:06:24 - [TEST_STEP][PASSED] - if (var_cancelAlertCondition.equals("cancel")): Object: 'Object Repository/RiskDetails/Page_Markit core new  Risk details/ButtonSubmit' is clicked on

2019-03-26 19:06:24 - [TEST_STEP][PASSED] - click(findTestObject("GeneralInformation/CancelAlert")): Object: 'Object Repository/GeneralInformation/CancelAlert' is clicked on

2019-03-26 19:06:26 - [MESSAGE][PASSED] - Object: 'Object Repository/GeneralInformation/CancelAlert' is clicked on

2019-03-26 19:06:26 - [TEST_STEP][PASSED] - delay(4): Delayed 4 second(s)

2019-03-26 19:06:30 - [MESSAGE][PASSED] - Delayed 4 second(s)

2019-03-26 19:06:30 - [TEST_STEP][PASSED] - waitForElementVisible(findTestObject("RiskDetails/Page_Markit core new  Risk details/General_Info_Risk_Details"), 5): Object 'Object Repository/RiskDetails/Page_Markit core new  Risk details/General_Info_Risk_Details' is visible

2019-03-26 19:06:30 - [MESSAGE][PASSED] - Object 'Object Repository/RiskDetails/Page_Markit core new  Risk details/General_Info_Risk_Details' is visible

2019-03-26 19:06:30 - [TEST_STEP][PASSED] - delay(2): Delayed 2 second(s)

2019-03-26 19:06:32 - [MESSAGE][PASSED] - Delayed 2 second(s)

2019-03-26 19:06:32 - [TEST_STEP][PASSED] - selectOptionByLabel(findTestObject("RiskDetails/Page_Markit core new  Risk details/SelectType"), var_buildingtype, false): All options with label 'Duplex' are selected in object 'Object Repository/RiskDetails/Page_Markit core new  Risk details/SelectType' 

2019-03-26 19:06:33 - [MESSAGE][PASSED] - All options with label 'Duplex' are selected in object 'Object Repository/RiskDetails/Page_Markit core new  Risk details/SelectType' 

2019-03-26 19:06:33 - [TEST_STEP][PASSED] - delay(1): Delayed 1 second(s)

2019-03-26 19:06:34 - [MESSAGE][PASSED] - Delayed 1 second(s)

2019-03-26 19:06:34 - [TEST_STEP][PASSED] - sendKeys(findTestObject("RiskDetails/Page_Markit core new  Risk details/SumInsure"), BuildingSumInsure, STOP_ON_FAILURE): Keys '4000' sent to object: 'Object Repository/RiskDetails/Page_Markit core new  Risk details/SumInsure'

2019-03-26 19:06:34 - [MESSAGE][PASSED] - Keys '4000' sent to object: 'Object Repository/RiskDetails/Page_Markit core new  Risk details/SumInsure'

2019-03-26 19:06:34 - [TEST_STEP][PASSED] - sendKeys(findTestObject("RiskDetails/Page_Markit core new  Risk details/RoomNo"), NoofRoom): Keys '2' sent to object: 'Object Repository/RiskDetails/Page_Markit core new  Risk details/RoomNo'

2019-03-26 19:06:34 - [MESSAGE][PASSED] - Keys '2' sent to object: 'Object Repository/RiskDetails/Page_Markit core new  Risk details/RoomNo'

2019-03-26 19:06:34 - [TEST_STEP][PASSED] - sendKeys(findTestObject("RiskDetails/Page_Markit core new  Risk details/ContentSumInsure"), ContentSumInsure): Keys '4000' sent to object: 'Object Repository/RiskDetails/Page_Markit core new  Risk details/ContentSumInsure'

2019-03-26 19:06:34 - [MESSAGE][PASSED] - Keys '4000' sent to object: 'Object Repository/RiskDetails/Page_Markit core new  Risk details/ContentSumInsure'

2019-03-26 19:06:34 - [TEST_STEP][PASSED] - delay(2): Delayed 2 second(s)

2019-03-26 19:06:36 - [MESSAGE][PASSED] - Delayed 2 second(s)

2019-03-26 19:06:36 - [TEST_STEP][PASSED] - click(findTestObject("RiskDetails/Page_Markit core new  Risk details/ButtonSubmit")): Object: 'Object Repository/RiskDetails/Page_Markit core new  Risk details/ButtonSubmit' is clicked on

2019-03-26 19:06:42 - [MESSAGE][PASSED] - Object: 'Object Repository/RiskDetails/Page_Markit core new  Risk details/ButtonSubmit' is clicked on

2019-03-26 19:06:42 - [TEST_STEP][PASSED] - waitForJQueryLoad(10): jQuery is ready.

2019-03-26 19:06:43 - [MESSAGE][PASSED] - jQuery is ready.

2019-03-26 19:06:43 - [TEST_STEP][PASSED] - click(findTestObject("PremiumPage/Bind")): Object: 'Object Repository/PremiumPage/Bind' is clicked on

2019-03-26 19:06:44 - [MESSAGE][PASSED] - Object: 'Object Repository/PremiumPage/Bind' is clicked on

2019-03-26 19:06:44 - [TEST_STEP][PASSED] - delay(10): Delayed 10 second(s)

2019-03-26 19:06:54 - [MESSAGE][PASSED] - Delayed 10 second(s)

2019-03-26 19:06:54 - [TEST_STEP][PASSED] - click(findTestObject("PaymentDetails/PaymentMethods")): Object: 'Object Repository/PaymentDetails/PaymentMethods' is clicked on

2019-03-26 19:06:54 - [MESSAGE][PASSED] - Object: 'Object Repository/PaymentDetails/PaymentMethods' is clicked on

2019-03-26 19:06:54 - [TEST_STEP][PASSED] - waitForJQueryLoad(5): jQuery is ready.

2019-03-26 19:06:54 - [MESSAGE][PASSED] - jQuery is ready.

2019-03-26 19:06:54 - [TEST_STEP][PASSED] - selectOptionByLabel(findTestObject("PaymentDetails/SelectInstallment"), "1", false): All options with label '1' are selected in object 'Object Repository/PaymentDetails/SelectInstallment' 

2019-03-26 19:06:54 - [MESSAGE][PASSED] - All options with label '1' are selected in object 'Object Repository/PaymentDetails/SelectInstallment' 

2019-03-26 19:06:54 - [TEST_STEP][PASSED] - scrollToElement(findTestObject("PaymentDetails/ConfirmPaymentType"), 5): Scroll to object 'Object Repository/PaymentDetails/ConfirmPaymentType' successfully

2019-03-26 19:06:54 - [MESSAGE][PASSED] - Scroll to object 'Object Repository/PaymentDetails/ConfirmPaymentType' successfully

2019-03-26 19:06:54 - [TEST_STEP][PASSED] - delay(5): Delayed 5 second(s)

2019-03-26 19:06:59 - [MESSAGE][PASSED] - Delayed 5 second(s)

2019-03-26 19:06:59 - [TEST_STEP][PASSED] - click(findTestObject("PaymentDetails/ConfirmPaymentType")): Object: 'Object Repository/PaymentDetails/ConfirmPaymentType' is clicked on

2019-03-26 19:06:59 - [MESSAGE][PASSED] - Object: 'Object Repository/PaymentDetails/ConfirmPaymentType' is clicked on

2019-03-26 19:06:59 - [TEST_STEP][PASSED] - scrollToElement(findTestObject("PaymentDetails/BindAndSendPolicySchedule"), 5): Scroll to object 'Object Repository/PaymentDetails/BindAndSendPolicySchedule' successfully

2019-03-26 19:07:01 - [MESSAGE][PASSED] - Scroll to object 'Object Repository/PaymentDetails/BindAndSendPolicySchedule' successfully

2019-03-26 19:07:01 - [TEST_STEP][PASSED] - delay(4): Delayed 4 second(s)

2019-03-26 19:07:05 - [MESSAGE][PASSED] - Delayed 4 second(s)

2019-03-26 19:07:05 - [TEST_STEP][PASSED] - click(findTestObject("PaymentDetails/BindAndSendPolicySchedule")): Object: 'Object Repository/PaymentDetails/BindAndSendPolicySchedule' is clicked on

2019-03-26 19:07:05 - [MESSAGE][PASSED] - Object: 'Object Repository/PaymentDetails/BindAndSendPolicySchedule' is clicked on

2019-03-26 19:07:05 - [TEST_STEP][PASSED] - var_policyno = getText(findTestObject("PremiumPage/PolicyNo")): Text of object 'Object Repository/PremiumPage/PolicyNo' is: 'DASD/POLICY/002425'

2019-03-26 19:07:10 - [MESSAGE][PASSED] - Text of object 'Object Repository/PremiumPage/PolicyNo' is: 'DASD/POLICY/002425'

2019-03-26 19:07:10 - [TEST_STEP][PASSED] - Confirmmsg = getText(findTestObject("PaymentDetails/ConfirmationMessage")): Text of object 'Object Repository/PaymentDetails/ConfirmationMessage' is: 'Policy has been successfully created.'

2019-03-26 19:07:10 - [MESSAGE][PASSED] - Text of object 'Object Repository/PaymentDetails/ConfirmationMessage' is: 'Policy has been successfully created.'

2019-03-26 19:07:10 - [TEST_STEP][PASSED] - callTestCase(findTestCase("ClientSearch"), ["ClientName":""], STOP_ON_FAILURE): Call Test Case 'Test Cases/ClientSearch' successfully

2019-03-26 19:07:10 - [TEST_CASE][PASSED] - Test Cases/ClientSearch: Test Cases/ClientSearch

2019-03-26 19:07:10 - [TEST_STEP][PASSED] - waitForElementClickable(findTestObject("ClientSearch"), 10): Object 'Object Repository/ClientSearch' is clickable

2019-03-26 19:07:10 - [MESSAGE][PASSED] - Object 'Object Repository/ClientSearch' is clickable

2019-03-26 19:07:10 - [TEST_STEP][PASSED] - click(findTestObject("ClientSearch")): Object: 'Object Repository/ClientSearch' is clicked on

2019-03-26 19:07:11 - [MESSAGE][PASSED] - Object: 'Object Repository/ClientSearch' is clicked on

2019-03-26 19:07:11 - [TEST_STEP][PASSED] - delay(5): Delayed 5 second(s)

2019-03-26 19:07:16 - [MESSAGE][PASSED] - Delayed 5 second(s)

2019-03-26 19:07:16 - [TEST_STEP][PASSED] - sendKeys(findTestObject("SearchText"), "Dipak"): Keys 'Dipak' sent to object: 'Object Repository/SearchText'

2019-03-26 19:07:16 - [MESSAGE][PASSED] - Keys 'Dipak' sent to object: 'Object Repository/SearchText'

2019-03-26 19:07:16 - [TEST_STEP][PASSED] - delay(2): Delayed 2 second(s)

2019-03-26 19:07:18 - [MESSAGE][PASSED] - Delayed 2 second(s)

2019-03-26 19:07:18 - [TEST_STEP][PASSED] - sendKeys(findTestObject("SearchText"), Keys.chord(ENTER)): Keys 'ENTER + ' sent to object: 'Object Repository/SearchText'

2019-03-26 19:07:18 - [MESSAGE][PASSED] - Keys 'ENTER + ' sent to object: 'Object Repository/SearchText'

2019-03-26 19:07:18 - [TEST_STEP][PASSED] - delay(3): Delayed 3 second(s)

2019-03-26 19:07:21 - [MESSAGE][PASSED] - Delayed 3 second(s)

2019-03-26 19:07:21 - [TEST_STEP][PASSED] - waitForElementClickable(findTestObject("ClientListingAction"), 5): Object 'Object Repository/ClientListingAction' is clickable

2019-03-26 19:07:21 - [MESSAGE][PASSED] - Object 'Object Repository/ClientListingAction' is clickable

2019-03-26 19:07:21 - [TEST_STEP][PASSED] - click(findTestObject("ClientListingAction")): Object: 'Object Repository/ClientListingAction' is clicked on

2019-03-26 19:07:24 - [MESSAGE][PASSED] - Object: 'Object Repository/ClientListingAction' is clicked on

2019-03-26 19:07:24 - [TEST_STEP][PASSED] - delay(5): Delayed 5 second(s)

2019-03-26 19:07:29 - [MESSAGE][PASSED] - Delayed 5 second(s)

2019-03-26 19:07:29 - [MESSAGE][PASSED] - Call Test Case 'Test Cases/ClientSearch' successfully

2019-03-26 19:07:29 - [TEST_STEP][NOT_RUN] - log.logInfo(PolicyNo): NOT_RUN: log.logInfo(PolicyNo)

2019-03-26 19:07:29 - [MESSAGE][NOT_RUN] - NOT_RUN: log.logInfo(PolicyNo)

2019-03-26 19:07:29 - [TEST_STEP][NOT_RUN] - log.logInfo(Confirmmsg): NOT_RUN: log.logInfo(Confirmmsg)

2019-03-26 19:07:29 - [MESSAGE][NOT_RUN] - NOT_RUN: log.logInfo(Confirmmsg)

2019-03-26 19:07:29 - [TEST_STEP][NOT_RUN] - delay(2): NOT_RUN: delay(2)

2019-03-26 19:07:29 - [MESSAGE][NOT_RUN] - NOT_RUN: delay(2)

2019-03-26 19:07:29 - [TEST_STEP][NOT_RUN] - com.helper.excel2.excelwrite.WriteExcel(PolicyNo): NOT_RUN: com.helper.excel2.excelwrite.WriteExcel(PolicyNo)

2019-03-26 19:07:29 - [MESSAGE][NOT_RUN] - NOT_RUN: com.helper.excel2.excelwrite.WriteExcel(PolicyNo)

2019-03-26 19:07:29 - [TEST_STEP][PASSED] - com.helper.excel.ExcelHelper.writeTOExcelFile("E:\MarkitCore\ExcelWriter\test.xlsx", "TestData", var_policyno, i, 1): com.helper.excel.ExcelHelper.writeTOExcelFile is PASSED

2019-03-26 19:07:29 - [MESSAGE][PASSED] - com.helper.excel.ExcelHelper.writeTOExcelFile is PASSED

2019-03-26 19:07:29 - [TEST_STEP][NOT_RUN] - com.helper.excel2.excelwrite.WriteExcel(): NOT_RUN: com.helper.excel2.excelwrite.WriteExcel()

2019-03-26 19:07:29 - [MESSAGE][NOT_RUN] - NOT_RUN: com.helper.excel2.excelwrite.WriteExcel()

2019-03-26 19:07:29 - [TEST_STEP][PASSED] - (i++): null

2019-03-26 19:07:29 - [TEST_STEP][PASSED] - delay(5): Delayed 5 second(s)

2019-03-26 19:07:34 - [MESSAGE][PASSED] - Delayed 5 second(s)]]></system-out>
         <system-err><![CDATA[]]></system-err>
      </testcase>
      <system-out><![CDATA[2019-03-26 19:03:22 - [TEST_SUITE][PASSED] - BuyProcess: Test Cases/StartQuote]]></system-out>
      <system-err><![CDATA[]]></system-err>
   </testsuite>
</testsuites>
