<?xml version="1.0" encoding="UTF-8"?>
<testsuites name="BuyProcess" time="124" tests="3" failures="0" errors="0">
   <testsuite name="BuyProcess" tests="3" failures="0" errors="0" time="124" timestamp="2019-02-25 18:31:42" hostname="dipak - DIPAKDAS-PC.indusnettechnologies.com" id="Test Suites/BuyProcess">
      <properties>
         <property name="deviceName" value=""/>
         <property name="devicePlatform" value=""/>
         <property name="logFolder" value="E:\\MarkitCore\\Katalon\\Katalon\\MarkitCore\\Reports\\BuyProcess\\20190225_183140"/>
         <property name="logFiles" value="E:\\MarkitCore\\Katalon\\Katalon\\MarkitCore\\Reports\\BuyProcess\\20190225_183140\\execution0.log"/>
         <property name="attachments" value=""/>
         <property name="hostName" value="dipak - DIPAKDAS-PC.indusnettechnologies.com"/>
         <property name="os" value="Windows 7 32bit"/>
         <property name="katalonVersion" value="6.0.4.1"/>
         <property name="browser" value="Chrome 72.0.3626.109"/>
         <property name="hostAddress" value="10.0.12.237"/>
         <property name="sessionId" value="3484e0e851b73dbe8d0e986d4b341763"/>
         <property name="seleniumVersion" value="3.7.1"/>
         <property name="proxyInformation" value="ProxyInformation{proxyOption=NO_PROXY, proxyServerType=HTTP, password=, proxyServerAddress=, proxyServerPort=0}"/>
         <property name="platform" value="Windows 7"/>
      </properties>
      <testcase name="Test Cases/Login" classname="Test Cases/Login" status="PASSED">
         <system-out><![CDATA[2019-02-25 18:31:42 - [TEST_CASE][PASSED] - Test Cases/Login: Test Cases/Login

2019-02-25 18:31:42 - [TEST_STEP][PASSED] - openBrowser("https://dev.markit-systems.com/markit_coreV2/Sites/CoreTest/login/admin_display"): Browser is opened with url: 'https://dev.markit-systems.com/markit_coreV2/Sites/CoreTest/login/admin_display'

2019-02-25 18:31:43 - [MESSAGE][INFO] - Starting 'Chrome' driver

2019-02-25 18:31:43 - [MESSAGE][INFO] - Action delay is set to 0 seconds

2019-02-25 18:31:51 - [MESSAGE][PASSED] - Browser is opened with url: 'https://dev.markit-systems.com/markit_coreV2/Sites/CoreTest/login/admin_display'

2019-02-25 18:31:51 - [TEST_STEP][PASSED] - maximizeWindow(): Current window maximized

2019-02-25 18:31:52 - [MESSAGE][PASSED] - Current window maximized

2019-02-25 18:31:52 - [TEST_STEP][PASSED] - delay(4): Delayed 4 second(s)

2019-02-25 18:31:56 - [MESSAGE][PASSED] - Delayed 4 second(s)

2019-02-25 18:31:56 - [TEST_STEP][PASSED] - setText(findTestObject("Username"), findTestData("Login").getValue(1, 1)): Text 'dDasTester' is set on object 'Object Repository/Username'

2019-02-25 18:31:56 - [MESSAGE][PASSED] - Text 'dDasTester' is set on object 'Object Repository/Username'

2019-02-25 18:31:56 - [TEST_STEP][PASSED] - delay(2): Delayed 2 second(s)

2019-02-25 18:31:58 - [MESSAGE][PASSED] - Delayed 2 second(s)

2019-02-25 18:31:58 - [TEST_STEP][PASSED] - setText(findTestObject("Password"), findTestData("Login").getValue(2, 1)): Text 'Czybm6R*' is set on object 'Object Repository/Password'

2019-02-25 18:31:58 - [MESSAGE][PASSED] - Text 'Czybm6R*' is set on object 'Object Repository/Password'

2019-02-25 18:31:58 - [TEST_STEP][PASSED] - click(findTestObject("LoginButton")): Object: 'Object Repository/LoginButton' is clicked on

2019-02-25 18:32:08 - [MESSAGE][PASSED] - Object: 'Object Repository/LoginButton' is clicked on

2019-02-25 18:32:08 - [TEST_STEP][PASSED] - delay(3): Delayed 3 second(s)

2019-02-25 18:32:11 - [MESSAGE][PASSED] - Delayed 3 second(s)]]></system-out>
         <system-err><![CDATA[]]></system-err>
      </testcase>
      <testcase name="Test Cases/ClientSearch" classname="Test Cases/ClientSearch" status="PASSED">
         <system-out><![CDATA[2019-02-25 18:32:11 - [TEST_CASE][PASSED] - Test Cases/ClientSearch: Test Cases/ClientSearch

2019-02-25 18:32:11 - [TEST_STEP][PASSED] - click(findTestObject("ClientSearch")): Object: 'Object Repository/ClientSearch' is clicked on

2019-02-25 18:32:13 - [MESSAGE][PASSED] - Object: 'Object Repository/ClientSearch' is clicked on

2019-02-25 18:32:13 - [TEST_STEP][PASSED] - delay(2): Delayed 2 second(s)

2019-02-25 18:32:15 - [MESSAGE][PASSED] - Delayed 2 second(s)

2019-02-25 18:32:15 - [TEST_STEP][PASSED] - sendKeys(findTestObject("SearchText"), "Dipak"): Keys 'Dipak' sent to object: 'Object Repository/SearchText'

2019-02-25 18:32:16 - [MESSAGE][PASSED] - Keys 'Dipak' sent to object: 'Object Repository/SearchText'

2019-02-25 18:32:16 - [TEST_STEP][PASSED] - sendKeys(findTestObject("SearchText"), Keys.chord(ENTER)): Keys 'ENTER + ' sent to object: 'Object Repository/SearchText'

2019-02-25 18:32:16 - [MESSAGE][PASSED] - Keys 'ENTER + ' sent to object: 'Object Repository/SearchText'

2019-02-25 18:32:16 - [TEST_STEP][PASSED] - delay(2): Delayed 2 second(s)

2019-02-25 18:32:18 - [MESSAGE][PASSED] - Delayed 2 second(s)

2019-02-25 18:32:18 - [TEST_STEP][PASSED] - click(findTestObject("ClientListingAction")): Object: 'Object Repository/ClientListingAction' is clicked on

2019-02-25 18:32:19 - [MESSAGE][PASSED] - Object: 'Object Repository/ClientListingAction' is clicked on

2019-02-25 18:32:19 - [TEST_STEP][PASSED] - delay(5): Delayed 5 second(s)

2019-02-25 18:32:24 - [MESSAGE][PASSED] - Delayed 5 second(s)]]></system-out>
         <system-err><![CDATA[]]></system-err>
      </testcase>
      <testcase name="Test Cases/StartQuote" classname="Test Cases/StartQuote" status="PASSED">
         <system-out><![CDATA[2019-02-25 18:32:24 - [TEST_CASE][PASSED] - Test Cases/StartQuote: Test Cases/StartQuote

2019-02-25 18:32:24 - [TEST_STEP][PASSED] - click(findTestObject("StartQuote")): Object: 'Object Repository/StartQuote' is clicked on

2019-02-25 18:32:28 - [MESSAGE][PASSED] - Object: 'Object Repository/StartQuote' is clicked on

2019-02-25 18:32:28 - [TEST_STEP][PASSED] - delay(3): Delayed 3 second(s)

2019-02-25 18:32:31 - [MESSAGE][PASSED] - Delayed 3 second(s)

2019-02-25 18:32:31 - [TEST_STEP][PASSED] - selectOptionByLabel(findTestObject("GeneralInformation/currency"), "ZAR", false): All options with label 'ZAR' are selected in object 'Object Repository/GeneralInformation/currency' 

2019-02-25 18:32:31 - [MESSAGE][PASSED] - All options with label 'ZAR' are selected in object 'Object Repository/GeneralInformation/currency' 

2019-02-25 18:32:31 - [TEST_STEP][PASSED] - delay(3): Delayed 3 second(s)

2019-02-25 18:32:34 - [MESSAGE][PASSED] - Delayed 3 second(s)

2019-02-25 18:32:34 - [TEST_STEP][PASSED] - selectOptionByLabel(findTestObject("GeneralInformation/SelectBroker"), "New Broker", false): All options with label 'New Broker' are selected in object 'Object Repository/GeneralInformation/SelectBroker' 

2019-02-25 18:32:34 - [MESSAGE][PASSED] - All options with label 'New Broker' are selected in object 'Object Repository/GeneralInformation/SelectBroker' 

2019-02-25 18:32:34 - [TEST_STEP][PASSED] - delay(3): Delayed 3 second(s)

2019-02-25 18:32:37 - [MESSAGE][PASSED] - Delayed 3 second(s)

2019-02-25 18:32:38 - [TEST_STEP][PASSED] - selectOptionByLabel(findTestObject("GeneralInformation/SelectProduct"), "BasicDemoProduct", false): All options with label 'BasicDemoProduct' are selected in object 'Object Repository/GeneralInformation/SelectProduct' 

2019-02-25 18:32:38 - [MESSAGE][PASSED] - All options with label 'BasicDemoProduct' are selected in object 'Object Repository/GeneralInformation/SelectProduct' 

2019-02-25 18:32:38 - [TEST_STEP][PASSED] - delay(3): Delayed 3 second(s)

2019-02-25 18:32:41 - [MESSAGE][PASSED] - Delayed 3 second(s)

2019-02-25 18:32:41 - [TEST_STEP][PASSED] - selectOptionByLabel(findTestObject("GeneralInformation/PolicyTerm"), "Monthly", false): All options with label 'Monthly' are selected in object 'Object Repository/GeneralInformation/PolicyTerm' 

2019-02-25 18:32:41 - [MESSAGE][PASSED] - All options with label 'Monthly' are selected in object 'Object Repository/GeneralInformation/PolicyTerm' 

2019-02-25 18:32:41 - [TEST_STEP][PASSED] - delay(3): Delayed 3 second(s)

2019-02-25 18:32:44 - [MESSAGE][PASSED] - Delayed 3 second(s)

2019-02-25 18:32:44 - [TEST_STEP][PASSED] - click(findTestObject("GeneralInformation/PolicyStartDate")): Object: 'Object Repository/GeneralInformation/PolicyStartDate' is clicked on

2019-02-25 18:32:44 - [MESSAGE][PASSED] - Object: 'Object Repository/GeneralInformation/PolicyStartDate' is clicked on

2019-02-25 18:32:44 - [TEST_STEP][PASSED] - delay(3): Delayed 3 second(s)

2019-02-25 18:32:47 - [MESSAGE][PASSED] - Delayed 3 second(s)

2019-02-25 18:32:47 - [TEST_STEP][PASSED] - selectOptionByLabel(findTestObject("GeneralInformation/Policy_Start_Year"), "2019", false): All options with label '2019' are selected in object 'Object Repository/GeneralInformation/Policy_Start_Year' 

2019-02-25 18:32:47 - [MESSAGE][PASSED] - All options with label '2019' are selected in object 'Object Repository/GeneralInformation/Policy_Start_Year' 

2019-02-25 18:32:47 - [TEST_STEP][PASSED] - delay(3): Delayed 3 second(s)

2019-02-25 18:32:50 - [MESSAGE][PASSED] - Delayed 3 second(s)

2019-02-25 18:32:50 - [TEST_STEP][PASSED] - selectOptionByLabel(findTestObject("GeneralInformation/Policy_Start_Month"), "Feb", false): All options with label 'Feb' are selected in object 'Object Repository/GeneralInformation/Policy_Start_Month' 

2019-02-25 18:32:50 - [MESSAGE][PASSED] - All options with label 'Feb' are selected in object 'Object Repository/GeneralInformation/Policy_Start_Month' 

2019-02-25 18:32:50 - [TEST_STEP][PASSED] - delay(3): Delayed 3 second(s)

2019-02-25 18:32:53 - [MESSAGE][PASSED] - Delayed 3 second(s)

2019-02-25 18:32:53 - [TEST_STEP][PASSED] - click(findTestObject("GeneralInformation/Policy_Start_Day")): Object: 'Object Repository/GeneralInformation/Policy_Start_Day' is clicked on

2019-02-25 18:32:54 - [MESSAGE][PASSED] - Object: 'Object Repository/GeneralInformation/Policy_Start_Day' is clicked on

2019-02-25 18:32:54 - [TEST_STEP][PASSED] - delay(3): Delayed 3 second(s)

2019-02-25 18:32:57 - [MESSAGE][PASSED] - Delayed 3 second(s)

2019-02-25 18:32:57 - [TEST_STEP][PASSED] - click(findTestObject("GeneralInformation/PolicyEndDate")): Object: 'Object Repository/GeneralInformation/PolicyEndDate' is clicked on

2019-02-25 18:32:57 - [MESSAGE][PASSED] - Object: 'Object Repository/GeneralInformation/PolicyEndDate' is clicked on

2019-02-25 18:32:57 - [TEST_STEP][PASSED] - delay(3): Delayed 3 second(s)

2019-02-25 18:33:00 - [MESSAGE][PASSED] - Delayed 3 second(s)

2019-02-25 18:33:00 - [TEST_STEP][PASSED] - selectOptionByLabel(findTestObject("GeneralInformation/Policy_Start_Year"), "2019", false): All options with label '2019' are selected in object 'Object Repository/GeneralInformation/Policy_Start_Year' 

2019-02-25 18:33:00 - [MESSAGE][PASSED] - All options with label '2019' are selected in object 'Object Repository/GeneralInformation/Policy_Start_Year' 

2019-02-25 18:33:00 - [TEST_STEP][PASSED] - delay(3): Delayed 3 second(s)

2019-02-25 18:33:03 - [MESSAGE][PASSED] - Delayed 3 second(s)

2019-02-25 18:33:03 - [TEST_STEP][PASSED] - selectOptionByLabel(findTestObject("GeneralInformation/Policy_Start_Month"), "Mar", false): All options with label 'Mar' are selected in object 'Object Repository/GeneralInformation/Policy_Start_Month' 

2019-02-25 18:33:03 - [MESSAGE][PASSED] - All options with label 'Mar' are selected in object 'Object Repository/GeneralInformation/Policy_Start_Month' 

2019-02-25 18:33:03 - [TEST_STEP][PASSED] - delay(3): Delayed 3 second(s)

2019-02-25 18:33:06 - [MESSAGE][PASSED] - Delayed 3 second(s)

2019-02-25 18:33:06 - [TEST_STEP][PASSED] - click(findTestObject("GeneralInformation/Policy_Start_Day")): Object: 'Object Repository/GeneralInformation/Policy_Start_Day' is clicked on

2019-02-25 18:33:06 - [MESSAGE][PASSED] - Object: 'Object Repository/GeneralInformation/Policy_Start_Day' is clicked on

2019-02-25 18:33:06 - [TEST_STEP][PASSED] - delay(3): Delayed 3 second(s)

2019-02-25 18:33:09 - [MESSAGE][PASSED] - Delayed 3 second(s)

2019-02-25 18:33:09 - [TEST_STEP][PASSED] - click(findTestObject("Object Repository/GeneralInformation/NextButton")): Object: 'Object Repository/GeneralInformation/NextButton' is clicked on

2019-02-25 18:33:09 - [MESSAGE][PASSED] - Object: 'Object Repository/GeneralInformation/NextButton' is clicked on

2019-02-25 18:33:09 - [TEST_STEP][PASSED] - delay(3): Delayed 3 second(s)

2019-02-25 18:33:12 - [MESSAGE][PASSED] - Delayed 3 second(s)

2019-02-25 18:33:12 - [TEST_STEP][PASSED] - click(findTestObject("GeneralInformation/CancelAlert")): Object: 'Object Repository/GeneralInformation/CancelAlert' is clicked on

2019-02-25 18:33:15 - [MESSAGE][PASSED] - Object: 'Object Repository/GeneralInformation/CancelAlert' is clicked on

2019-02-25 18:33:15 - [TEST_STEP][PASSED] - delay(5): Delayed 5 second(s)

2019-02-25 18:33:20 - [MESSAGE][PASSED] - Delayed 5 second(s)

2019-02-25 18:33:20 - [TEST_STEP][PASSED] - selectOptionByLabel(findTestObject("RiskDetails/Page_Markit core new  Risk details/SelectType"), "StandAlone", false): All options with label 'StandAlone' are selected in object 'Object Repository/RiskDetails/Page_Markit core new  Risk details/SelectType' 

2019-02-25 18:33:20 - [MESSAGE][PASSED] - All options with label 'StandAlone' are selected in object 'Object Repository/RiskDetails/Page_Markit core new  Risk details/SelectType' 

2019-02-25 18:33:20 - [TEST_STEP][PASSED] - delay(5): Delayed 5 second(s)

2019-02-25 18:33:25 - [MESSAGE][PASSED] - Delayed 5 second(s)

2019-02-25 18:33:25 - [TEST_STEP][PASSED] - sendKeys(findTestObject("RiskDetails/Page_Markit core new  Risk details/SumInsure"), "1000"): Keys '1000' sent to object: 'Object Repository/RiskDetails/Page_Markit core new  Risk details/SumInsure'

2019-02-25 18:33:25 - [MESSAGE][PASSED] - Keys '1000' sent to object: 'Object Repository/RiskDetails/Page_Markit core new  Risk details/SumInsure'

2019-02-25 18:33:25 - [TEST_STEP][PASSED] - delay(2): Delayed 2 second(s)

2019-02-25 18:33:27 - [MESSAGE][PASSED] - Delayed 2 second(s)

2019-02-25 18:33:27 - [TEST_STEP][PASSED] - sendKeys(findTestObject("RiskDetails/Page_Markit core new  Risk details/RoomNo"), "10"): Keys '10' sent to object: 'Object Repository/RiskDetails/Page_Markit core new  Risk details/RoomNo'

2019-02-25 18:33:27 - [MESSAGE][PASSED] - Keys '10' sent to object: 'Object Repository/RiskDetails/Page_Markit core new  Risk details/RoomNo'

2019-02-25 18:33:27 - [TEST_STEP][PASSED] - setText(findTestObject("RiskDetails/Page_Markit core new  Risk details/ContentSumInsure"), "1000"): Text '1000' is set on object 'Object Repository/RiskDetails/Page_Markit core new  Risk details/ContentSumInsure'

2019-02-25 18:33:27 - [MESSAGE][PASSED] - Text '1000' is set on object 'Object Repository/RiskDetails/Page_Markit core new  Risk details/ContentSumInsure'

2019-02-25 18:33:27 - [TEST_STEP][PASSED] - click(findTestObject("RiskDetails/Page_Markit core new  Risk details/ButtonSubmit")): Object: 'Object Repository/RiskDetails/Page_Markit core new  Risk details/ButtonSubmit' is clicked on

2019-02-25 18:33:33 - [MESSAGE][PASSED] - Object: 'Object Repository/RiskDetails/Page_Markit core new  Risk details/ButtonSubmit' is clicked on

2019-02-25 18:33:33 - [TEST_STEP][PASSED] - waitForElementNotClickable(findTestObject("PremiumPage/PremiumBreakUpButton"), 5): Object 'Object Repository/PremiumPage/PremiumBreakUpButton' is not clickable after 5 second(s)

2019-02-25 18:33:38 - [MESSAGE][WARNING] - Object 'Object Repository/PremiumPage/PremiumBreakUpButton' is not clickable after 5 second(s)

2019-02-25 18:33:38 - [TEST_STEP][PASSED] - click(findTestObject("PremiumPage/PremiumBreakUpButton")): Object: 'Object Repository/PremiumPage/PremiumBreakUpButton' is clicked on

2019-02-25 18:33:38 - [MESSAGE][PASSED] - Object: 'Object Repository/PremiumPage/PremiumBreakUpButton' is clicked on

2019-02-25 18:33:38 - [TEST_STEP][PASSED] - delay(3): Delayed 3 second(s)

2019-02-25 18:33:41 - [MESSAGE][PASSED] - Delayed 3 second(s)

2019-02-25 18:33:41 - [TEST_STEP][PASSED] - getText(findTestObject("PremiumPage/InsurerName")): Text of object 'Object Repository/PremiumPage/InsurerName' is: 'New Insurer'

2019-02-25 18:33:41 - [MESSAGE][PASSED] - Text of object 'Object Repository/PremiumPage/InsurerName' is: 'New Insurer'

2019-02-25 18:33:41 - [TEST_STEP][PASSED] - delay(5): Delayed 5 second(s)

2019-02-25 18:33:46 - [MESSAGE][PASSED] - Delayed 5 second(s)]]></system-out>
         <system-err><![CDATA[]]></system-err>
      </testcase>
      <system-out><![CDATA[2019-02-25 18:31:42 - [TEST_SUITE][PASSED] - BuyProcess: Test Cases/StartQuote]]></system-out>
      <system-err><![CDATA[]]></system-err>
   </testsuite>
</testsuites>
