<?xml version="1.0" encoding="UTF-8"?>
<testsuites name="BuyProcess" time="56" tests="2" failures="0" errors="0">
   <testsuite name="BuyProcess" tests="2" failures="0" errors="0" time="56" timestamp="2019-02-27 15:08:08" hostname="dipak - DIPAKDAS-PC.indusnettechnologies.com" id="Test Suites/BuyProcess">
      <properties>
         <property name="deviceName" value=""/>
         <property name="devicePlatform" value=""/>
         <property name="logFolder" value="E:\\MarkitCore\\Katalon\\Katalon\\MarkitCore\\Reports\\BuyProcess\\20190227_150802"/>
         <property name="logFiles" value="E:\\MarkitCore\\Katalon\\Katalon\\MarkitCore\\Reports\\BuyProcess\\20190227_150802\\execution0.log"/>
         <property name="attachments" value=""/>
         <property name="hostName" value="dipak - DIPAKDAS-PC.indusnettechnologies.com"/>
         <property name="os" value="Windows 7 32bit"/>
         <property name="katalonVersion" value="6.0.4.1"/>
         <property name="browser" value="Chrome 72.0.3626.119"/>
         <property name="hostAddress" value="10.0.12.237"/>
         <property name="sessionId" value="c55b2a201ee05a34e0840d3e0ee1da6e"/>
         <property name="seleniumVersion" value="3.7.1"/>
         <property name="proxyInformation" value="ProxyInformation{proxyOption=NO_PROXY, proxyServerType=HTTP, password=, proxyServerAddress=, proxyServerPort=0}"/>
         <property name="platform" value="Windows 7"/>
      </properties>
      <testcase name="Test Cases/DataDriven" classname="Test Cases/DataDriven" status="PASSED">
         <system-out><![CDATA[2019-02-27 15:08:08 - [TEST_CASE][PASSED] - Test Cases/DataDriven: Test Cases/DataDriven

2019-02-27 15:08:08 - [TEST_STEP][PASSED] - openBrowser("https://dev.markit-systems.com/markit_coreV2/Sites/CoreTest/login/admin_display"): Browser is opened with url: 'https://dev.markit-systems.com/markit_coreV2/Sites/CoreTest/login/admin_display'

2019-02-27 15:08:09 - [MESSAGE][INFO] - Starting 'Chrome' driver

2019-02-27 15:08:09 - [MESSAGE][INFO] - Action delay is set to 0 seconds

2019-02-27 15:08:19 - [MESSAGE][PASSED] - Browser is opened with url: 'https://dev.markit-systems.com/markit_coreV2/Sites/CoreTest/login/admin_display'

2019-02-27 15:08:19 - [TEST_STEP][PASSED] - maximizeWindow(): Current window maximized

2019-02-27 15:08:19 - [MESSAGE][PASSED] - Current window maximized

2019-02-27 15:08:19 - [TEST_STEP][PASSED] - delay(4): Delayed 4 second(s)

2019-02-27 15:08:23 - [MESSAGE][PASSED] - Delayed 4 second(s)

2019-02-27 15:08:23 - [TEST_STEP][PASSED] - setText(findTestObject("Username"), findTestData("Login").getValue(1, 1)): Text 'dDasTester' is set on object 'Object Repository/Username'

2019-02-27 15:08:23 - [MESSAGE][PASSED] - Text 'dDasTester' is set on object 'Object Repository/Username'

2019-02-27 15:08:23 - [TEST_STEP][PASSED] - delay(2): Delayed 2 second(s)

2019-02-27 15:08:25 - [MESSAGE][PASSED] - Delayed 2 second(s)

2019-02-27 15:08:25 - [TEST_STEP][PASSED] - setText(findTestObject("Password"), findTestData("Login").getValue(2, 1)): Text 'Czybm6R*' is set on object 'Object Repository/Password'

2019-02-27 15:08:25 - [MESSAGE][PASSED] - Text 'Czybm6R*' is set on object 'Object Repository/Password'

2019-02-27 15:08:25 - [TEST_STEP][PASSED] - click(findTestObject("LoginButton")): Object: 'Object Repository/LoginButton' is clicked on

2019-02-27 15:08:35 - [MESSAGE][PASSED] - Object: 'Object Repository/LoginButton' is clicked on

2019-02-27 15:08:35 - [TEST_STEP][PASSED] - delay(3): Delayed 3 second(s)

2019-02-27 15:08:38 - [MESSAGE][PASSED] - Delayed 3 second(s)]]></system-out>
         <system-err><![CDATA[]]></system-err>
      </testcase>
      <testcase name="Test Cases/DataDriven" classname="Test Cases/DataDriven" status="PASSED">
         <system-out><![CDATA[2019-02-27 15:08:38 - [TEST_CASE][PASSED] - Test Cases/DataDriven: Test Cases/DataDriven

2019-02-27 15:08:38 - [TEST_STEP][PASSED] - openBrowser("https://dev.markit-systems.com/markit_coreV2/Sites/CoreTest/login/admin_display"): Browser is opened with url: 'https://dev.markit-systems.com/markit_coreV2/Sites/CoreTest/login/admin_display'

2019-02-27 15:08:38 - [MESSAGE][WARNING] - A browser is already opened. Closing browser and opening a new one

2019-02-27 15:08:38 - [MESSAGE][INFO] - Starting 'Chrome' driver

2019-02-27 15:08:47 - [MESSAGE][PASSED] - Browser is opened with url: 'https://dev.markit-systems.com/markit_coreV2/Sites/CoreTest/login/admin_display'

2019-02-27 15:08:47 - [TEST_STEP][PASSED] - maximizeWindow(): Current window maximized

2019-02-27 15:08:47 - [MESSAGE][PASSED] - Current window maximized

2019-02-27 15:08:47 - [TEST_STEP][PASSED] - delay(4): Delayed 4 second(s)

2019-02-27 15:08:51 - [MESSAGE][PASSED] - Delayed 4 second(s)

2019-02-27 15:08:51 - [TEST_STEP][PASSED] - setText(findTestObject("Username"), findTestData("Login").getValue(1, 1)): Text 'dDasTester' is set on object 'Object Repository/Username'

2019-02-27 15:08:51 - [MESSAGE][PASSED] - Text 'dDasTester' is set on object 'Object Repository/Username'

2019-02-27 15:08:51 - [TEST_STEP][PASSED] - delay(2): Delayed 2 second(s)

2019-02-27 15:08:53 - [MESSAGE][PASSED] - Delayed 2 second(s)

2019-02-27 15:08:53 - [TEST_STEP][PASSED] - setText(findTestObject("Password"), findTestData("Login").getValue(2, 1)): Text 'Czybm6R*' is set on object 'Object Repository/Password'

2019-02-27 15:08:53 - [MESSAGE][PASSED] - Text 'Czybm6R*' is set on object 'Object Repository/Password'

2019-02-27 15:08:53 - [TEST_STEP][PASSED] - click(findTestObject("LoginButton")): Object: 'Object Repository/LoginButton' is clicked on

2019-02-27 15:09:00 - [MESSAGE][PASSED] - Object: 'Object Repository/LoginButton' is clicked on

2019-02-27 15:09:00 - [TEST_STEP][PASSED] - delay(3): Delayed 3 second(s)

2019-02-27 15:09:03 - [MESSAGE][PASSED] - Delayed 3 second(s)]]></system-out>
         <system-err><![CDATA[]]></system-err>
      </testcase>
      <system-out><![CDATA[2019-02-27 15:08:08 - [TEST_SUITE][PASSED] - BuyProcess: Test Cases/DataDriven]]></system-out>
      <system-err><![CDATA[]]></system-err>
   </testsuite>
</testsuites>
