<?xml version="1.0" encoding="UTF-8"?>
<testsuites name="BuyProcess" time="57" tests="3" failures="0" errors="0">
   <testsuite name="BuyProcess" tests="3" failures="0" errors="0" time="57" timestamp="2019-02-21 19:54:28" hostname="dipak - DIPAKDAS-PC.indusnettechnologies.com" id="Test Suites/BuyProcess">
      <properties>
         <property name="deviceName" value=""/>
         <property name="devicePlatform" value=""/>
         <property name="logFolder" value="C:\\Users\\dipak\\Katalon Studio\\MarkitCore\\Reports\\BuyProcess\\20190221_195423"/>
         <property name="logFiles" value="C:\\Users\\dipak\\Katalon Studio\\MarkitCore\\Reports\\BuyProcess\\20190221_195423\\execution0.log"/>
         <property name="attachments" value=""/>
         <property name="hostName" value="dipak - DIPAKDAS-PC.indusnettechnologies.com"/>
         <property name="os" value="Windows 7 32bit"/>
         <property name="katalonVersion" value="5.10.1.1"/>
         <property name="browser" value="Chrome 72.0.3626.109"/>
         <property name="hostAddress" value="10.0.12.237"/>
         <property name="sessionId" value="f69ef64341bb56dc6320d31461fd5169"/>
         <property name="seleniumVersion" value="3.7.1"/>
         <property name="proxyInformation" value="ProxyInformation{proxyOption=NO_PROXY, proxyServerType=HTTP, password=, proxyServerAddress=, proxyServerPort=0}"/>
         <property name="platform" value="Windows 7"/>
      </properties>
      <testcase name="Test Cases/Login" classname="Test Cases/Login" status="PASSED">
         <system-out><![CDATA[2019-02-21 19:54:28 - [TEST_CASE][PASSED] - Test Cases/Login: Test Cases/Login

2019-02-21 19:54:29 - [TEST_STEP][PASSED] - openBrowser("https://dev.markit-systems.com/markit_coreV2/Sites/CoreTest/login/admin_display"): Browser is opened with url: 'https://dev.markit-systems.com/markit_coreV2/Sites/CoreTest/login/admin_display'

2019-02-21 19:54:29 - [MESSAGE][INFO] - Starting 'Chrome' driver

2019-02-21 19:54:29 - [MESSAGE][INFO] - Action delay is set to 0 seconds

2019-02-21 19:54:39 - [MESSAGE][PASSED] - Browser is opened with url: 'https://dev.markit-systems.com/markit_coreV2/Sites/CoreTest/login/admin_display'

2019-02-21 19:54:39 - [TEST_STEP][PASSED] - maximizeWindow(): Current window maximized

2019-02-21 19:54:40 - [MESSAGE][PASSED] - Current window maximized

2019-02-21 19:54:40 - [TEST_STEP][PASSED] - delay(4): Delayed 4 second(s)

2019-02-21 19:54:44 - [MESSAGE][PASSED] - Delayed 4 second(s)

2019-02-21 19:54:44 - [TEST_STEP][PASSED] - setText(findTestObject("Username"), "dDasTester"): Text 'dDasTester' is set on object 'Object Repository/Username'

2019-02-21 19:54:44 - [MESSAGE][PASSED] - Text 'dDasTester' is set on object 'Object Repository/Username'

2019-02-21 19:54:44 - [TEST_STEP][PASSED] - setText(findTestObject("Password"), "Czybm6R*"): Text 'Czybm6R*' is set on object 'Object Repository/Password'

2019-02-21 19:54:44 - [MESSAGE][PASSED] - Text 'Czybm6R*' is set on object 'Object Repository/Password'

2019-02-21 19:54:44 - [TEST_STEP][PASSED] - click(findTestObject("LoginButton")): Object: 'Object Repository/LoginButton' is clicked on

2019-02-21 19:54:50 - [MESSAGE][PASSED] - Object: 'Object Repository/LoginButton' is clicked on

2019-02-21 19:54:50 - [TEST_STEP][PASSED] - delay(3): Delayed 3 second(s)

2019-02-21 19:54:53 - [MESSAGE][PASSED] - Delayed 3 second(s)]]></system-out>
         <system-err><![CDATA[]]></system-err>
      </testcase>
      <testcase name="Test Cases/ClientSearch" classname="Test Cases/ClientSearch" status="PASSED">
         <system-out><![CDATA[2019-02-21 19:54:53 - [TEST_CASE][PASSED] - Test Cases/ClientSearch: Test Cases/ClientSearch

2019-02-21 19:54:53 - [TEST_STEP][PASSED] - click(findTestObject("ClientSearch")): Object: 'Object Repository/ClientSearch' is clicked on

2019-02-21 19:54:55 - [MESSAGE][PASSED] - Object: 'Object Repository/ClientSearch' is clicked on

2019-02-21 19:54:55 - [TEST_STEP][PASSED] - delay(2): Delayed 2 second(s)

2019-02-21 19:54:57 - [MESSAGE][PASSED] - Delayed 2 second(s)

2019-02-21 19:54:57 - [TEST_STEP][PASSED] - sendKeys(findTestObject("SearchText"), "Dipak"): Keys 'Dipak' sent to object: 'Object Repository/SearchText'

2019-02-21 19:54:57 - [MESSAGE][PASSED] - Keys 'Dipak' sent to object: 'Object Repository/SearchText'

2019-02-21 19:54:57 - [TEST_STEP][PASSED] - sendKeys(findTestObject("SearchText"), Keys.chord(ENTER)): Keys 'ENTER + ' sent to object: 'Object Repository/SearchText'

2019-02-21 19:54:57 - [MESSAGE][PASSED] - Keys 'ENTER + ' sent to object: 'Object Repository/SearchText'

2019-02-21 19:54:57 - [TEST_STEP][PASSED] - delay(2): Delayed 2 second(s)

2019-02-21 19:54:59 - [MESSAGE][PASSED] - Delayed 2 second(s)

2019-02-21 19:54:59 - [TEST_STEP][PASSED] - click(findTestObject("ClientListingAction")): Object: 'Object Repository/ClientListingAction' is clicked on

2019-02-21 19:55:00 - [MESSAGE][PASSED] - Object: 'Object Repository/ClientListingAction' is clicked on

2019-02-21 19:55:00 - [TEST_STEP][PASSED] - delay(5): Delayed 5 second(s)

2019-02-21 19:55:05 - [MESSAGE][PASSED] - Delayed 5 second(s)]]></system-out>
         <system-err><![CDATA[]]></system-err>
      </testcase>
      <testcase name="Test Cases/StartQuote" classname="Test Cases/StartQuote" status="PASSED">
         <system-out><![CDATA[2019-02-21 19:55:05 - [TEST_CASE][PASSED] - Test Cases/StartQuote: Test Cases/StartQuote

2019-02-21 19:55:05 - [TEST_STEP][PASSED] - click(findTestObject("StartQuote")): Object: 'Object Repository/StartQuote' is clicked on

2019-02-21 19:55:09 - [MESSAGE][PASSED] - Object: 'Object Repository/StartQuote' is clicked on

2019-02-21 19:55:09 - [TEST_STEP][PASSED] - delay(3): Delayed 3 second(s)

2019-02-21 19:55:12 - [MESSAGE][PASSED] - Delayed 3 second(s)

2019-02-21 19:55:12 - [TEST_STEP][PASSED] - click(findTestObject("GeneralInformation/currency")): Object: 'Object Repository/GeneralInformation/currency' is clicked on

2019-02-21 19:55:21 - [MESSAGE][PASSED] - Object: 'Object Repository/GeneralInformation/currency' is clicked on

2019-02-21 19:55:21 - [TEST_STEP][PASSED] - selectOptionByLabel(findTestObject("GeneralInformation/currency"), "ZAR", false): All options with label 'ZAR' are selected in object 'Object Repository/GeneralInformation/currency' 

2019-02-21 19:55:21 - [MESSAGE][PASSED] - All options with label 'ZAR' are selected in object 'Object Repository/GeneralInformation/currency' 

2019-02-21 19:55:21 - [TEST_STEP][PASSED] - delay(3): Delayed 3 second(s)

2019-02-21 19:55:24 - [MESSAGE][PASSED] - Delayed 3 second(s)]]></system-out>
         <system-err><![CDATA[]]></system-err>
      </testcase>
      <system-out><![CDATA[2019-02-21 19:54:28 - [TEST_SUITE][PASSED] - BuyProcess: Test Cases/StartQuote]]></system-out>
      <system-err><![CDATA[]]></system-err>
   </testsuite>
</testsuites>
