<?xml version="1.0" encoding="UTF-8"?>
<testsuites name="BuyProcess" time="44" tests="2" failures="0" errors="0">
   <testsuite name="BuyProcess" tests="2" failures="0" errors="0" time="44" timestamp="2019-02-21 15:08:37" hostname="dipak - DIPAKDAS-PC.indusnettechnologies.com" id="Test Suites/BuyProcess">
      <properties>
         <property name="deviceName" value=""/>
         <property name="devicePlatform" value=""/>
         <property name="logFolder" value="C:\\Users\\dipak\\Katalon Studio\\MarkitCore\\Reports\\BuyProcess\\20190221_150835"/>
         <property name="logFiles" value="C:\\Users\\dipak\\Katalon Studio\\MarkitCore\\Reports\\BuyProcess\\20190221_150835\\execution0.log"/>
         <property name="attachments" value=""/>
         <property name="hostName" value="dipak - DIPAKDAS-PC.indusnettechnologies.com"/>
         <property name="os" value="Windows 7 32bit"/>
         <property name="katalonVersion" value="5.10.1.1"/>
         <property name="browser" value="Chrome 72.0.3626.109"/>
         <property name="hostAddress" value="10.0.12.237"/>
         <property name="sessionId" value="5f52d5637c575ffe6a06091c87a1ab2b"/>
         <property name="seleniumVersion" value="3.7.1"/>
         <property name="proxyInformation" value="ProxyInformation{proxyOption=NO_PROXY, proxyServerType=HTTP, password=, proxyServerAddress=, proxyServerPort=0}"/>
         <property name="platform" value="Windows 7"/>
      </properties>
      <testcase name="Test Cases/Login" classname="Test Cases/Login" status="PASSED">
         <system-out><![CDATA[2019-02-21 15:08:37 - [TEST_CASE][PASSED] - Test Cases/Login: Test Cases/Login

2019-02-21 15:08:38 - [TEST_STEP][PASSED] - openBrowser("https://dev.markit-systems.com/markit_coreV2/Sites/CoreTest/login/admin_display"): Browser is opened with url: 'https://dev.markit-systems.com/markit_coreV2/Sites/CoreTest/login/admin_display'

2019-02-21 15:08:38 - [MESSAGE][INFO] - Starting 'Chrome' driver

2019-02-21 15:08:38 - [MESSAGE][INFO] - Action delay is set to 0 seconds

2019-02-21 15:08:54 - [MESSAGE][PASSED] - Browser is opened with url: 'https://dev.markit-systems.com/markit_coreV2/Sites/CoreTest/login/admin_display'

2019-02-21 15:08:54 - [TEST_STEP][PASSED] - maximizeWindow(): Current window maximized

2019-02-21 15:08:54 - [MESSAGE][PASSED] - Current window maximized

2019-02-21 15:08:54 - [TEST_STEP][PASSED] - delay(4): Delayed 4 second(s)

2019-02-21 15:08:58 - [MESSAGE][PASSED] - Delayed 4 second(s)

2019-02-21 15:08:58 - [TEST_STEP][PASSED] - setText(findTestObject("Username"), "dDasTester"): Text 'dDasTester' is set on object 'Object Repository/Username'

2019-02-21 15:08:58 - [MESSAGE][PASSED] - Text 'dDasTester' is set on object 'Object Repository/Username'

2019-02-21 15:08:58 - [TEST_STEP][PASSED] - setText(findTestObject("Password"), "Czybm6R*"): Text 'Czybm6R*' is set on object 'Object Repository/Password'

2019-02-21 15:08:59 - [MESSAGE][PASSED] - Text 'Czybm6R*' is set on object 'Object Repository/Password'

2019-02-21 15:08:59 - [TEST_STEP][PASSED] - click(findTestObject("LoginButton")): Object: 'Object Repository/LoginButton' is clicked on

2019-02-21 15:09:17 - [MESSAGE][PASSED] - Object: 'Object Repository/LoginButton' is clicked on

2019-02-21 15:09:17 - [TEST_STEP][PASSED] - delay(3): Delayed 3 second(s)

2019-02-21 15:09:20 - [MESSAGE][PASSED] - Delayed 3 second(s)]]></system-out>
         <system-err><![CDATA[]]></system-err>
      </testcase>
      <testcase name="Test Cases/ClientSearch" classname="Test Cases/ClientSearch" status="PASSED">
         <system-out><![CDATA[2019-02-21 15:09:20 - [TEST_CASE][PASSED] - Test Cases/ClientSearch: Test Cases/ClientSearch

2019-02-21 15:09:20 - [TEST_STEP][PASSED] - click(findTestObject("ClientSearch")): Object: 'Object Repository/ClientSearch' is clicked on

2019-02-21 15:09:21 - [MESSAGE][PASSED] - Object: 'Object Repository/ClientSearch' is clicked on]]></system-out>
         <system-err><![CDATA[]]></system-err>
      </testcase>
      <system-out><![CDATA[2019-02-21 15:08:37 - [TEST_SUITE][PASSED] - BuyProcess: Test Cases/ClientSearch]]></system-out>
      <system-err><![CDATA[]]></system-err>
   </testsuite>
</testsuites>
