<?xml version="1.0" encoding="UTF-8"?>
<testsuites name="BuyProcess" time="289" tests="2" failures="0" errors="0">
   <testsuite name="BuyProcess" tests="2" failures="0" errors="0" time="289" timestamp="2019-03-04 16:23:34" hostname="dipak - DIPAKDAS-PC.indusnettechnologies.com" id="Test Suites/BuyProcess">
      <properties>
         <property name="deviceName" value=""/>
         <property name="devicePlatform" value=""/>
         <property name="logFolder" value="E:\\MarkitCore\\Katalon\\Katalon\\MarkitCore\\Reports\\BuyProcess\\20190304_162332"/>
         <property name="logFiles" value="E:\\MarkitCore\\Katalon\\Katalon\\MarkitCore\\Reports\\BuyProcess\\20190304_162332\\execution0.log"/>
         <property name="attachments" value=""/>
         <property name="hostName" value="dipak - DIPAKDAS-PC.indusnettechnologies.com"/>
         <property name="os" value="Windows 7 32bit"/>
         <property name="katalonVersion" value="6.0.5.4"/>
         <property name="browser" value="Chrome 72.0.3626.119"/>
         <property name="hostAddress" value="10.0.12.237"/>
         <property name="sessionId" value="95f0bc147f90c81c196b6198d85fcb96"/>
         <property name="seleniumVersion" value="3.7.1"/>
         <property name="proxyInformation" value="ProxyInformation{proxyOption=NO_PROXY, proxyServerType=HTTP, password=, proxyServerAddress=, proxyServerPort=0}"/>
         <property name="platform" value="Windows 7"/>
      </properties>
      <testcase name="Test Cases/DataDriven" classname="Test Cases/DataDriven" status="PASSED">
         <system-out><![CDATA[2019-03-04 16:23:34 - [TEST_CASE][PASSED] - Test Cases/DataDriven: Test Cases/DataDriven

2019-03-04 16:23:35 - [TEST_STEP][PASSED] - openBrowser("https://dev.markit-systems.com/markit_coreV2/Sites/CoreTest/login/admin_display"): Browser is opened with url: 'https://dev.markit-systems.com/markit_coreV2/Sites/CoreTest/login/admin_display'

2019-03-04 16:23:35 - [MESSAGE][INFO] - Starting 'Chrome' driver

2019-03-04 16:23:35 - [MESSAGE][INFO] - Action delay is set to 0 seconds

2019-03-04 16:23:42 - [MESSAGE][PASSED] - Browser is opened with url: 'https://dev.markit-systems.com/markit_coreV2/Sites/CoreTest/login/admin_display'

2019-03-04 16:23:42 - [TEST_STEP][PASSED] - maximizeWindow(): Current window maximized

2019-03-04 16:23:43 - [MESSAGE][PASSED] - Current window maximized

2019-03-04 16:23:43 - [TEST_STEP][PASSED] - waitForPageLoad(4): Wait for page load successfully

2019-03-04 16:23:43 - [MESSAGE][PASSED] - Wait for page load successfully

2019-03-04 16:23:43 - [TEST_STEP][PASSED] - setText(findTestObject("Username"), UserName): Text 'dDasTester' is set on object 'Object Repository/Username'

2019-03-04 16:23:43 - [MESSAGE][PASSED] - Text 'dDasTester' is set on object 'Object Repository/Username'

2019-03-04 16:23:43 - [TEST_STEP][PASSED] - waitForPageLoad(4): Wait for page load successfully

2019-03-04 16:23:43 - [MESSAGE][PASSED] - Wait for page load successfully

2019-03-04 16:23:43 - [TEST_STEP][PASSED] - setText(findTestObject("Password"), Password): Text 'Czybm6R*' is set on object 'Object Repository/Password'

2019-03-04 16:23:43 - [MESSAGE][PASSED] - Text 'Czybm6R*' is set on object 'Object Repository/Password'

2019-03-04 16:23:43 - [TEST_STEP][PASSED] - delay(5): Delayed 5 second(s)

2019-03-04 16:23:48 - [MESSAGE][PASSED] - Delayed 5 second(s)

2019-03-04 16:23:48 - [TEST_STEP][PASSED] - waitForElementClickable(findTestObject("LoginButton"), 5): Object 'Object Repository/LoginButton' is clickable

2019-03-04 16:23:48 - [MESSAGE][PASSED] - Object 'Object Repository/LoginButton' is clickable

2019-03-04 16:23:48 - [TEST_STEP][PASSED] - click(findTestObject("LoginButton")): Object: 'Object Repository/LoginButton' is clicked on

2019-03-04 16:23:54 - [MESSAGE][PASSED] - Object: 'Object Repository/LoginButton' is clicked on

2019-03-04 16:23:54 - [TEST_STEP][PASSED] - delay(3): Delayed 3 second(s)

2019-03-04 16:23:57 - [MESSAGE][PASSED] - Delayed 3 second(s)

2019-03-04 16:23:57 - [TEST_STEP][PASSED] - callTestCase(findTestCase("ClientSearch"), [:], STOP_ON_FAILURE): Call Test Case 'Test Cases/ClientSearch' successfully

2019-03-04 16:23:57 - [TEST_CASE][PASSED] - Test Cases/ClientSearch: Test Cases/ClientSearch

2019-03-04 16:23:57 - [TEST_STEP][PASSED] - waitForElementClickable(findTestObject("ClientSearch"), 10): Object 'Object Repository/ClientSearch' is clickable

2019-03-04 16:23:58 - [MESSAGE][PASSED] - Object 'Object Repository/ClientSearch' is clickable

2019-03-04 16:23:58 - [TEST_STEP][PASSED] - click(findTestObject("ClientSearch")): Object: 'Object Repository/ClientSearch' is clicked on

2019-03-04 16:23:59 - [MESSAGE][PASSED] - Object: 'Object Repository/ClientSearch' is clicked on

2019-03-04 16:23:59 - [TEST_STEP][PASSED] - delay(5): Delayed 5 second(s)

2019-03-04 16:24:04 - [MESSAGE][PASSED] - Delayed 5 second(s)

2019-03-04 16:24:04 - [TEST_STEP][PASSED] - sendKeys(findTestObject("SearchText"), "Dipak"): Keys 'Dipak' sent to object: 'Object Repository/SearchText'

2019-03-04 16:24:04 - [MESSAGE][PASSED] - Keys 'Dipak' sent to object: 'Object Repository/SearchText'

2019-03-04 16:24:04 - [TEST_STEP][PASSED] - sendKeys(findTestObject("SearchText"), Keys.chord(ENTER)): Keys 'ENTER + ' sent to object: 'Object Repository/SearchText'

2019-03-04 16:24:04 - [MESSAGE][PASSED] - Keys 'ENTER + ' sent to object: 'Object Repository/SearchText'

2019-03-04 16:24:04 - [TEST_STEP][PASSED] - delay(3): Delayed 3 second(s)

2019-03-04 16:24:07 - [MESSAGE][PASSED] - Delayed 3 second(s)

2019-03-04 16:24:07 - [TEST_STEP][PASSED] - waitForElementClickable(findTestObject("ClientListingAction"), 5): Object 'Object Repository/ClientListingAction' is clickable

2019-03-04 16:24:07 - [MESSAGE][PASSED] - Object 'Object Repository/ClientListingAction' is clickable

2019-03-04 16:24:07 - [TEST_STEP][PASSED] - click(findTestObject("ClientListingAction")): Object: 'Object Repository/ClientListingAction' is clicked on

2019-03-04 16:24:08 - [MESSAGE][PASSED] - Object: 'Object Repository/ClientListingAction' is clicked on

2019-03-04 16:24:08 - [TEST_STEP][PASSED] - delay(5): Delayed 5 second(s)

2019-03-04 16:24:13 - [MESSAGE][PASSED] - Delayed 5 second(s)

2019-03-04 16:24:13 - [MESSAGE][PASSED] - Call Test Case 'Test Cases/ClientSearch' successfully

2019-03-04 16:24:13 - [TEST_STEP][PASSED] - delay(3): Delayed 3 second(s)

2019-03-04 16:24:16 - [MESSAGE][PASSED] - Delayed 3 second(s)

2019-03-04 16:24:16 - [TEST_STEP][PASSED] - callTestCase(findTestCase("StartQuote"), [:], STOP_ON_FAILURE): Call Test Case 'Test Cases/StartQuote' successfully

2019-03-04 16:24:17 - [TEST_CASE][PASSED] - Test Cases/StartQuote: Test Cases/StartQuote

2019-03-04 16:24:17 - [TEST_STEP][PASSED] - click(findTestObject("StartQuote")): Object: 'Object Repository/StartQuote' is clicked on

2019-03-04 16:24:19 - [MESSAGE][PASSED] - Object: 'Object Repository/StartQuote' is clicked on

2019-03-04 16:24:19 - [TEST_STEP][PASSED] - delay(3): Delayed 3 second(s)

2019-03-04 16:24:22 - [MESSAGE][PASSED] - Delayed 3 second(s)

2019-03-04 16:24:22 - [TEST_STEP][PASSED] - selectOptionByLabel(findTestObject("GeneralInformation/currency"), "ZAR", false): All options with label 'ZAR' are selected in object 'Object Repository/GeneralInformation/currency' 

2019-03-04 16:24:22 - [MESSAGE][PASSED] - All options with label 'ZAR' are selected in object 'Object Repository/GeneralInformation/currency' 

2019-03-04 16:24:22 - [TEST_STEP][PASSED] - delay(3): Delayed 3 second(s)

2019-03-04 16:24:25 - [MESSAGE][PASSED] - Delayed 3 second(s)

2019-03-04 16:24:25 - [TEST_STEP][PASSED] - selectOptionByLabel(findTestObject("GeneralInformation/SelectBroker"), "New Broker", false): All options with label 'New Broker' are selected in object 'Object Repository/GeneralInformation/SelectBroker' 

2019-03-04 16:24:25 - [MESSAGE][PASSED] - All options with label 'New Broker' are selected in object 'Object Repository/GeneralInformation/SelectBroker' 

2019-03-04 16:24:25 - [TEST_STEP][PASSED] - delay(3): Delayed 3 second(s)

2019-03-04 16:24:28 - [MESSAGE][PASSED] - Delayed 3 second(s)

2019-03-04 16:24:28 - [TEST_STEP][PASSED] - selectOptionByLabel(findTestObject("GeneralInformation/SelectProduct"), "BasicDemoProduct", false): All options with label 'BasicDemoProduct' are selected in object 'Object Repository/GeneralInformation/SelectProduct' 

2019-03-04 16:24:28 - [MESSAGE][PASSED] - All options with label 'BasicDemoProduct' are selected in object 'Object Repository/GeneralInformation/SelectProduct' 

2019-03-04 16:24:28 - [TEST_STEP][PASSED] - delay(3): Delayed 3 second(s)

2019-03-04 16:24:31 - [MESSAGE][PASSED] - Delayed 3 second(s)

2019-03-04 16:24:31 - [TEST_STEP][PASSED] - selectOptionByLabel(findTestObject("GeneralInformation/PolicyTerm"), "Monthly", false): All options with label 'Monthly' are selected in object 'Object Repository/GeneralInformation/PolicyTerm' 

2019-03-04 16:24:31 - [MESSAGE][PASSED] - All options with label 'Monthly' are selected in object 'Object Repository/GeneralInformation/PolicyTerm' 

2019-03-04 16:24:31 - [TEST_STEP][PASSED] - delay(3): Delayed 3 second(s)

2019-03-04 16:24:34 - [MESSAGE][PASSED] - Delayed 3 second(s)

2019-03-04 16:24:34 - [TEST_STEP][PASSED] - click(findTestObject("GeneralInformation/PolicyStartDate")): Object: 'Object Repository/GeneralInformation/PolicyStartDate' is clicked on

2019-03-04 16:24:35 - [MESSAGE][PASSED] - Object: 'Object Repository/GeneralInformation/PolicyStartDate' is clicked on

2019-03-04 16:24:35 - [TEST_STEP][PASSED] - delay(3): Delayed 3 second(s)

2019-03-04 16:24:38 - [MESSAGE][PASSED] - Delayed 3 second(s)

2019-03-04 16:24:38 - [TEST_STEP][PASSED] - selectOptionByLabel(findTestObject("GeneralInformation/Policy_Start_Year"), "2019", false): All options with label '2019' are selected in object 'Object Repository/GeneralInformation/Policy_Start_Year' 

2019-03-04 16:24:38 - [MESSAGE][PASSED] - All options with label '2019' are selected in object 'Object Repository/GeneralInformation/Policy_Start_Year' 

2019-03-04 16:24:38 - [TEST_STEP][PASSED] - delay(3): Delayed 3 second(s)

2019-03-04 16:24:41 - [MESSAGE][PASSED] - Delayed 3 second(s)

2019-03-04 16:24:41 - [TEST_STEP][PASSED] - selectOptionByLabel(findTestObject("GeneralInformation/Policy_Start_Month"), "Feb", false): All options with label 'Feb' are selected in object 'Object Repository/GeneralInformation/Policy_Start_Month' 

2019-03-04 16:24:41 - [MESSAGE][PASSED] - All options with label 'Feb' are selected in object 'Object Repository/GeneralInformation/Policy_Start_Month' 

2019-03-04 16:24:41 - [TEST_STEP][PASSED] - delay(3): Delayed 3 second(s)

2019-03-04 16:24:44 - [MESSAGE][PASSED] - Delayed 3 second(s)

2019-03-04 16:24:44 - [TEST_STEP][PASSED] - click(findTestObject("GeneralInformation/Policy_Start_Day")): Object: 'Object Repository/GeneralInformation/Policy_Start_Day' is clicked on

2019-03-04 16:24:45 - [MESSAGE][PASSED] - Object: 'Object Repository/GeneralInformation/Policy_Start_Day' is clicked on

2019-03-04 16:24:45 - [TEST_STEP][PASSED] - delay(3): Delayed 3 second(s)

2019-03-04 16:24:48 - [MESSAGE][PASSED] - Delayed 3 second(s)

2019-03-04 16:24:48 - [TEST_STEP][PASSED] - click(findTestObject("GeneralInformation/PolicyEndDate")): Object: 'Object Repository/GeneralInformation/PolicyEndDate' is clicked on

2019-03-04 16:24:48 - [MESSAGE][PASSED] - Object: 'Object Repository/GeneralInformation/PolicyEndDate' is clicked on

2019-03-04 16:24:48 - [TEST_STEP][PASSED] - delay(3): Delayed 3 second(s)

2019-03-04 16:24:51 - [MESSAGE][PASSED] - Delayed 3 second(s)

2019-03-04 16:24:51 - [TEST_STEP][PASSED] - selectOptionByLabel(findTestObject("GeneralInformation/Policy_Start_Year"), "2019", false): All options with label '2019' are selected in object 'Object Repository/GeneralInformation/Policy_Start_Year' 

2019-03-04 16:24:51 - [MESSAGE][PASSED] - All options with label '2019' are selected in object 'Object Repository/GeneralInformation/Policy_Start_Year' 

2019-03-04 16:24:51 - [TEST_STEP][PASSED] - delay(3): Delayed 3 second(s)

2019-03-04 16:24:54 - [MESSAGE][PASSED] - Delayed 3 second(s)

2019-03-04 16:24:54 - [TEST_STEP][PASSED] - selectOptionByLabel(findTestObject("GeneralInformation/Policy_Start_Month"), "Mar", false): All options with label 'Mar' are selected in object 'Object Repository/GeneralInformation/Policy_Start_Month' 

2019-03-04 16:24:54 - [MESSAGE][PASSED] - All options with label 'Mar' are selected in object 'Object Repository/GeneralInformation/Policy_Start_Month' 

2019-03-04 16:24:54 - [TEST_STEP][PASSED] - delay(3): Delayed 3 second(s)

2019-03-04 16:24:57 - [MESSAGE][PASSED] - Delayed 3 second(s)

2019-03-04 16:24:57 - [TEST_STEP][PASSED] - click(findTestObject("GeneralInformation/Policy_Start_Day")): Object: 'Object Repository/GeneralInformation/Policy_Start_Day' is clicked on

2019-03-04 16:24:57 - [MESSAGE][PASSED] - Object: 'Object Repository/GeneralInformation/Policy_Start_Day' is clicked on

2019-03-04 16:24:57 - [TEST_STEP][PASSED] - delay(3): Delayed 3 second(s)

2019-03-04 16:25:00 - [MESSAGE][PASSED] - Delayed 3 second(s)

2019-03-04 16:25:00 - [TEST_STEP][PASSED] - click(findTestObject("Object Repository/GeneralInformation/NextButton")): Object: 'Object Repository/GeneralInformation/NextButton' is clicked on

2019-03-04 16:25:00 - [MESSAGE][PASSED] - Object: 'Object Repository/GeneralInformation/NextButton' is clicked on

2019-03-04 16:25:00 - [TEST_STEP][PASSED] - delay(3): Delayed 3 second(s)

2019-03-04 16:25:03 - [MESSAGE][PASSED] - Delayed 3 second(s)

2019-03-04 16:25:03 - [TEST_STEP][PASSED] - click(findTestObject("GeneralInformation/CancelAlert")): Object: 'Object Repository/GeneralInformation/CancelAlert' is clicked on

2019-03-04 16:25:07 - [MESSAGE][PASSED] - Object: 'Object Repository/GeneralInformation/CancelAlert' is clicked on

2019-03-04 16:25:07 - [TEST_STEP][PASSED] - delay(5): Delayed 5 second(s)

2019-03-04 16:25:12 - [MESSAGE][PASSED] - Delayed 5 second(s)

2019-03-04 16:25:12 - [TEST_STEP][PASSED] - selectOptionByLabel(findTestObject("RiskDetails/Page_Markit core new  Risk details/SelectType"), "StandAlone", false): All options with label 'StandAlone' are selected in object 'Object Repository/RiskDetails/Page_Markit core new  Risk details/SelectType' 

2019-03-04 16:25:12 - [MESSAGE][PASSED] - All options with label 'StandAlone' are selected in object 'Object Repository/RiskDetails/Page_Markit core new  Risk details/SelectType' 

2019-03-04 16:25:12 - [TEST_STEP][PASSED] - delay(5): Delayed 5 second(s)

2019-03-04 16:25:17 - [MESSAGE][PASSED] - Delayed 5 second(s)

2019-03-04 16:25:17 - [TEST_STEP][PASSED] - setText(findTestObject("RiskDetails/Page_Markit core new  Risk details/SumInsure"), "1000"): Text '1000' is set on object 'Object Repository/RiskDetails/Page_Markit core new  Risk details/SumInsure'

2019-03-04 16:25:17 - [MESSAGE][PASSED] - Text '1000' is set on object 'Object Repository/RiskDetails/Page_Markit core new  Risk details/SumInsure'

2019-03-04 16:25:17 - [TEST_STEP][PASSED] - delay(2): Delayed 2 second(s)

2019-03-04 16:25:19 - [MESSAGE][PASSED] - Delayed 2 second(s)

2019-03-04 16:25:19 - [TEST_STEP][PASSED] - setText(findTestObject("RiskDetails/Page_Markit core new  Risk details/RoomNo"), "10"): Text '10' is set on object 'Object Repository/RiskDetails/Page_Markit core new  Risk details/RoomNo'

2019-03-04 16:25:19 - [MESSAGE][PASSED] - Text '10' is set on object 'Object Repository/RiskDetails/Page_Markit core new  Risk details/RoomNo'

2019-03-04 16:25:19 - [TEST_STEP][PASSED] - setText(findTestObject("RiskDetails/Page_Markit core new  Risk details/ContentSumInsure"), "1000"): Text '1000' is set on object 'Object Repository/RiskDetails/Page_Markit core new  Risk details/ContentSumInsure'

2019-03-04 16:25:19 - [MESSAGE][PASSED] - Text '1000' is set on object 'Object Repository/RiskDetails/Page_Markit core new  Risk details/ContentSumInsure'

2019-03-04 16:25:19 - [TEST_STEP][PASSED] - click(findTestObject("RiskDetails/Page_Markit core new  Risk details/ButtonSubmit")): Object: 'Object Repository/RiskDetails/Page_Markit core new  Risk details/ButtonSubmit' is clicked on

2019-03-04 16:25:27 - [MESSAGE][PASSED] - Object: 'Object Repository/RiskDetails/Page_Markit core new  Risk details/ButtonSubmit' is clicked on

2019-03-04 16:25:27 - [TEST_STEP][PASSED] - delay(3): Delayed 3 second(s)

2019-03-04 16:25:30 - [MESSAGE][PASSED] - Delayed 3 second(s)

2019-03-04 16:25:30 - [TEST_STEP][PASSED] - click(findTestObject("PremiumPage/Bind")): Object: 'Object Repository/PremiumPage/Bind' is clicked on

2019-03-04 16:25:31 - [MESSAGE][PASSED] - Object: 'Object Repository/PremiumPage/Bind' is clicked on

2019-03-04 16:25:31 - [TEST_STEP][PASSED] - delay(5): Delayed 5 second(s)

2019-03-04 16:25:36 - [MESSAGE][PASSED] - Delayed 5 second(s)

2019-03-04 16:25:36 - [TEST_STEP][PASSED] - click(findTestObject("PaymentDetails/PaymentMethods")): Object: 'Object Repository/PaymentDetails/PaymentMethods' is clicked on

2019-03-04 16:25:36 - [MESSAGE][PASSED] - Object: 'Object Repository/PaymentDetails/PaymentMethods' is clicked on

2019-03-04 16:25:36 - [TEST_STEP][PASSED] - selectOptionByLabel(findTestObject("PaymentDetails/SelectInstallment"), "1", false, STOP_ON_FAILURE): All options with label '1' are selected in object 'Object Repository/PaymentDetails/SelectInstallment' 

2019-03-04 16:25:36 - [MESSAGE][PASSED] - All options with label '1' are selected in object 'Object Repository/PaymentDetails/SelectInstallment' 

2019-03-04 16:25:36 - [TEST_STEP][PASSED] - delay(3): Delayed 3 second(s)

2019-03-04 16:25:39 - [MESSAGE][PASSED] - Delayed 3 second(s)

2019-03-04 16:25:39 - [TEST_STEP][PASSED] - click(findTestObject("PaymentDetails/PaymentBind")): Object: 'Object Repository/PaymentDetails/PaymentBind' is clicked on

2019-03-04 16:25:39 - [MESSAGE][PASSED] - Object: 'Object Repository/PaymentDetails/PaymentBind' is clicked on

2019-03-04 16:25:39 - [TEST_STEP][PASSED] - delay(5): Delayed 5 second(s)

2019-03-04 16:25:44 - [MESSAGE][PASSED] - Delayed 5 second(s)

2019-03-04 16:25:44 - [TEST_STEP][PASSED] - click(findTestObject("PaymentDetails/Email")): Object: 'Object Repository/PaymentDetails/Email' is clicked on

2019-03-04 16:25:45 - [MESSAGE][PASSED] - Object: 'Object Repository/PaymentDetails/Email' is clicked on

2019-03-04 16:25:45 - [TEST_STEP][PASSED] - delay(3): Delayed 3 second(s)

2019-03-04 16:25:48 - [MESSAGE][PASSED] - Delayed 3 second(s)

2019-03-04 16:25:48 - [TEST_STEP][PASSED] - waitForElementVisible(findTestObject("PaymentDetails/ConfirmationMessage"), 10): Object 'Object Repository/PaymentDetails/ConfirmationMessage' is visible

2019-03-04 16:25:49 - [MESSAGE][PASSED] - Object 'Object Repository/PaymentDetails/ConfirmationMessage' is visible

2019-03-04 16:25:49 - [MESSAGE][PASSED] - Call Test Case 'Test Cases/StartQuote' successfully

2019-03-04 16:25:49 - [TEST_STEP][PASSED] - delay(5): Delayed 5 second(s)

2019-03-04 16:25:54 - [MESSAGE][PASSED] - Delayed 5 second(s)

2019-03-04 16:25:54 - [TEST_STEP][PASSED] - click(findTestObject("Logout")): Object: 'Object Repository/Logout' is clicked on

2019-03-04 16:25:56 - [MESSAGE][PASSED] - Object: 'Object Repository/Logout' is clicked on

2019-03-04 16:25:56 - [TEST_STEP][PASSED] - delay(4): Delayed 4 second(s)

2019-03-04 16:26:00 - [MESSAGE][PASSED] - Delayed 4 second(s)]]></system-out>
         <system-err><![CDATA[]]></system-err>
      </testcase>
      <testcase name="Test Cases/DataDriven" classname="Test Cases/DataDriven" status="PASSED">
         <system-out><![CDATA[2019-03-04 16:26:00 - [TEST_CASE][PASSED] - Test Cases/DataDriven: Test Cases/DataDriven

2019-03-04 16:26:00 - [TEST_STEP][PASSED] - openBrowser("https://dev.markit-systems.com/markit_coreV2/Sites/CoreTest/login/admin_display"): Browser is opened with url: 'https://dev.markit-systems.com/markit_coreV2/Sites/CoreTest/login/admin_display'

2019-03-04 16:26:00 - [MESSAGE][WARNING] - A browser is already opened. Closing browser and opening a new one

2019-03-04 16:26:00 - [MESSAGE][INFO] - Starting 'Chrome' driver

2019-03-04 16:26:08 - [MESSAGE][PASSED] - Browser is opened with url: 'https://dev.markit-systems.com/markit_coreV2/Sites/CoreTest/login/admin_display'

2019-03-04 16:26:08 - [TEST_STEP][PASSED] - maximizeWindow(): Current window maximized

2019-03-04 16:26:08 - [MESSAGE][PASSED] - Current window maximized

2019-03-04 16:26:08 - [TEST_STEP][PASSED] - waitForPageLoad(4): Wait for page load successfully

2019-03-04 16:26:08 - [MESSAGE][PASSED] - Wait for page load successfully

2019-03-04 16:26:08 - [TEST_STEP][PASSED] - setText(findTestObject("Username"), UserName): Text 'dDasTester' is set on object 'Object Repository/Username'

2019-03-04 16:26:08 - [MESSAGE][PASSED] - Text 'dDasTester' is set on object 'Object Repository/Username'

2019-03-04 16:26:08 - [TEST_STEP][PASSED] - waitForPageLoad(4): Wait for page load successfully

2019-03-04 16:26:08 - [MESSAGE][PASSED] - Wait for page load successfully

2019-03-04 16:26:08 - [TEST_STEP][PASSED] - setText(findTestObject("Password"), Password): Text 'Czybm6R*' is set on object 'Object Repository/Password'

2019-03-04 16:26:08 - [MESSAGE][PASSED] - Text 'Czybm6R*' is set on object 'Object Repository/Password'

2019-03-04 16:26:08 - [TEST_STEP][PASSED] - delay(5): Delayed 5 second(s)

2019-03-04 16:26:13 - [MESSAGE][PASSED] - Delayed 5 second(s)

2019-03-04 16:26:13 - [TEST_STEP][PASSED] - waitForElementClickable(findTestObject("LoginButton"), 5): Object 'Object Repository/LoginButton' is clickable

2019-03-04 16:26:13 - [MESSAGE][PASSED] - Object 'Object Repository/LoginButton' is clickable

2019-03-04 16:26:13 - [TEST_STEP][PASSED] - click(findTestObject("LoginButton")): Object: 'Object Repository/LoginButton' is clicked on

2019-03-04 16:26:18 - [MESSAGE][PASSED] - Object: 'Object Repository/LoginButton' is clicked on

2019-03-04 16:26:18 - [TEST_STEP][PASSED] - delay(3): Delayed 3 second(s)

2019-03-04 16:26:21 - [MESSAGE][PASSED] - Delayed 3 second(s)

2019-03-04 16:26:21 - [TEST_STEP][PASSED] - callTestCase(findTestCase("ClientSearch"), [:], STOP_ON_FAILURE): Call Test Case 'Test Cases/ClientSearch' successfully

2019-03-04 16:26:21 - [TEST_CASE][PASSED] - Test Cases/ClientSearch: Test Cases/ClientSearch

2019-03-04 16:26:21 - [TEST_STEP][PASSED] - waitForElementClickable(findTestObject("ClientSearch"), 10): Object 'Object Repository/ClientSearch' is clickable

2019-03-04 16:26:22 - [MESSAGE][PASSED] - Object 'Object Repository/ClientSearch' is clickable

2019-03-04 16:26:22 - [TEST_STEP][PASSED] - click(findTestObject("ClientSearch")): Object: 'Object Repository/ClientSearch' is clicked on

2019-03-04 16:26:23 - [MESSAGE][PASSED] - Object: 'Object Repository/ClientSearch' is clicked on

2019-03-04 16:26:23 - [TEST_STEP][PASSED] - delay(5): Delayed 5 second(s)

2019-03-04 16:26:28 - [MESSAGE][PASSED] - Delayed 5 second(s)

2019-03-04 16:26:28 - [TEST_STEP][PASSED] - sendKeys(findTestObject("SearchText"), "Dipak"): Keys 'Dipak' sent to object: 'Object Repository/SearchText'

2019-03-04 16:26:28 - [MESSAGE][PASSED] - Keys 'Dipak' sent to object: 'Object Repository/SearchText'

2019-03-04 16:26:28 - [TEST_STEP][PASSED] - sendKeys(findTestObject("SearchText"), Keys.chord(ENTER)): Keys 'ENTER + ' sent to object: 'Object Repository/SearchText'

2019-03-04 16:26:28 - [MESSAGE][PASSED] - Keys 'ENTER + ' sent to object: 'Object Repository/SearchText'

2019-03-04 16:26:28 - [TEST_STEP][PASSED] - delay(3): Delayed 3 second(s)

2019-03-04 16:26:31 - [MESSAGE][PASSED] - Delayed 3 second(s)

2019-03-04 16:26:31 - [TEST_STEP][PASSED] - waitForElementClickable(findTestObject("ClientListingAction"), 5): Object 'Object Repository/ClientListingAction' is clickable

2019-03-04 16:26:31 - [MESSAGE][PASSED] - Object 'Object Repository/ClientListingAction' is clickable

2019-03-04 16:26:31 - [TEST_STEP][PASSED] - click(findTestObject("ClientListingAction")): Object: 'Object Repository/ClientListingAction' is clicked on

2019-03-04 16:26:32 - [MESSAGE][PASSED] - Object: 'Object Repository/ClientListingAction' is clicked on

2019-03-04 16:26:32 - [TEST_STEP][PASSED] - delay(5): Delayed 5 second(s)

2019-03-04 16:26:37 - [MESSAGE][PASSED] - Delayed 5 second(s)

2019-03-04 16:26:37 - [MESSAGE][PASSED] - Call Test Case 'Test Cases/ClientSearch' successfully

2019-03-04 16:26:37 - [TEST_STEP][PASSED] - delay(3): Delayed 3 second(s)

2019-03-04 16:26:40 - [MESSAGE][PASSED] - Delayed 3 second(s)

2019-03-04 16:26:40 - [TEST_STEP][PASSED] - callTestCase(findTestCase("StartQuote"), [:], STOP_ON_FAILURE): Call Test Case 'Test Cases/StartQuote' successfully

2019-03-04 16:26:40 - [TEST_CASE][PASSED] - Test Cases/StartQuote: Test Cases/StartQuote

2019-03-04 16:26:40 - [TEST_STEP][PASSED] - click(findTestObject("StartQuote")): Object: 'Object Repository/StartQuote' is clicked on

2019-03-04 16:26:42 - [MESSAGE][PASSED] - Object: 'Object Repository/StartQuote' is clicked on

2019-03-04 16:26:42 - [TEST_STEP][PASSED] - delay(3): Delayed 3 second(s)

2019-03-04 16:26:45 - [MESSAGE][PASSED] - Delayed 3 second(s)

2019-03-04 16:26:45 - [TEST_STEP][PASSED] - selectOptionByLabel(findTestObject("GeneralInformation/currency"), "ZAR", false): All options with label 'ZAR' are selected in object 'Object Repository/GeneralInformation/currency' 

2019-03-04 16:26:45 - [MESSAGE][PASSED] - All options with label 'ZAR' are selected in object 'Object Repository/GeneralInformation/currency' 

2019-03-04 16:26:45 - [TEST_STEP][PASSED] - delay(3): Delayed 3 second(s)

2019-03-04 16:26:48 - [MESSAGE][PASSED] - Delayed 3 second(s)

2019-03-04 16:26:48 - [TEST_STEP][PASSED] - selectOptionByLabel(findTestObject("GeneralInformation/SelectBroker"), "New Broker", false): All options with label 'New Broker' are selected in object 'Object Repository/GeneralInformation/SelectBroker' 

2019-03-04 16:26:48 - [MESSAGE][PASSED] - All options with label 'New Broker' are selected in object 'Object Repository/GeneralInformation/SelectBroker' 

2019-03-04 16:26:48 - [TEST_STEP][PASSED] - delay(3): Delayed 3 second(s)

2019-03-04 16:26:51 - [MESSAGE][PASSED] - Delayed 3 second(s)

2019-03-04 16:26:51 - [TEST_STEP][PASSED] - selectOptionByLabel(findTestObject("GeneralInformation/SelectProduct"), "BasicDemoProduct", false): All options with label 'BasicDemoProduct' are selected in object 'Object Repository/GeneralInformation/SelectProduct' 

2019-03-04 16:26:51 - [MESSAGE][PASSED] - All options with label 'BasicDemoProduct' are selected in object 'Object Repository/GeneralInformation/SelectProduct' 

2019-03-04 16:26:51 - [TEST_STEP][PASSED] - delay(3): Delayed 3 second(s)

2019-03-04 16:26:54 - [MESSAGE][PASSED] - Delayed 3 second(s)

2019-03-04 16:26:54 - [TEST_STEP][PASSED] - selectOptionByLabel(findTestObject("GeneralInformation/PolicyTerm"), "Monthly", false): All options with label 'Monthly' are selected in object 'Object Repository/GeneralInformation/PolicyTerm' 

2019-03-04 16:26:54 - [MESSAGE][PASSED] - All options with label 'Monthly' are selected in object 'Object Repository/GeneralInformation/PolicyTerm' 

2019-03-04 16:26:54 - [TEST_STEP][PASSED] - delay(3): Delayed 3 second(s)

2019-03-04 16:26:57 - [MESSAGE][PASSED] - Delayed 3 second(s)

2019-03-04 16:26:57 - [TEST_STEP][PASSED] - click(findTestObject("GeneralInformation/PolicyStartDate")): Object: 'Object Repository/GeneralInformation/PolicyStartDate' is clicked on

2019-03-04 16:26:57 - [MESSAGE][PASSED] - Object: 'Object Repository/GeneralInformation/PolicyStartDate' is clicked on

2019-03-04 16:26:57 - [TEST_STEP][PASSED] - delay(3): Delayed 3 second(s)

2019-03-04 16:27:00 - [MESSAGE][PASSED] - Delayed 3 second(s)

2019-03-04 16:27:00 - [TEST_STEP][PASSED] - selectOptionByLabel(findTestObject("GeneralInformation/Policy_Start_Year"), "2019", false): All options with label '2019' are selected in object 'Object Repository/GeneralInformation/Policy_Start_Year' 

2019-03-04 16:27:00 - [MESSAGE][PASSED] - All options with label '2019' are selected in object 'Object Repository/GeneralInformation/Policy_Start_Year' 

2019-03-04 16:27:00 - [TEST_STEP][PASSED] - delay(3): Delayed 3 second(s)

2019-03-04 16:27:03 - [MESSAGE][PASSED] - Delayed 3 second(s)

2019-03-04 16:27:03 - [TEST_STEP][PASSED] - selectOptionByLabel(findTestObject("GeneralInformation/Policy_Start_Month"), "Feb", false): All options with label 'Feb' are selected in object 'Object Repository/GeneralInformation/Policy_Start_Month' 

2019-03-04 16:27:03 - [MESSAGE][PASSED] - All options with label 'Feb' are selected in object 'Object Repository/GeneralInformation/Policy_Start_Month' 

2019-03-04 16:27:03 - [TEST_STEP][PASSED] - delay(3): Delayed 3 second(s)

2019-03-04 16:27:06 - [MESSAGE][PASSED] - Delayed 3 second(s)

2019-03-04 16:27:06 - [TEST_STEP][PASSED] - click(findTestObject("GeneralInformation/Policy_Start_Day")): Object: 'Object Repository/GeneralInformation/Policy_Start_Day' is clicked on

2019-03-04 16:27:07 - [MESSAGE][PASSED] - Object: 'Object Repository/GeneralInformation/Policy_Start_Day' is clicked on

2019-03-04 16:27:07 - [TEST_STEP][PASSED] - delay(3): Delayed 3 second(s)

2019-03-04 16:27:10 - [MESSAGE][PASSED] - Delayed 3 second(s)

2019-03-04 16:27:10 - [TEST_STEP][PASSED] - click(findTestObject("GeneralInformation/PolicyEndDate")): Object: 'Object Repository/GeneralInformation/PolicyEndDate' is clicked on

2019-03-04 16:27:10 - [MESSAGE][PASSED] - Object: 'Object Repository/GeneralInformation/PolicyEndDate' is clicked on

2019-03-04 16:27:10 - [TEST_STEP][PASSED] - delay(3): Delayed 3 second(s)

2019-03-04 16:27:13 - [MESSAGE][PASSED] - Delayed 3 second(s)

2019-03-04 16:27:13 - [TEST_STEP][PASSED] - selectOptionByLabel(findTestObject("GeneralInformation/Policy_Start_Year"), "2019", false): All options with label '2019' are selected in object 'Object Repository/GeneralInformation/Policy_Start_Year' 

2019-03-04 16:27:13 - [MESSAGE][PASSED] - All options with label '2019' are selected in object 'Object Repository/GeneralInformation/Policy_Start_Year' 

2019-03-04 16:27:13 - [TEST_STEP][PASSED] - delay(3): Delayed 3 second(s)

2019-03-04 16:27:16 - [MESSAGE][PASSED] - Delayed 3 second(s)

2019-03-04 16:27:16 - [TEST_STEP][PASSED] - selectOptionByLabel(findTestObject("GeneralInformation/Policy_Start_Month"), "Mar", false): All options with label 'Mar' are selected in object 'Object Repository/GeneralInformation/Policy_Start_Month' 

2019-03-04 16:27:16 - [MESSAGE][PASSED] - All options with label 'Mar' are selected in object 'Object Repository/GeneralInformation/Policy_Start_Month' 

2019-03-04 16:27:16 - [TEST_STEP][PASSED] - delay(3): Delayed 3 second(s)

2019-03-04 16:27:19 - [MESSAGE][PASSED] - Delayed 3 second(s)

2019-03-04 16:27:19 - [TEST_STEP][PASSED] - click(findTestObject("GeneralInformation/Policy_Start_Day")): Object: 'Object Repository/GeneralInformation/Policy_Start_Day' is clicked on

2019-03-04 16:27:19 - [MESSAGE][PASSED] - Object: 'Object Repository/GeneralInformation/Policy_Start_Day' is clicked on

2019-03-04 16:27:19 - [TEST_STEP][PASSED] - delay(3): Delayed 3 second(s)

2019-03-04 16:27:22 - [MESSAGE][PASSED] - Delayed 3 second(s)

2019-03-04 16:27:22 - [TEST_STEP][PASSED] - click(findTestObject("Object Repository/GeneralInformation/NextButton")): Object: 'Object Repository/GeneralInformation/NextButton' is clicked on

2019-03-04 16:27:23 - [MESSAGE][PASSED] - Object: 'Object Repository/GeneralInformation/NextButton' is clicked on

2019-03-04 16:27:23 - [TEST_STEP][PASSED] - delay(3): Delayed 3 second(s)

2019-03-04 16:27:26 - [MESSAGE][PASSED] - Delayed 3 second(s)

2019-03-04 16:27:26 - [TEST_STEP][PASSED] - click(findTestObject("GeneralInformation/CancelAlert")): Object: 'Object Repository/GeneralInformation/CancelAlert' is clicked on

2019-03-04 16:27:30 - [MESSAGE][PASSED] - Object: 'Object Repository/GeneralInformation/CancelAlert' is clicked on

2019-03-04 16:27:30 - [TEST_STEP][PASSED] - delay(5): Delayed 5 second(s)

2019-03-04 16:27:35 - [MESSAGE][PASSED] - Delayed 5 second(s)

2019-03-04 16:27:35 - [TEST_STEP][PASSED] - selectOptionByLabel(findTestObject("RiskDetails/Page_Markit core new  Risk details/SelectType"), "StandAlone", false): All options with label 'StandAlone' are selected in object 'Object Repository/RiskDetails/Page_Markit core new  Risk details/SelectType' 

2019-03-04 16:27:35 - [MESSAGE][PASSED] - All options with label 'StandAlone' are selected in object 'Object Repository/RiskDetails/Page_Markit core new  Risk details/SelectType' 

2019-03-04 16:27:35 - [TEST_STEP][PASSED] - delay(5): Delayed 5 second(s)

2019-03-04 16:27:40 - [MESSAGE][PASSED] - Delayed 5 second(s)

2019-03-04 16:27:40 - [TEST_STEP][PASSED] - setText(findTestObject("RiskDetails/Page_Markit core new  Risk details/SumInsure"), "1000"): Text '1000' is set on object 'Object Repository/RiskDetails/Page_Markit core new  Risk details/SumInsure'

2019-03-04 16:27:40 - [MESSAGE][PASSED] - Text '1000' is set on object 'Object Repository/RiskDetails/Page_Markit core new  Risk details/SumInsure'

2019-03-04 16:27:40 - [TEST_STEP][PASSED] - delay(2): Delayed 2 second(s)

2019-03-04 16:27:42 - [MESSAGE][PASSED] - Delayed 2 second(s)

2019-03-04 16:27:42 - [TEST_STEP][PASSED] - setText(findTestObject("RiskDetails/Page_Markit core new  Risk details/RoomNo"), "10"): Text '10' is set on object 'Object Repository/RiskDetails/Page_Markit core new  Risk details/RoomNo'

2019-03-04 16:27:42 - [MESSAGE][PASSED] - Text '10' is set on object 'Object Repository/RiskDetails/Page_Markit core new  Risk details/RoomNo'

2019-03-04 16:27:42 - [TEST_STEP][PASSED] - setText(findTestObject("RiskDetails/Page_Markit core new  Risk details/ContentSumInsure"), "1000"): Text '1000' is set on object 'Object Repository/RiskDetails/Page_Markit core new  Risk details/ContentSumInsure'

2019-03-04 16:27:42 - [MESSAGE][PASSED] - Text '1000' is set on object 'Object Repository/RiskDetails/Page_Markit core new  Risk details/ContentSumInsure'

2019-03-04 16:27:42 - [TEST_STEP][PASSED] - click(findTestObject("RiskDetails/Page_Markit core new  Risk details/ButtonSubmit")): Object: 'Object Repository/RiskDetails/Page_Markit core new  Risk details/ButtonSubmit' is clicked on

2019-03-04 16:27:50 - [MESSAGE][PASSED] - Object: 'Object Repository/RiskDetails/Page_Markit core new  Risk details/ButtonSubmit' is clicked on

2019-03-04 16:27:50 - [TEST_STEP][PASSED] - delay(3): Delayed 3 second(s)

2019-03-04 16:27:53 - [MESSAGE][PASSED] - Delayed 3 second(s)

2019-03-04 16:27:53 - [TEST_STEP][PASSED] - click(findTestObject("PremiumPage/Bind")): Object: 'Object Repository/PremiumPage/Bind' is clicked on

2019-03-04 16:27:55 - [MESSAGE][PASSED] - Object: 'Object Repository/PremiumPage/Bind' is clicked on

2019-03-04 16:27:55 - [TEST_STEP][PASSED] - delay(5): Delayed 5 second(s)

2019-03-04 16:28:00 - [MESSAGE][PASSED] - Delayed 5 second(s)

2019-03-04 16:28:00 - [TEST_STEP][PASSED] - click(findTestObject("PaymentDetails/PaymentMethods")): Object: 'Object Repository/PaymentDetails/PaymentMethods' is clicked on

2019-03-04 16:28:00 - [MESSAGE][PASSED] - Object: 'Object Repository/PaymentDetails/PaymentMethods' is clicked on

2019-03-04 16:28:00 - [TEST_STEP][PASSED] - selectOptionByLabel(findTestObject("PaymentDetails/SelectInstallment"), "1", false, STOP_ON_FAILURE): All options with label '1' are selected in object 'Object Repository/PaymentDetails/SelectInstallment' 

2019-03-04 16:28:00 - [MESSAGE][PASSED] - All options with label '1' are selected in object 'Object Repository/PaymentDetails/SelectInstallment' 

2019-03-04 16:28:00 - [TEST_STEP][PASSED] - delay(3): Delayed 3 second(s)

2019-03-04 16:28:03 - [MESSAGE][PASSED] - Delayed 3 second(s)

2019-03-04 16:28:03 - [TEST_STEP][PASSED] - click(findTestObject("PaymentDetails/PaymentBind")): Object: 'Object Repository/PaymentDetails/PaymentBind' is clicked on

2019-03-04 16:28:03 - [MESSAGE][PASSED] - Object: 'Object Repository/PaymentDetails/PaymentBind' is clicked on

2019-03-04 16:28:03 - [TEST_STEP][PASSED] - delay(5): Delayed 5 second(s)

2019-03-04 16:28:08 - [MESSAGE][PASSED] - Delayed 5 second(s)

2019-03-04 16:28:08 - [TEST_STEP][PASSED] - click(findTestObject("PaymentDetails/Email")): Object: 'Object Repository/PaymentDetails/Email' is clicked on

2019-03-04 16:28:08 - [MESSAGE][PASSED] - Object: 'Object Repository/PaymentDetails/Email' is clicked on

2019-03-04 16:28:08 - [TEST_STEP][PASSED] - delay(3): Delayed 3 second(s)

2019-03-04 16:28:11 - [MESSAGE][PASSED] - Delayed 3 second(s)

2019-03-04 16:28:11 - [TEST_STEP][PASSED] - waitForElementVisible(findTestObject("PaymentDetails/ConfirmationMessage"), 10): Object 'Object Repository/PaymentDetails/ConfirmationMessage' is visible

2019-03-04 16:28:13 - [MESSAGE][PASSED] - Object 'Object Repository/PaymentDetails/ConfirmationMessage' is visible

2019-03-04 16:28:13 - [MESSAGE][PASSED] - Call Test Case 'Test Cases/StartQuote' successfully

2019-03-04 16:28:13 - [TEST_STEP][PASSED] - delay(5): Delayed 5 second(s)

2019-03-04 16:28:18 - [MESSAGE][PASSED] - Delayed 5 second(s)

2019-03-04 16:28:18 - [TEST_STEP][PASSED] - click(findTestObject("Logout")): Object: 'Object Repository/Logout' is clicked on

2019-03-04 16:28:19 - [MESSAGE][PASSED] - Object: 'Object Repository/Logout' is clicked on

2019-03-04 16:28:19 - [TEST_STEP][PASSED] - delay(4): Delayed 4 second(s)

2019-03-04 16:28:23 - [MESSAGE][PASSED] - Delayed 4 second(s)]]></system-out>
         <system-err><![CDATA[]]></system-err>
      </testcase>
      <system-out><![CDATA[2019-03-04 16:23:34 - [TEST_SUITE][PASSED] - BuyProcess: Test Cases/DataDriven]]></system-out>
      <system-err><![CDATA[]]></system-err>
   </testsuite>
</testsuites>
