<?xml version="1.0" encoding="UTF-8"?>
<testsuites name="BuyProcess" time="266" tests="4" failures="0" errors="0">
   <testsuite name="BuyProcess" tests="4" failures="0" errors="0" time="266" timestamp="2019-03-26 13:06:31" hostname="dipak - DIPAKDAS-PC.indusnettechnologies.com" id="Test Suites/BuyProcess">
      <properties>
         <property name="deviceName" value=""/>
         <property name="devicePlatform" value=""/>
         <property name="logFolder" value="E:\\MarkitCore\\Katalon\\Katalon\\MarkitCore\\Reports\\BuyProcess\\20190326_130629"/>
         <property name="logFiles" value="E:\\MarkitCore\\Katalon\\Katalon\\MarkitCore\\Reports\\BuyProcess\\20190326_130629\\execution0.log"/>
         <property name="attachments" value=""/>
         <property name="hostName" value="dipak - DIPAKDAS-PC.indusnettechnologies.com"/>
         <property name="os" value="Windows 7 32bit"/>
         <property name="katalonVersion" value="6.0.5.4"/>
         <property name="browser" value="Chrome 73.0.3683.86"/>
         <property name="hostAddress" value="10.0.12.237"/>
         <property name="sessionId" value="8296c355159b28f5fc3d55f0a6b9b81d"/>
         <property name="seleniumVersion" value="3.7.1"/>
         <property name="proxyInformation" value="ProxyInformation{proxyOption=NO_PROXY, proxyServerType=HTTP, password=, proxyServerAddress=, proxyServerPort=0}"/>
         <property name="platform" value="Windows 7"/>
      </properties>
      <testcase name="Test Cases/Login" classname="Test Cases/Login" status="PASSED">
         <system-out><![CDATA[2019-03-26 13:06:31 - [TEST_CASE][PASSED] - Test Cases/Login: Test Cases/Login

2019-03-26 13:06:31 - [TEST_STEP][PASSED] - openBrowser("https://dev.markit-systems.com/markit_coreV2/Sites/CoreTest/login/admin_display"): Browser is opened with url: 'https://dev.markit-systems.com/markit_coreV2/Sites/CoreTest/login/admin_display'

2019-03-26 13:06:31 - [MESSAGE][INFO] - Starting 'Chrome' driver

2019-03-26 13:06:31 - [MESSAGE][INFO] - Action delay is set to 0 seconds

2019-03-26 13:06:39 - [MESSAGE][PASSED] - Browser is opened with url: 'https://dev.markit-systems.com/markit_coreV2/Sites/CoreTest/login/admin_display'

2019-03-26 13:06:39 - [TEST_STEP][PASSED] - maximizeWindow(): Current window maximized

2019-03-26 13:06:39 - [MESSAGE][PASSED] - Current window maximized

2019-03-26 13:06:39 - [TEST_STEP][PASSED] - waitForPageLoad(4): Wait for page load successfully

2019-03-26 13:06:39 - [MESSAGE][PASSED] - Wait for page load successfully

2019-03-26 13:06:39 - [TEST_STEP][PASSED] - setText(findTestObject("Username"), "dDasTester"): Text 'dDasTester' is set on object 'Object Repository/Username'

2019-03-26 13:06:40 - [MESSAGE][PASSED] - Text 'dDasTester' is set on object 'Object Repository/Username'

2019-03-26 13:06:40 - [TEST_STEP][PASSED] - delay(2): Delayed 2 second(s)

2019-03-26 13:06:42 - [MESSAGE][PASSED] - Delayed 2 second(s)

2019-03-26 13:06:42 - [TEST_STEP][PASSED] - setText(findTestObject("Password"), "Czybm6R*"): Text 'Czybm6R*' is set on object 'Object Repository/Password'

2019-03-26 13:06:42 - [MESSAGE][PASSED] - Text 'Czybm6R*' is set on object 'Object Repository/Password'

2019-03-26 13:06:42 - [TEST_STEP][PASSED] - delay(3, STOP_ON_FAILURE): Delayed 3 second(s)

2019-03-26 13:06:45 - [MESSAGE][PASSED] - Delayed 3 second(s)

2019-03-26 13:06:45 - [TEST_STEP][PASSED] - click(findTestObject("LoginButton")): Object: 'Object Repository/LoginButton' is clicked on

2019-03-26 13:06:51 - [MESSAGE][PASSED] - Object: 'Object Repository/LoginButton' is clicked on

2019-03-26 13:06:51 - [TEST_STEP][PASSED] - delay(3): Delayed 3 second(s)

2019-03-26 13:06:54 - [MESSAGE][PASSED] - Delayed 3 second(s)]]></system-out>
         <system-err><![CDATA[]]></system-err>
      </testcase>
      <testcase name="Test Cases/ClientSearch" classname="Test Cases/ClientSearch" status="PASSED">
         <system-out><![CDATA[2019-03-26 13:06:54 - [TEST_CASE][PASSED] - Test Cases/ClientSearch: Test Cases/ClientSearch

2019-03-26 13:06:54 - [TEST_STEP][PASSED] - waitForElementClickable(findTestObject("ClientSearch"), 10): Object 'Object Repository/ClientSearch' is clickable

2019-03-26 13:06:55 - [MESSAGE][PASSED] - Object 'Object Repository/ClientSearch' is clickable

2019-03-26 13:06:55 - [TEST_STEP][PASSED] - click(findTestObject("ClientSearch")): Object: 'Object Repository/ClientSearch' is clicked on

2019-03-26 13:06:57 - [MESSAGE][PASSED] - Object: 'Object Repository/ClientSearch' is clicked on

2019-03-26 13:06:57 - [TEST_STEP][PASSED] - delay(5): Delayed 5 second(s)

2019-03-26 13:07:02 - [MESSAGE][PASSED] - Delayed 5 second(s)

2019-03-26 13:07:02 - [TEST_STEP][PASSED] - sendKeys(findTestObject("SearchText"), "Dipak"): Keys 'Dipak' sent to object: 'Object Repository/SearchText'

2019-03-26 13:07:02 - [MESSAGE][PASSED] - Keys 'Dipak' sent to object: 'Object Repository/SearchText'

2019-03-26 13:07:02 - [TEST_STEP][PASSED] - delay(2): Delayed 2 second(s)

2019-03-26 13:07:04 - [MESSAGE][PASSED] - Delayed 2 second(s)

2019-03-26 13:07:04 - [TEST_STEP][PASSED] - sendKeys(findTestObject("SearchText"), Keys.chord(ENTER)): Keys 'ENTER + ' sent to object: 'Object Repository/SearchText'

2019-03-26 13:07:04 - [MESSAGE][PASSED] - Keys 'ENTER + ' sent to object: 'Object Repository/SearchText'

2019-03-26 13:07:04 - [TEST_STEP][PASSED] - delay(3): Delayed 3 second(s)

2019-03-26 13:07:07 - [MESSAGE][PASSED] - Delayed 3 second(s)

2019-03-26 13:07:07 - [TEST_STEP][PASSED] - waitForElementClickable(findTestObject("ClientListingAction"), 5): Object 'Object Repository/ClientListingAction' is clickable

2019-03-26 13:07:07 - [MESSAGE][PASSED] - Object 'Object Repository/ClientListingAction' is clickable

2019-03-26 13:07:07 - [TEST_STEP][PASSED] - click(findTestObject("ClientListingAction")): Object: 'Object Repository/ClientListingAction' is clicked on

2019-03-26 13:07:08 - [MESSAGE][PASSED] - Object: 'Object Repository/ClientListingAction' is clicked on

2019-03-26 13:07:08 - [TEST_STEP][PASSED] - delay(5): Delayed 5 second(s)

2019-03-26 13:07:13 - [MESSAGE][PASSED] - Delayed 5 second(s)]]></system-out>
         <system-err><![CDATA[]]></system-err>
      </testcase>
      <testcase name="Test Cases/StartQuote" classname="Test Cases/StartQuote" status="PASSED">
         <system-out><![CDATA[2019-03-26 13:07:13 - [TEST_CASE][PASSED] - Test Cases/StartQuote: Test Cases/StartQuote

2019-03-26 13:07:13 - [TEST_STEP][PASSED] - log = new com.kms.katalon.core.logging.KeywordLogger(): null

2019-03-26 13:07:13 - [TEST_STEP][PASSED] - waitForPageLoad(10, STOP_ON_FAILURE): Wait for page load successfully

2019-03-26 13:07:13 - [MESSAGE][PASSED] - Wait for page load successfully

2019-03-26 13:07:13 - [TEST_STEP][PASSED] - click(findTestObject("StartQuote")): Object: 'Object Repository/StartQuote' is clicked on

2019-03-26 13:07:15 - [MESSAGE][PASSED] - Object: 'Object Repository/StartQuote' is clicked on

2019-03-26 13:07:15 - [TEST_STEP][PASSED] - waitForJQueryLoad(5): jQuery is ready.

2019-03-26 13:07:16 - [MESSAGE][PASSED] - jQuery is ready.

2019-03-26 13:07:16 - [TEST_STEP][PASSED] - selectOptionByLabel(findTestObject("GeneralInformation/currency"), var_currency, false): All options with label 'USD' are selected in object 'Object Repository/GeneralInformation/currency' 

2019-03-26 13:07:16 - [MESSAGE][PASSED] - All options with label 'USD' are selected in object 'Object Repository/GeneralInformation/currency' 

2019-03-26 13:07:16 - [TEST_STEP][PASSED] - delay(5): Delayed 5 second(s)

2019-03-26 13:07:21 - [MESSAGE][PASSED] - Delayed 5 second(s)

2019-03-26 13:07:21 - [TEST_STEP][PASSED] - click(findTestObject("GeneralInformation/SelectBroker")): Object: 'Object Repository/GeneralInformation/SelectBroker' is clicked on

2019-03-26 13:07:21 - [MESSAGE][PASSED] - Object: 'Object Repository/GeneralInformation/SelectBroker' is clicked on

2019-03-26 13:07:21 - [TEST_STEP][PASSED] - selectOptionByLabel(findTestObject("GeneralInformation/SelectBroker"), BrokerName, false): All options with label 'New Broker' are selected in object 'Object Repository/GeneralInformation/SelectBroker' 

2019-03-26 13:07:21 - [MESSAGE][PASSED] - All options with label 'New Broker' are selected in object 'Object Repository/GeneralInformation/SelectBroker' 

2019-03-26 13:07:21 - [TEST_STEP][PASSED] - delay(5): Delayed 5 second(s)

2019-03-26 13:07:26 - [MESSAGE][PASSED] - Delayed 5 second(s)

2019-03-26 13:07:26 - [TEST_STEP][PASSED] - click(findTestObject("GeneralInformation/SelectProduct")): Object: 'Object Repository/GeneralInformation/SelectProduct' is clicked on

2019-03-26 13:07:26 - [MESSAGE][PASSED] - Object: 'Object Repository/GeneralInformation/SelectProduct' is clicked on

2019-03-26 13:07:26 - [TEST_STEP][PASSED] - waitForJQueryLoad(5): jQuery is ready.

2019-03-26 13:07:26 - [MESSAGE][PASSED] - jQuery is ready.

2019-03-26 13:07:26 - [TEST_STEP][PASSED] - selectOptionByLabel(findTestObject("GeneralInformation/SelectProduct"), ProductName, false): All options with label 'BasicDemoProduct' are selected in object 'Object Repository/GeneralInformation/SelectProduct' 

2019-03-26 13:07:26 - [MESSAGE][PASSED] - All options with label 'BasicDemoProduct' are selected in object 'Object Repository/GeneralInformation/SelectProduct' 

2019-03-26 13:07:26 - [TEST_STEP][PASSED] - waitForJQueryLoad(5): jQuery is ready.

2019-03-26 13:07:27 - [MESSAGE][PASSED] - jQuery is ready.

2019-03-26 13:07:27 - [TEST_STEP][NOT_RUN] - delay(3): NOT_RUN: delay(3)

2019-03-26 13:07:27 - [MESSAGE][NOT_RUN] - NOT_RUN: delay(3)

2019-03-26 13:07:27 - [TEST_STEP][PASSED] - click(findTestObject("GeneralInformation/PolicyTerm")): Object: 'Object Repository/GeneralInformation/PolicyTerm' is clicked on

2019-03-26 13:07:27 - [MESSAGE][PASSED] - Object: 'Object Repository/GeneralInformation/PolicyTerm' is clicked on

2019-03-26 13:07:27 - [TEST_STEP][PASSED] - delay(5): Delayed 5 second(s)

2019-03-26 13:07:32 - [MESSAGE][PASSED] - Delayed 5 second(s)

2019-03-26 13:07:32 - [TEST_STEP][PASSED] - selectOptionByLabel(findTestObject("GeneralInformation/PolicyTerm"), Term, false): All options with label 'Yearly' are selected in object 'Object Repository/GeneralInformation/PolicyTerm' 

2019-03-26 13:07:32 - [MESSAGE][PASSED] - All options with label 'Yearly' are selected in object 'Object Repository/GeneralInformation/PolicyTerm' 

2019-03-26 13:07:32 - [TEST_STEP][PASSED] - waitForJQueryLoad(10): jQuery is ready.

2019-03-26 13:07:33 - [MESSAGE][PASSED] - jQuery is ready.

2019-03-26 13:07:33 - [TEST_STEP][PASSED] - click(findTestObject("GeneralInformation/PolicyStartDate")): Object: 'Object Repository/GeneralInformation/PolicyStartDate' is clicked on

2019-03-26 13:07:33 - [MESSAGE][PASSED] - Object: 'Object Repository/GeneralInformation/PolicyStartDate' is clicked on

2019-03-26 13:07:33 - [TEST_STEP][PASSED] - click(findTestObject("GeneralInformation/Policy_Start_Year")): Object: 'Object Repository/GeneralInformation/Policy_Start_Year' is clicked on

2019-03-26 13:07:33 - [MESSAGE][PASSED] - Object: 'Object Repository/GeneralInformation/Policy_Start_Year' is clicked on

2019-03-26 13:07:33 - [TEST_STEP][PASSED] - click(findTestObject("GeneralInformation/Policy_Start_Month")): Object: 'Object Repository/GeneralInformation/Policy_Start_Month' is clicked on

2019-03-26 13:07:33 - [MESSAGE][PASSED] - Object: 'Object Repository/GeneralInformation/Policy_Start_Month' is clicked on

2019-03-26 13:07:33 - [TEST_STEP][PASSED] - click(findTestObject("GeneralInformation/Policy_Start_Month")): Object: 'Object Repository/GeneralInformation/Policy_Start_Month' is clicked on

2019-03-26 13:07:33 - [MESSAGE][PASSED] - Object: 'Object Repository/GeneralInformation/Policy_Start_Month' is clicked on

2019-03-26 13:07:33 - [TEST_STEP][PASSED] - delay(4): Delayed 4 second(s)

2019-03-26 13:07:37 - [MESSAGE][PASSED] - Delayed 4 second(s)

2019-03-26 13:07:37 - [TEST_STEP][PASSED] - click(findTestObject("GeneralInformation/NextButton")): Object: 'Object Repository/GeneralInformation/NextButton' is clicked on

2019-03-26 13:07:37 - [MESSAGE][PASSED] - Object: 'Object Repository/GeneralInformation/NextButton' is clicked on

2019-03-26 13:07:37 - [TEST_STEP][PASSED] - delay(3): Delayed 3 second(s)

2019-03-26 13:07:40 - [MESSAGE][PASSED] - Delayed 3 second(s)

2019-03-26 13:07:40 - [TEST_STEP][PASSED] - if (var_cancelAlertCondition.equals("cancel")): Object: 'Object Repository/RiskDetails/Page_Markit core new  Risk details/ButtonSubmit' is clicked on

2019-03-26 13:07:40 - [TEST_STEP][PASSED] - click(findTestObject("GeneralInformation/CancelAlert")): Object: 'Object Repository/GeneralInformation/CancelAlert' is clicked on

2019-03-26 13:07:44 - [MESSAGE][PASSED] - Object: 'Object Repository/GeneralInformation/CancelAlert' is clicked on

2019-03-26 13:07:44 - [TEST_STEP][PASSED] - delay(4): Delayed 4 second(s)

2019-03-26 13:07:48 - [MESSAGE][PASSED] - Delayed 4 second(s)

2019-03-26 13:07:48 - [TEST_STEP][PASSED] - waitForElementVisible(findTestObject("RiskDetails/Page_Markit core new  Risk details/General_Info_Risk_Details"), 5): Object 'Object Repository/RiskDetails/Page_Markit core new  Risk details/General_Info_Risk_Details' is visible

2019-03-26 13:07:48 - [MESSAGE][PASSED] - Object 'Object Repository/RiskDetails/Page_Markit core new  Risk details/General_Info_Risk_Details' is visible

2019-03-26 13:07:48 - [TEST_STEP][PASSED] - delay(2): Delayed 2 second(s)

2019-03-26 13:07:50 - [MESSAGE][PASSED] - Delayed 2 second(s)

2019-03-26 13:07:50 - [TEST_STEP][PASSED] - selectOptionByLabel(findTestObject("RiskDetails/Page_Markit core new  Risk details/SelectType"), var_buildingtype, false): All options with label 'Flat' are selected in object 'Object Repository/RiskDetails/Page_Markit core new  Risk details/SelectType' 

2019-03-26 13:07:50 - [MESSAGE][PASSED] - All options with label 'Flat' are selected in object 'Object Repository/RiskDetails/Page_Markit core new  Risk details/SelectType' 

2019-03-26 13:07:50 - [TEST_STEP][PASSED] - delay(1): Delayed 1 second(s)

2019-03-26 13:07:51 - [MESSAGE][PASSED] - Delayed 1 second(s)

2019-03-26 13:07:51 - [TEST_STEP][PASSED] - sendKeys(findTestObject("RiskDetails/Page_Markit core new  Risk details/SumInsure"), BuildingSumInsure, STOP_ON_FAILURE): Keys '4000' sent to object: 'Object Repository/RiskDetails/Page_Markit core new  Risk details/SumInsure'

2019-03-26 13:07:51 - [MESSAGE][PASSED] - Keys '4000' sent to object: 'Object Repository/RiskDetails/Page_Markit core new  Risk details/SumInsure'

2019-03-26 13:07:51 - [TEST_STEP][PASSED] - sendKeys(findTestObject("RiskDetails/Page_Markit core new  Risk details/RoomNo"), NoofRoom): Keys '3' sent to object: 'Object Repository/RiskDetails/Page_Markit core new  Risk details/RoomNo'

2019-03-26 13:07:51 - [MESSAGE][PASSED] - Keys '3' sent to object: 'Object Repository/RiskDetails/Page_Markit core new  Risk details/RoomNo'

2019-03-26 13:07:51 - [TEST_STEP][PASSED] - sendKeys(findTestObject("RiskDetails/Page_Markit core new  Risk details/ContentSumInsure"), ContentSumInsure): Keys '5000' sent to object: 'Object Repository/RiskDetails/Page_Markit core new  Risk details/ContentSumInsure'

2019-03-26 13:07:51 - [MESSAGE][PASSED] - Keys '5000' sent to object: 'Object Repository/RiskDetails/Page_Markit core new  Risk details/ContentSumInsure'

2019-03-26 13:07:51 - [TEST_STEP][PASSED] - delay(2): Delayed 2 second(s)

2019-03-26 13:07:53 - [MESSAGE][PASSED] - Delayed 2 second(s)

2019-03-26 13:07:53 - [TEST_STEP][PASSED] - click(findTestObject("RiskDetails/Page_Markit core new  Risk details/ButtonSubmit")): Object: 'Object Repository/RiskDetails/Page_Markit core new  Risk details/ButtonSubmit' is clicked on

2019-03-26 13:07:59 - [MESSAGE][PASSED] - Object: 'Object Repository/RiskDetails/Page_Markit core new  Risk details/ButtonSubmit' is clicked on

2019-03-26 13:07:59 - [TEST_STEP][PASSED] - waitForJQueryLoad(10): jQuery is ready.

2019-03-26 13:08:00 - [MESSAGE][PASSED] - jQuery is ready.

2019-03-26 13:08:00 - [TEST_STEP][PASSED] - click(findTestObject("PremiumPage/Bind")): Object: 'Object Repository/PremiumPage/Bind' is clicked on

2019-03-26 13:08:02 - [MESSAGE][PASSED] - Object: 'Object Repository/PremiumPage/Bind' is clicked on

2019-03-26 13:08:02 - [TEST_STEP][PASSED] - delay(10): Delayed 10 second(s)

2019-03-26 13:08:12 - [MESSAGE][PASSED] - Delayed 10 second(s)

2019-03-26 13:08:12 - [TEST_STEP][PASSED] - click(findTestObject("PaymentDetails/PaymentMethods")): Object: 'Object Repository/PaymentDetails/PaymentMethods' is clicked on

2019-03-26 13:08:12 - [MESSAGE][PASSED] - Object: 'Object Repository/PaymentDetails/PaymentMethods' is clicked on

2019-03-26 13:08:12 - [TEST_STEP][PASSED] - waitForJQueryLoad(5): jQuery is ready.

2019-03-26 13:08:12 - [MESSAGE][PASSED] - jQuery is ready.

2019-03-26 13:08:12 - [TEST_STEP][PASSED] - selectOptionByLabel(findTestObject("PaymentDetails/SelectInstallment"), "1", false): All options with label '1' are selected in object 'Object Repository/PaymentDetails/SelectInstallment' 

2019-03-26 13:08:12 - [MESSAGE][PASSED] - All options with label '1' are selected in object 'Object Repository/PaymentDetails/SelectInstallment' 

2019-03-26 13:08:12 - [TEST_STEP][PASSED] - scrollToElement(findTestObject("PaymentDetails/ConfirmPaymentType"), 5): Scroll to object 'Object Repository/PaymentDetails/ConfirmPaymentType' successfully

2019-03-26 13:08:12 - [MESSAGE][PASSED] - Scroll to object 'Object Repository/PaymentDetails/ConfirmPaymentType' successfully

2019-03-26 13:08:12 - [TEST_STEP][PASSED] - delay(5): Delayed 5 second(s)

2019-03-26 13:08:17 - [MESSAGE][PASSED] - Delayed 5 second(s)

2019-03-26 13:08:17 - [TEST_STEP][PASSED] - click(findTestObject("PaymentDetails/ConfirmPaymentType")): Object: 'Object Repository/PaymentDetails/ConfirmPaymentType' is clicked on

2019-03-26 13:08:17 - [MESSAGE][PASSED] - Object: 'Object Repository/PaymentDetails/ConfirmPaymentType' is clicked on

2019-03-26 13:08:17 - [TEST_STEP][PASSED] - scrollToElement(findTestObject("PaymentDetails/BindAndSendPolicySchedule"), 5): Scroll to object 'Object Repository/PaymentDetails/BindAndSendPolicySchedule' successfully

2019-03-26 13:08:21 - [MESSAGE][PASSED] - Scroll to object 'Object Repository/PaymentDetails/BindAndSendPolicySchedule' successfully

2019-03-26 13:08:21 - [TEST_STEP][PASSED] - delay(4): Delayed 4 second(s)

2019-03-26 13:08:25 - [MESSAGE][PASSED] - Delayed 4 second(s)

2019-03-26 13:08:25 - [TEST_STEP][PASSED] - click(findTestObject("PaymentDetails/BindAndSendPolicySchedule")): Object: 'Object Repository/PaymentDetails/BindAndSendPolicySchedule' is clicked on

2019-03-26 13:08:25 - [MESSAGE][PASSED] - Object: 'Object Repository/PaymentDetails/BindAndSendPolicySchedule' is clicked on

2019-03-26 13:08:25 - [TEST_STEP][PASSED] - var_policyno = getText(findTestObject("PremiumPage/PolicyNo")): Text of object 'Object Repository/PremiumPage/PolicyNo' is: 'DASD/POLICY/002393'

2019-03-26 13:08:31 - [MESSAGE][PASSED] - Text of object 'Object Repository/PremiumPage/PolicyNo' is: 'DASD/POLICY/002393'

2019-03-26 13:08:31 - [TEST_STEP][PASSED] - Confirmmsg = getText(findTestObject("PaymentDetails/ConfirmationMessage")): Text of object 'Object Repository/PaymentDetails/ConfirmationMessage' is: 'Policy has been successfully created.'

2019-03-26 13:08:31 - [MESSAGE][PASSED] - Text of object 'Object Repository/PaymentDetails/ConfirmationMessage' is: 'Policy has been successfully created.'

2019-03-26 13:08:31 - [TEST_STEP][PASSED] - callTestCase(findTestCase("ClientSearch"), ["ClientName":""], STOP_ON_FAILURE): Call Test Case 'Test Cases/ClientSearch' successfully

2019-03-26 13:08:31 - [TEST_CASE][PASSED] - Test Cases/ClientSearch: Test Cases/ClientSearch

2019-03-26 13:08:31 - [TEST_STEP][PASSED] - waitForElementClickable(findTestObject("ClientSearch"), 10): Object 'Object Repository/ClientSearch' is clickable

2019-03-26 13:08:31 - [MESSAGE][PASSED] - Object 'Object Repository/ClientSearch' is clickable

2019-03-26 13:08:31 - [TEST_STEP][PASSED] - click(findTestObject("ClientSearch")): Object: 'Object Repository/ClientSearch' is clicked on

2019-03-26 13:08:32 - [MESSAGE][PASSED] - Object: 'Object Repository/ClientSearch' is clicked on

2019-03-26 13:08:32 - [TEST_STEP][PASSED] - delay(5): Delayed 5 second(s)

2019-03-26 13:08:37 - [MESSAGE][PASSED] - Delayed 5 second(s)

2019-03-26 13:08:37 - [TEST_STEP][PASSED] - sendKeys(findTestObject("SearchText"), "Dipak"): Keys 'Dipak' sent to object: 'Object Repository/SearchText'

2019-03-26 13:08:37 - [MESSAGE][PASSED] - Keys 'Dipak' sent to object: 'Object Repository/SearchText'

2019-03-26 13:08:37 - [TEST_STEP][PASSED] - delay(2): Delayed 2 second(s)

2019-03-26 13:08:39 - [MESSAGE][PASSED] - Delayed 2 second(s)

2019-03-26 13:08:39 - [TEST_STEP][PASSED] - sendKeys(findTestObject("SearchText"), Keys.chord(ENTER)): Keys 'ENTER + ' sent to object: 'Object Repository/SearchText'

2019-03-26 13:08:40 - [MESSAGE][PASSED] - Keys 'ENTER + ' sent to object: 'Object Repository/SearchText'

2019-03-26 13:08:40 - [TEST_STEP][PASSED] - delay(3): Delayed 3 second(s)

2019-03-26 13:08:43 - [MESSAGE][PASSED] - Delayed 3 second(s)

2019-03-26 13:08:43 - [TEST_STEP][PASSED] - waitForElementClickable(findTestObject("ClientListingAction"), 5): Object 'Object Repository/ClientListingAction' is clickable

2019-03-26 13:08:43 - [MESSAGE][PASSED] - Object 'Object Repository/ClientListingAction' is clickable

2019-03-26 13:08:43 - [TEST_STEP][PASSED] - click(findTestObject("ClientListingAction")): Object: 'Object Repository/ClientListingAction' is clicked on

2019-03-26 13:08:46 - [MESSAGE][PASSED] - Object: 'Object Repository/ClientListingAction' is clicked on

2019-03-26 13:08:46 - [TEST_STEP][PASSED] - delay(5): Delayed 5 second(s)

2019-03-26 13:08:51 - [MESSAGE][PASSED] - Delayed 5 second(s)

2019-03-26 13:08:51 - [MESSAGE][PASSED] - Call Test Case 'Test Cases/ClientSearch' successfully

2019-03-26 13:08:51 - [TEST_STEP][NOT_RUN] - log.logInfo(PolicyNo): NOT_RUN: log.logInfo(PolicyNo)

2019-03-26 13:08:51 - [MESSAGE][NOT_RUN] - NOT_RUN: log.logInfo(PolicyNo)

2019-03-26 13:08:51 - [TEST_STEP][NOT_RUN] - log.logInfo(Confirmmsg): NOT_RUN: log.logInfo(Confirmmsg)

2019-03-26 13:08:51 - [MESSAGE][NOT_RUN] - NOT_RUN: log.logInfo(Confirmmsg)

2019-03-26 13:08:51 - [TEST_STEP][NOT_RUN] - delay(2): NOT_RUN: delay(2)

2019-03-26 13:08:51 - [MESSAGE][NOT_RUN] - NOT_RUN: delay(2)

2019-03-26 13:08:51 - [TEST_STEP][PASSED] - com.helper.excel.ExcelHelper.writeTOExcelFile("E:\MarkitCore\ExcelWriter\test.xlsx", "TestData", var_policyno, 1, 1): com.helper.excel.ExcelHelper.writeTOExcelFile is PASSED

2019-03-26 13:08:51 - [MESSAGE][PASSED] - com.helper.excel.ExcelHelper.writeTOExcelFile is PASSED

2019-03-26 13:08:51 - [TEST_STEP][NOT_RUN] - com.helper.excel2.excelwrite.WriteExcel(): NOT_RUN: com.helper.excel2.excelwrite.WriteExcel()

2019-03-26 13:08:51 - [MESSAGE][NOT_RUN] - NOT_RUN: com.helper.excel2.excelwrite.WriteExcel()

2019-03-26 13:08:51 - [TEST_STEP][PASSED] - delay(5): Delayed 5 second(s)

2019-03-26 13:08:56 - [MESSAGE][PASSED] - Delayed 5 second(s)]]></system-out>
         <system-err><![CDATA[]]></system-err>
      </testcase>
      <testcase name="Test Cases/StartQuote" classname="Test Cases/StartQuote" status="PASSED">
         <system-out><![CDATA[2019-03-26 13:08:56 - [TEST_CASE][PASSED] - Test Cases/StartQuote: Test Cases/StartQuote

2019-03-26 13:08:56 - [TEST_STEP][PASSED] - log = new com.kms.katalon.core.logging.KeywordLogger(): null

2019-03-26 13:08:56 - [TEST_STEP][PASSED] - waitForPageLoad(10, STOP_ON_FAILURE): Wait for page load successfully

2019-03-26 13:08:57 - [MESSAGE][PASSED] - Wait for page load successfully

2019-03-26 13:08:57 - [TEST_STEP][PASSED] - click(findTestObject("StartQuote")): Object: 'Object Repository/StartQuote' is clicked on

2019-03-26 13:08:58 - [MESSAGE][PASSED] - Object: 'Object Repository/StartQuote' is clicked on

2019-03-26 13:08:58 - [TEST_STEP][PASSED] - waitForJQueryLoad(5): jQuery is ready.

2019-03-26 13:08:59 - [MESSAGE][PASSED] - jQuery is ready.

2019-03-26 13:08:59 - [TEST_STEP][PASSED] - selectOptionByLabel(findTestObject("GeneralInformation/currency"), var_currency, false): All options with label 'USD' are selected in object 'Object Repository/GeneralInformation/currency' 

2019-03-26 13:08:59 - [MESSAGE][PASSED] - All options with label 'USD' are selected in object 'Object Repository/GeneralInformation/currency' 

2019-03-26 13:08:59 - [TEST_STEP][PASSED] - delay(5): Delayed 5 second(s)

2019-03-26 13:09:04 - [MESSAGE][PASSED] - Delayed 5 second(s)

2019-03-26 13:09:04 - [TEST_STEP][PASSED] - click(findTestObject("GeneralInformation/SelectBroker")): Object: 'Object Repository/GeneralInformation/SelectBroker' is clicked on

2019-03-26 13:09:04 - [MESSAGE][PASSED] - Object: 'Object Repository/GeneralInformation/SelectBroker' is clicked on

2019-03-26 13:09:04 - [TEST_STEP][PASSED] - selectOptionByLabel(findTestObject("GeneralInformation/SelectBroker"), BrokerName, false): All options with label 'New Broker' are selected in object 'Object Repository/GeneralInformation/SelectBroker' 

2019-03-26 13:09:04 - [MESSAGE][PASSED] - All options with label 'New Broker' are selected in object 'Object Repository/GeneralInformation/SelectBroker' 

2019-03-26 13:09:04 - [TEST_STEP][PASSED] - delay(5): Delayed 5 second(s)

2019-03-26 13:09:09 - [MESSAGE][PASSED] - Delayed 5 second(s)

2019-03-26 13:09:09 - [TEST_STEP][PASSED] - click(findTestObject("GeneralInformation/SelectProduct")): Object: 'Object Repository/GeneralInformation/SelectProduct' is clicked on

2019-03-26 13:09:10 - [MESSAGE][PASSED] - Object: 'Object Repository/GeneralInformation/SelectProduct' is clicked on

2019-03-26 13:09:10 - [TEST_STEP][PASSED] - waitForJQueryLoad(5): jQuery is ready.

2019-03-26 13:09:10 - [MESSAGE][PASSED] - jQuery is ready.

2019-03-26 13:09:10 - [TEST_STEP][PASSED] - selectOptionByLabel(findTestObject("GeneralInformation/SelectProduct"), ProductName, false): All options with label 'BasicDemoProduct' are selected in object 'Object Repository/GeneralInformation/SelectProduct' 

2019-03-26 13:09:10 - [MESSAGE][PASSED] - All options with label 'BasicDemoProduct' are selected in object 'Object Repository/GeneralInformation/SelectProduct' 

2019-03-26 13:09:10 - [TEST_STEP][PASSED] - waitForJQueryLoad(5): jQuery is ready.

2019-03-26 13:09:11 - [MESSAGE][PASSED] - jQuery is ready.

2019-03-26 13:09:11 - [TEST_STEP][NOT_RUN] - delay(3): NOT_RUN: delay(3)

2019-03-26 13:09:11 - [MESSAGE][NOT_RUN] - NOT_RUN: delay(3)

2019-03-26 13:09:11 - [TEST_STEP][PASSED] - click(findTestObject("GeneralInformation/PolicyTerm")): Object: 'Object Repository/GeneralInformation/PolicyTerm' is clicked on

2019-03-26 13:09:11 - [MESSAGE][PASSED] - Object: 'Object Repository/GeneralInformation/PolicyTerm' is clicked on

2019-03-26 13:09:11 - [TEST_STEP][PASSED] - delay(5): Delayed 5 second(s)

2019-03-26 13:09:16 - [MESSAGE][PASSED] - Delayed 5 second(s)

2019-03-26 13:09:16 - [TEST_STEP][PASSED] - selectOptionByLabel(findTestObject("GeneralInformation/PolicyTerm"), Term, false): All options with label 'Monthly' are selected in object 'Object Repository/GeneralInformation/PolicyTerm' 

2019-03-26 13:09:16 - [MESSAGE][PASSED] - All options with label 'Monthly' are selected in object 'Object Repository/GeneralInformation/PolicyTerm' 

2019-03-26 13:09:16 - [TEST_STEP][PASSED] - waitForJQueryLoad(10): jQuery is ready.

2019-03-26 13:09:17 - [MESSAGE][PASSED] - jQuery is ready.

2019-03-26 13:09:17 - [TEST_STEP][PASSED] - click(findTestObject("GeneralInformation/PolicyStartDate")): Object: 'Object Repository/GeneralInformation/PolicyStartDate' is clicked on

2019-03-26 13:09:18 - [MESSAGE][PASSED] - Object: 'Object Repository/GeneralInformation/PolicyStartDate' is clicked on

2019-03-26 13:09:18 - [TEST_STEP][PASSED] - click(findTestObject("GeneralInformation/Policy_Start_Year")): Object: 'Object Repository/GeneralInformation/Policy_Start_Year' is clicked on

2019-03-26 13:09:18 - [MESSAGE][PASSED] - Object: 'Object Repository/GeneralInformation/Policy_Start_Year' is clicked on

2019-03-26 13:09:18 - [TEST_STEP][PASSED] - click(findTestObject("GeneralInformation/Policy_Start_Month")): Object: 'Object Repository/GeneralInformation/Policy_Start_Month' is clicked on

2019-03-26 13:09:18 - [MESSAGE][PASSED] - Object: 'Object Repository/GeneralInformation/Policy_Start_Month' is clicked on

2019-03-26 13:09:18 - [TEST_STEP][PASSED] - click(findTestObject("GeneralInformation/Policy_Start_Month")): Object: 'Object Repository/GeneralInformation/Policy_Start_Month' is clicked on

2019-03-26 13:09:18 - [MESSAGE][PASSED] - Object: 'Object Repository/GeneralInformation/Policy_Start_Month' is clicked on

2019-03-26 13:09:18 - [TEST_STEP][PASSED] - delay(4): Delayed 4 second(s)

2019-03-26 13:09:22 - [MESSAGE][PASSED] - Delayed 4 second(s)

2019-03-26 13:09:22 - [TEST_STEP][PASSED] - click(findTestObject("GeneralInformation/NextButton")): Object: 'Object Repository/GeneralInformation/NextButton' is clicked on

2019-03-26 13:09:22 - [MESSAGE][PASSED] - Object: 'Object Repository/GeneralInformation/NextButton' is clicked on

2019-03-26 13:09:22 - [TEST_STEP][PASSED] - delay(3): Delayed 3 second(s)

2019-03-26 13:09:25 - [MESSAGE][PASSED] - Delayed 3 second(s)

2019-03-26 13:09:25 - [TEST_STEP][PASSED] - if (var_cancelAlertCondition.equals("cancel")): Object: 'Object Repository/RiskDetails/Page_Markit core new  Risk details/ButtonSubmit' is clicked on

2019-03-26 13:09:25 - [TEST_STEP][PASSED] - click(findTestObject("GeneralInformation/CancelAlert")): Object: 'Object Repository/GeneralInformation/CancelAlert' is clicked on

2019-03-26 13:09:35 - [MESSAGE][PASSED] - Object: 'Object Repository/GeneralInformation/CancelAlert' is clicked on

2019-03-26 13:09:35 - [TEST_STEP][PASSED] - delay(4): Delayed 4 second(s)

2019-03-26 13:09:39 - [MESSAGE][PASSED] - Delayed 4 second(s)

2019-03-26 13:09:39 - [TEST_STEP][PASSED] - waitForElementVisible(findTestObject("RiskDetails/Page_Markit core new  Risk details/General_Info_Risk_Details"), 5): Object 'Object Repository/RiskDetails/Page_Markit core new  Risk details/General_Info_Risk_Details' is visible

2019-03-26 13:09:39 - [MESSAGE][PASSED] - Object 'Object Repository/RiskDetails/Page_Markit core new  Risk details/General_Info_Risk_Details' is visible

2019-03-26 13:09:39 - [TEST_STEP][PASSED] - delay(2): Delayed 2 second(s)

2019-03-26 13:09:41 - [MESSAGE][PASSED] - Delayed 2 second(s)

2019-03-26 13:09:41 - [TEST_STEP][PASSED] - selectOptionByLabel(findTestObject("RiskDetails/Page_Markit core new  Risk details/SelectType"), var_buildingtype, false): All options with label 'Duplex' are selected in object 'Object Repository/RiskDetails/Page_Markit core new  Risk details/SelectType' 

2019-03-26 13:09:41 - [MESSAGE][PASSED] - All options with label 'Duplex' are selected in object 'Object Repository/RiskDetails/Page_Markit core new  Risk details/SelectType' 

2019-03-26 13:09:41 - [TEST_STEP][PASSED] - delay(1): Delayed 1 second(s)

2019-03-26 13:09:42 - [MESSAGE][PASSED] - Delayed 1 second(s)

2019-03-26 13:09:42 - [TEST_STEP][PASSED] - sendKeys(findTestObject("RiskDetails/Page_Markit core new  Risk details/SumInsure"), BuildingSumInsure, STOP_ON_FAILURE): Keys '4000' sent to object: 'Object Repository/RiskDetails/Page_Markit core new  Risk details/SumInsure'

2019-03-26 13:09:42 - [MESSAGE][PASSED] - Keys '4000' sent to object: 'Object Repository/RiskDetails/Page_Markit core new  Risk details/SumInsure'

2019-03-26 13:09:42 - [TEST_STEP][PASSED] - sendKeys(findTestObject("RiskDetails/Page_Markit core new  Risk details/RoomNo"), NoofRoom): Keys '2' sent to object: 'Object Repository/RiskDetails/Page_Markit core new  Risk details/RoomNo'

2019-03-26 13:09:42 - [MESSAGE][PASSED] - Keys '2' sent to object: 'Object Repository/RiskDetails/Page_Markit core new  Risk details/RoomNo'

2019-03-26 13:09:42 - [TEST_STEP][PASSED] - sendKeys(findTestObject("RiskDetails/Page_Markit core new  Risk details/ContentSumInsure"), ContentSumInsure): Keys '4000' sent to object: 'Object Repository/RiskDetails/Page_Markit core new  Risk details/ContentSumInsure'

2019-03-26 13:09:42 - [MESSAGE][PASSED] - Keys '4000' sent to object: 'Object Repository/RiskDetails/Page_Markit core new  Risk details/ContentSumInsure'

2019-03-26 13:09:42 - [TEST_STEP][PASSED] - delay(2): Delayed 2 second(s)

2019-03-26 13:09:44 - [MESSAGE][PASSED] - Delayed 2 second(s)

2019-03-26 13:09:44 - [TEST_STEP][PASSED] - click(findTestObject("RiskDetails/Page_Markit core new  Risk details/ButtonSubmit")): Object: 'Object Repository/RiskDetails/Page_Markit core new  Risk details/ButtonSubmit' is clicked on

2019-03-26 13:09:59 - [MESSAGE][PASSED] - Object: 'Object Repository/RiskDetails/Page_Markit core new  Risk details/ButtonSubmit' is clicked on

2019-03-26 13:09:59 - [TEST_STEP][PASSED] - waitForJQueryLoad(10): jQuery is ready.

2019-03-26 13:10:00 - [MESSAGE][PASSED] - jQuery is ready.

2019-03-26 13:10:00 - [TEST_STEP][PASSED] - click(findTestObject("PremiumPage/Bind")): Object: 'Object Repository/PremiumPage/Bind' is clicked on

2019-03-26 13:10:04 - [MESSAGE][PASSED] - Object: 'Object Repository/PremiumPage/Bind' is clicked on

2019-03-26 13:10:04 - [TEST_STEP][PASSED] - delay(10): Delayed 10 second(s)

2019-03-26 13:10:14 - [MESSAGE][PASSED] - Delayed 10 second(s)

2019-03-26 13:10:14 - [TEST_STEP][PASSED] - click(findTestObject("PaymentDetails/PaymentMethods")): Object: 'Object Repository/PaymentDetails/PaymentMethods' is clicked on

2019-03-26 13:10:14 - [MESSAGE][PASSED] - Object: 'Object Repository/PaymentDetails/PaymentMethods' is clicked on

2019-03-26 13:10:14 - [TEST_STEP][PASSED] - waitForJQueryLoad(5): jQuery is ready.

2019-03-26 13:10:14 - [MESSAGE][PASSED] - jQuery is ready.

2019-03-26 13:10:14 - [TEST_STEP][PASSED] - selectOptionByLabel(findTestObject("PaymentDetails/SelectInstallment"), "1", false): All options with label '1' are selected in object 'Object Repository/PaymentDetails/SelectInstallment' 

2019-03-26 13:10:15 - [MESSAGE][PASSED] - All options with label '1' are selected in object 'Object Repository/PaymentDetails/SelectInstallment' 

2019-03-26 13:10:15 - [TEST_STEP][PASSED] - scrollToElement(findTestObject("PaymentDetails/ConfirmPaymentType"), 5): Scroll to object 'Object Repository/PaymentDetails/ConfirmPaymentType' successfully

2019-03-26 13:10:15 - [MESSAGE][PASSED] - Scroll to object 'Object Repository/PaymentDetails/ConfirmPaymentType' successfully

2019-03-26 13:10:15 - [TEST_STEP][PASSED] - delay(5): Delayed 5 second(s)

2019-03-26 13:10:20 - [MESSAGE][PASSED] - Delayed 5 second(s)

2019-03-26 13:10:20 - [TEST_STEP][PASSED] - click(findTestObject("PaymentDetails/ConfirmPaymentType")): Object: 'Object Repository/PaymentDetails/ConfirmPaymentType' is clicked on

2019-03-26 13:10:20 - [MESSAGE][PASSED] - Object: 'Object Repository/PaymentDetails/ConfirmPaymentType' is clicked on

2019-03-26 13:10:20 - [TEST_STEP][PASSED] - scrollToElement(findTestObject("PaymentDetails/BindAndSendPolicySchedule"), 5): Scroll to object 'Object Repository/PaymentDetails/BindAndSendPolicySchedule' successfully

2019-03-26 13:10:21 - [MESSAGE][PASSED] - Scroll to object 'Object Repository/PaymentDetails/BindAndSendPolicySchedule' successfully

2019-03-26 13:10:21 - [TEST_STEP][PASSED] - delay(4): Delayed 4 second(s)

2019-03-26 13:10:25 - [MESSAGE][PASSED] - Delayed 4 second(s)

2019-03-26 13:10:25 - [TEST_STEP][PASSED] - click(findTestObject("PaymentDetails/BindAndSendPolicySchedule")): Object: 'Object Repository/PaymentDetails/BindAndSendPolicySchedule' is clicked on

2019-03-26 13:10:26 - [MESSAGE][PASSED] - Object: 'Object Repository/PaymentDetails/BindAndSendPolicySchedule' is clicked on

2019-03-26 13:10:26 - [TEST_STEP][PASSED] - var_policyno = getText(findTestObject("PremiumPage/PolicyNo")): Text of object 'Object Repository/PremiumPage/PolicyNo' is: 'DASD/POLICY/002395'

2019-03-26 13:10:32 - [MESSAGE][PASSED] - Text of object 'Object Repository/PremiumPage/PolicyNo' is: 'DASD/POLICY/002395'

2019-03-26 13:10:32 - [TEST_STEP][PASSED] - Confirmmsg = getText(findTestObject("PaymentDetails/ConfirmationMessage")): Text of object 'Object Repository/PaymentDetails/ConfirmationMessage' is: 'Policy has been successfully created.'

2019-03-26 13:10:32 - [MESSAGE][PASSED] - Text of object 'Object Repository/PaymentDetails/ConfirmationMessage' is: 'Policy has been successfully created.'

2019-03-26 13:10:32 - [TEST_STEP][PASSED] - callTestCase(findTestCase("ClientSearch"), ["ClientName":""], STOP_ON_FAILURE): Call Test Case 'Test Cases/ClientSearch' successfully

2019-03-26 13:10:32 - [TEST_CASE][PASSED] - Test Cases/ClientSearch: Test Cases/ClientSearch

2019-03-26 13:10:32 - [TEST_STEP][PASSED] - waitForElementClickable(findTestObject("ClientSearch"), 10): Object 'Object Repository/ClientSearch' is clickable

2019-03-26 13:10:32 - [MESSAGE][PASSED] - Object 'Object Repository/ClientSearch' is clickable

2019-03-26 13:10:32 - [TEST_STEP][PASSED] - click(findTestObject("ClientSearch")): Object: 'Object Repository/ClientSearch' is clicked on

2019-03-26 13:10:33 - [MESSAGE][PASSED] - Object: 'Object Repository/ClientSearch' is clicked on

2019-03-26 13:10:33 - [TEST_STEP][PASSED] - delay(5): Delayed 5 second(s)

2019-03-26 13:10:38 - [MESSAGE][PASSED] - Delayed 5 second(s)

2019-03-26 13:10:38 - [TEST_STEP][PASSED] - sendKeys(findTestObject("SearchText"), "Dipak"): Keys 'Dipak' sent to object: 'Object Repository/SearchText'

2019-03-26 13:10:38 - [MESSAGE][PASSED] - Keys 'Dipak' sent to object: 'Object Repository/SearchText'

2019-03-26 13:10:38 - [TEST_STEP][PASSED] - delay(2): Delayed 2 second(s)

2019-03-26 13:10:40 - [MESSAGE][PASSED] - Delayed 2 second(s)

2019-03-26 13:10:40 - [TEST_STEP][PASSED] - sendKeys(findTestObject("SearchText"), Keys.chord(ENTER)): Keys 'ENTER + ' sent to object: 'Object Repository/SearchText'

2019-03-26 13:10:40 - [MESSAGE][PASSED] - Keys 'ENTER + ' sent to object: 'Object Repository/SearchText'

2019-03-26 13:10:40 - [TEST_STEP][PASSED] - delay(3): Delayed 3 second(s)

2019-03-26 13:10:43 - [MESSAGE][PASSED] - Delayed 3 second(s)

2019-03-26 13:10:43 - [TEST_STEP][PASSED] - waitForElementClickable(findTestObject("ClientListingAction"), 5): Object 'Object Repository/ClientListingAction' is clickable

2019-03-26 13:10:43 - [MESSAGE][PASSED] - Object 'Object Repository/ClientListingAction' is clickable

2019-03-26 13:10:43 - [TEST_STEP][PASSED] - click(findTestObject("ClientListingAction")): Object: 'Object Repository/ClientListingAction' is clicked on

2019-03-26 13:10:46 - [MESSAGE][PASSED] - Object: 'Object Repository/ClientListingAction' is clicked on

2019-03-26 13:10:46 - [TEST_STEP][PASSED] - delay(5): Delayed 5 second(s)

2019-03-26 13:10:51 - [MESSAGE][PASSED] - Delayed 5 second(s)

2019-03-26 13:10:51 - [MESSAGE][PASSED] - Call Test Case 'Test Cases/ClientSearch' successfully

2019-03-26 13:10:51 - [TEST_STEP][NOT_RUN] - log.logInfo(PolicyNo): NOT_RUN: log.logInfo(PolicyNo)

2019-03-26 13:10:51 - [MESSAGE][NOT_RUN] - NOT_RUN: log.logInfo(PolicyNo)

2019-03-26 13:10:51 - [TEST_STEP][NOT_RUN] - log.logInfo(Confirmmsg): NOT_RUN: log.logInfo(Confirmmsg)

2019-03-26 13:10:51 - [MESSAGE][NOT_RUN] - NOT_RUN: log.logInfo(Confirmmsg)

2019-03-26 13:10:51 - [TEST_STEP][NOT_RUN] - delay(2): NOT_RUN: delay(2)

2019-03-26 13:10:51 - [MESSAGE][NOT_RUN] - NOT_RUN: delay(2)

2019-03-26 13:10:51 - [TEST_STEP][PASSED] - com.helper.excel.ExcelHelper.writeTOExcelFile("E:\MarkitCore\ExcelWriter\test.xlsx", "TestData", var_policyno, 1, 1): com.helper.excel.ExcelHelper.writeTOExcelFile is PASSED

2019-03-26 13:10:51 - [MESSAGE][PASSED] - com.helper.excel.ExcelHelper.writeTOExcelFile is PASSED

2019-03-26 13:10:51 - [TEST_STEP][NOT_RUN] - com.helper.excel2.excelwrite.WriteExcel(): NOT_RUN: com.helper.excel2.excelwrite.WriteExcel()

2019-03-26 13:10:51 - [MESSAGE][NOT_RUN] - NOT_RUN: com.helper.excel2.excelwrite.WriteExcel()

2019-03-26 13:10:51 - [TEST_STEP][PASSED] - delay(5): Delayed 5 second(s)

2019-03-26 13:10:56 - [MESSAGE][PASSED] - Delayed 5 second(s)]]></system-out>
         <system-err><![CDATA[]]></system-err>
      </testcase>
      <system-out><![CDATA[2019-03-26 13:06:31 - [TEST_SUITE][PASSED] - BuyProcess: Test Cases/StartQuote]]></system-out>
      <system-err><![CDATA[]]></system-err>
   </testsuite>
</testsuites>
