<?xml version="1.0" encoding="UTF-8"?>
<testsuites name="BasicDemoProduct" time="19" tests="4" failures="0" errors="0">
   <testsuite name="BasicDemoProduct" tests="4" failures="0" errors="0" time="19" timestamp="2019-04-03 16:09:45" hostname="dipak - DIPAKDAS-PC.indusnettechnologies.com" id="Test Suites/BasicDemoProduct/BasicDemoProduct">
      <properties>
         <property name="deviceName" value=""/>
         <property name="devicePlatform" value=""/>
         <property name="logFolder" value="E:\\MarkitCore\\Katalon\\MarkitCoreWebService\\Reports\\BasicDemoProduct\\BasicDemoProduct\\20190403_160937"/>
         <property name="logFiles" value="E:\\MarkitCore\\Katalon\\MarkitCoreWebService\\Reports\\BasicDemoProduct\\BasicDemoProduct\\20190403_160937\\execution0.log"/>
         <property name="attachments" value=""/>
         <property name="hostName" value="dipak - DIPAKDAS-PC.indusnettechnologies.com"/>
         <property name="hostAddress" value="10.0.12.237"/>
         <property name="os" value="Windows 7 32bit"/>
         <property name="katalonVersion" value="6.0.5.4"/>
      </properties>
      <testcase name="Test Cases/BasicDemoProduct/BasicDemoProductData" classname="Test Cases/BasicDemoProduct/BasicDemoProductData" status="PASSED">
         <system-out><![CDATA[2019-04-03 16:09:45 - [TEST_CASE][PASSED] - Test Cases/BasicDemoProduct/BasicDemoProductData: Test Cases/BasicDemoProduct/BasicDemoProductData

2019-04-03 16:09:45 - [TEST_STEP][PASSED] - println("Using Type :" + Type): null

2019-04-03 16:09:45 - [TEST_STEP][PASSED] - logger = new com.kms.katalon.core.logging.KeywordLogger(): null

2019-04-03 16:09:45 - [TEST_STEP][PASSED] - logger.logInfo(Type): Flat

2019-04-03 16:09:45 - [MESSAGE][INFO] - Flat

2019-04-03 16:09:45 - [TEST_STEP][PASSED] - sendRequest(findTestObject("BasicDemoProduct", ["Type":Type, "BuildingSumInsure":BuildingSumInsure, "NoOfRoom":NoOfRoom, "ContentSumInsure":ContentSumInsure])): Send request successfully

2019-04-03 16:09:52 - [MESSAGE][INFO] - HAR: E:\MarkitCore\Katalon\MarkitCoreWebService\Reports\BasicDemoProduct\BasicDemoProduct\20190403_160937\requests\main\0.har

2019-04-03 16:09:52 - [MESSAGE][PASSED] - Send request successfully]]></system-out>
         <system-err><![CDATA[]]></system-err>
      </testcase>
      <testcase name="Test Cases/BasicDemoProduct/BasicDemoProductData" classname="Test Cases/BasicDemoProduct/BasicDemoProductData" status="PASSED">
         <system-out><![CDATA[2019-04-03 16:09:52 - [TEST_CASE][PASSED] - Test Cases/BasicDemoProduct/BasicDemoProductData: Test Cases/BasicDemoProduct/BasicDemoProductData

2019-04-03 16:09:52 - [TEST_STEP][PASSED] - println("Using Type :" + Type): null

2019-04-03 16:09:52 - [TEST_STEP][PASSED] - logger = new com.kms.katalon.core.logging.KeywordLogger(): null

2019-04-03 16:09:52 - [TEST_STEP][PASSED] - logger.logInfo(Type): StandAlone

2019-04-03 16:09:52 - [MESSAGE][INFO] - StandAlone

2019-04-03 16:09:52 - [TEST_STEP][PASSED] - sendRequest(findTestObject("BasicDemoProduct", ["Type":Type, "BuildingSumInsure":BuildingSumInsure, "NoOfRoom":NoOfRoom, "ContentSumInsure":ContentSumInsure])): Send request successfully

2019-04-03 16:09:56 - [MESSAGE][INFO] - HAR: E:\MarkitCore\Katalon\MarkitCoreWebService\Reports\BasicDemoProduct\BasicDemoProduct\20190403_160937\requests\main\1.har

2019-04-03 16:09:56 - [MESSAGE][PASSED] - Send request successfully]]></system-out>
         <system-err><![CDATA[]]></system-err>
      </testcase>
      <testcase name="Test Cases/BasicDemoProduct/BasicDemoProductData" classname="Test Cases/BasicDemoProduct/BasicDemoProductData" status="PASSED">
         <system-out><![CDATA[2019-04-03 16:09:56 - [TEST_CASE][PASSED] - Test Cases/BasicDemoProduct/BasicDemoProductData: Test Cases/BasicDemoProduct/BasicDemoProductData

2019-04-03 16:09:56 - [TEST_STEP][PASSED] - println("Using Type :" + Type): null

2019-04-03 16:09:56 - [TEST_STEP][PASSED] - logger = new com.kms.katalon.core.logging.KeywordLogger(): null

2019-04-03 16:09:56 - [TEST_STEP][PASSED] - logger.logInfo(Type): Duplex

2019-04-03 16:09:56 - [MESSAGE][INFO] - Duplex

2019-04-03 16:09:56 - [TEST_STEP][PASSED] - sendRequest(findTestObject("BasicDemoProduct", ["Type":Type, "BuildingSumInsure":BuildingSumInsure, "NoOfRoom":NoOfRoom, "ContentSumInsure":ContentSumInsure])): Send request successfully

2019-04-03 16:10:01 - [MESSAGE][INFO] - HAR: E:\MarkitCore\Katalon\MarkitCoreWebService\Reports\BasicDemoProduct\BasicDemoProduct\20190403_160937\requests\main\2.har

2019-04-03 16:10:01 - [MESSAGE][PASSED] - Send request successfully]]></system-out>
         <system-err><![CDATA[]]></system-err>
      </testcase>
      <testcase name="Test Cases/BasicDemoProduct/BasicDemoProductData" classname="Test Cases/BasicDemoProduct/BasicDemoProductData" status="PASSED">
         <system-out><![CDATA[2019-04-03 16:10:01 - [TEST_CASE][PASSED] - Test Cases/BasicDemoProduct/BasicDemoProductData: Test Cases/BasicDemoProduct/BasicDemoProductData

2019-04-03 16:10:01 - [TEST_STEP][PASSED] - println("Using Type :" + Type): null

2019-04-03 16:10:01 - [TEST_STEP][PASSED] - logger = new com.kms.katalon.core.logging.KeywordLogger(): null

2019-04-03 16:10:01 - [TEST_STEP][PASSED] - logger.logInfo(Type): FirmHouse

2019-04-03 16:10:01 - [MESSAGE][INFO] - FirmHouse

2019-04-03 16:10:01 - [TEST_STEP][PASSED] - sendRequest(findTestObject("BasicDemoProduct", ["Type":Type, "BuildingSumInsure":BuildingSumInsure, "NoOfRoom":NoOfRoom, "ContentSumInsure":ContentSumInsure])): Send request successfully

2019-04-03 16:10:04 - [MESSAGE][INFO] - HAR: E:\MarkitCore\Katalon\MarkitCoreWebService\Reports\BasicDemoProduct\BasicDemoProduct\20190403_160937\requests\main\3.har

2019-04-03 16:10:04 - [MESSAGE][PASSED] - Send request successfully]]></system-out>
         <system-err><![CDATA[]]></system-err>
      </testcase>
      <system-out><![CDATA[2019-04-03 16:09:45 - [TEST_SUITE][PASSED] - BasicDemoProduct: Test Cases/BasicDemoProduct/BasicDemoProductData]]></system-out>
      <system-err><![CDATA[]]></system-err>
   </testsuite>
</testsuites>
