<?xml version="1.0" encoding="UTF-8"?>
<testsuites name="BuyProcess" time="85" tests="3" failures="0" errors="0">
   <testsuite name="BuyProcess" tests="3" failures="0" errors="0" time="85" timestamp="2019-03-11 19:41:09" hostname="dipak - DIPAKDAS-PC.indusnettechnologies.com" id="Test Suites/BuyProcess">
      <properties>
         <property name="deviceName" value=""/>
         <property name="devicePlatform" value=""/>
         <property name="logFolder" value="E:\\MarkitCore\\Katalon\\Katalon\\MarkitCore\\Reports\\BuyProcess\\20190311_194107"/>
         <property name="logFiles" value="E:\\MarkitCore\\Katalon\\Katalon\\MarkitCore\\Reports\\BuyProcess\\20190311_194107\\execution0.log"/>
         <property name="attachments" value=""/>
         <property name="hostName" value="dipak - DIPAKDAS-PC.indusnettechnologies.com"/>
         <property name="os" value="Windows 7 32bit"/>
         <property name="katalonVersion" value="6.0.5.4"/>
         <property name="browser" value="Chrome 72.0.3626.121"/>
         <property name="hostAddress" value="10.0.12.237"/>
         <property name="sessionId" value="910b3f3ea59c3879edac036641b05f1e"/>
         <property name="seleniumVersion" value="3.7.1"/>
         <property name="proxyInformation" value="ProxyInformation{proxyOption=NO_PROXY, proxyServerType=HTTP, password=, proxyServerAddress=, proxyServerPort=0}"/>
         <property name="platform" value="Windows 7"/>
      </properties>
      <testcase name="Test Cases/Login" classname="Test Cases/Login" status="PASSED">
         <system-out><![CDATA[2019-03-11 19:41:09 - [TEST_CASE][PASSED] - Test Cases/Login: Test Cases/Login

2019-03-11 19:41:09 - [TEST_STEP][PASSED] - openBrowser("https://dev.markit-systems.com/markit_coreV2/Sites/CoreTest/login/admin_display"): Browser is opened with url: 'https://dev.markit-systems.com/markit_coreV2/Sites/CoreTest/login/admin_display'

2019-03-11 19:41:09 - [MESSAGE][INFO] - Starting 'Chrome' driver

2019-03-11 19:41:09 - [MESSAGE][INFO] - Action delay is set to 0 seconds

2019-03-11 19:41:17 - [MESSAGE][PASSED] - Browser is opened with url: 'https://dev.markit-systems.com/markit_coreV2/Sites/CoreTest/login/admin_display'

2019-03-11 19:41:17 - [TEST_STEP][PASSED] - maximizeWindow(): Current window maximized

2019-03-11 19:41:17 - [MESSAGE][PASSED] - Current window maximized

2019-03-11 19:41:17 - [TEST_STEP][PASSED] - waitForPageLoad(4): Wait for page load successfully

2019-03-11 19:41:17 - [MESSAGE][PASSED] - Wait for page load successfully

2019-03-11 19:41:17 - [TEST_STEP][PASSED] - setText(findTestObject("Username"), "dDasTester"): Text 'dDasTester' is set on object 'Object Repository/Username'

2019-03-11 19:41:17 - [MESSAGE][PASSED] - Text 'dDasTester' is set on object 'Object Repository/Username'

2019-03-11 19:41:17 - [TEST_STEP][PASSED] - delay(2): Delayed 2 second(s)

2019-03-11 19:41:19 - [MESSAGE][PASSED] - Delayed 2 second(s)

2019-03-11 19:41:19 - [TEST_STEP][PASSED] - setText(findTestObject("Password"), "Czybm6R*"): Text 'Czybm6R*' is set on object 'Object Repository/Password'

2019-03-11 19:41:19 - [MESSAGE][PASSED] - Text 'Czybm6R*' is set on object 'Object Repository/Password'

2019-03-11 19:41:19 - [TEST_STEP][PASSED] - delay(3, STOP_ON_FAILURE): Delayed 3 second(s)

2019-03-11 19:41:22 - [MESSAGE][PASSED] - Delayed 3 second(s)

2019-03-11 19:41:22 - [TEST_STEP][PASSED] - click(findTestObject("LoginButton")): Object: 'Object Repository/LoginButton' is clicked on

2019-03-11 19:41:27 - [MESSAGE][PASSED] - Object: 'Object Repository/LoginButton' is clicked on

2019-03-11 19:41:27 - [TEST_STEP][PASSED] - delay(3): Delayed 3 second(s)

2019-03-11 19:41:30 - [MESSAGE][PASSED] - Delayed 3 second(s)]]></system-out>
         <system-err><![CDATA[]]></system-err>
      </testcase>
      <testcase name="Test Cases/ClientSearch" classname="Test Cases/ClientSearch" status="PASSED">
         <system-out><![CDATA[2019-03-11 19:41:30 - [TEST_CASE][PASSED] - Test Cases/ClientSearch: Test Cases/ClientSearch

2019-03-11 19:41:31 - [TEST_STEP][PASSED] - waitForElementClickable(findTestObject("ClientSearch"), 10): Object 'Object Repository/ClientSearch' is clickable

2019-03-11 19:41:31 - [MESSAGE][PASSED] - Object 'Object Repository/ClientSearch' is clickable

2019-03-11 19:41:31 - [TEST_STEP][PASSED] - click(findTestObject("ClientSearch")): Object: 'Object Repository/ClientSearch' is clicked on

2019-03-11 19:41:32 - [MESSAGE][PASSED] - Object: 'Object Repository/ClientSearch' is clicked on

2019-03-11 19:41:32 - [TEST_STEP][PASSED] - delay(5): Delayed 5 second(s)

2019-03-11 19:41:37 - [MESSAGE][PASSED] - Delayed 5 second(s)

2019-03-11 19:41:37 - [TEST_STEP][PASSED] - sendKeys(findTestObject("SearchText"), "Dipak"): Keys 'Dipak' sent to object: 'Object Repository/SearchText'

2019-03-11 19:41:37 - [MESSAGE][PASSED] - Keys 'Dipak' sent to object: 'Object Repository/SearchText'

2019-03-11 19:41:37 - [TEST_STEP][PASSED] - delay(2): Delayed 2 second(s)

2019-03-11 19:41:39 - [MESSAGE][PASSED] - Delayed 2 second(s)

2019-03-11 19:41:39 - [TEST_STEP][PASSED] - sendKeys(findTestObject("SearchText"), Keys.chord(ENTER)): Keys 'ENTER + ' sent to object: 'Object Repository/SearchText'

2019-03-11 19:41:39 - [MESSAGE][PASSED] - Keys 'ENTER + ' sent to object: 'Object Repository/SearchText'

2019-03-11 19:41:39 - [TEST_STEP][PASSED] - delay(3): Delayed 3 second(s)

2019-03-11 19:41:42 - [MESSAGE][PASSED] - Delayed 3 second(s)

2019-03-11 19:41:42 - [TEST_STEP][PASSED] - waitForElementClickable(findTestObject("ClientListingAction"), 5): Object 'Object Repository/ClientListingAction' is clickable

2019-03-11 19:41:42 - [MESSAGE][PASSED] - Object 'Object Repository/ClientListingAction' is clickable

2019-03-11 19:41:42 - [TEST_STEP][PASSED] - click(findTestObject("ClientListingAction")): Object: 'Object Repository/ClientListingAction' is clicked on

2019-03-11 19:41:43 - [MESSAGE][PASSED] - Object: 'Object Repository/ClientListingAction' is clicked on

2019-03-11 19:41:43 - [TEST_STEP][PASSED] - delay(5): Delayed 5 second(s)

2019-03-11 19:41:48 - [MESSAGE][PASSED] - Delayed 5 second(s)]]></system-out>
         <system-err><![CDATA[]]></system-err>
      </testcase>
      <testcase name="Test Cases/StartQuote" classname="Test Cases/StartQuote" status="PASSED">
         <system-out><![CDATA[2019-03-11 19:41:48 - [TEST_CASE][PASSED] - Test Cases/StartQuote: Test Cases/StartQuote

2019-03-11 19:41:48 - [TEST_STEP][NOT_RUN] - log = new com.kms.katalon.core.logging.KeywordLogger(): NOT_RUN: log = new com.kms.katalon.core.logging.KeywordLogger()

2019-03-11 19:41:48 - [MESSAGE][NOT_RUN] - NOT_RUN: log = new com.kms.katalon.core.logging.KeywordLogger()

2019-03-11 19:41:48 - [TEST_STEP][PASSED] - waitForPageLoad(10, STOP_ON_FAILURE): Wait for page load successfully

2019-03-11 19:41:48 - [MESSAGE][PASSED] - Wait for page load successfully

2019-03-11 19:41:48 - [TEST_STEP][PASSED] - click(findTestObject("StartQuote")): Object: 'Object Repository/StartQuote' is clicked on

2019-03-11 19:41:50 - [MESSAGE][PASSED] - Object: 'Object Repository/StartQuote' is clicked on

2019-03-11 19:41:50 - [TEST_STEP][PASSED] - waitForJQueryLoad(5): jQuery is ready.

2019-03-11 19:41:51 - [MESSAGE][PASSED] - jQuery is ready.

2019-03-11 19:41:51 - [TEST_STEP][PASSED] - selectOptionByLabel(findTestObject("GeneralInformation/currency"), var_currency, false): All options with label 'USD' are selected in object 'Object Repository/GeneralInformation/currency' 

2019-03-11 19:41:51 - [MESSAGE][PASSED] - All options with label 'USD' are selected in object 'Object Repository/GeneralInformation/currency' 

2019-03-11 19:41:51 - [TEST_STEP][PASSED] - delay(5): Delayed 5 second(s)

2019-03-11 19:41:56 - [MESSAGE][PASSED] - Delayed 5 second(s)

2019-03-11 19:41:56 - [TEST_STEP][PASSED] - click(findTestObject("GeneralInformation/SelectBroker")): Object: 'Object Repository/GeneralInformation/SelectBroker' is clicked on

2019-03-11 19:41:56 - [MESSAGE][PASSED] - Object: 'Object Repository/GeneralInformation/SelectBroker' is clicked on

2019-03-11 19:41:56 - [TEST_STEP][PASSED] - selectOptionByLabel(findTestObject("GeneralInformation/SelectBroker"), BrokerName, false): All options with label 'New Broker' are selected in object 'Object Repository/GeneralInformation/SelectBroker' 

2019-03-11 19:41:56 - [MESSAGE][PASSED] - All options with label 'New Broker' are selected in object 'Object Repository/GeneralInformation/SelectBroker' 

2019-03-11 19:41:56 - [TEST_STEP][PASSED] - delay(5): Delayed 5 second(s)

2019-03-11 19:42:01 - [MESSAGE][PASSED] - Delayed 5 second(s)

2019-03-11 19:42:01 - [TEST_STEP][PASSED] - click(findTestObject("GeneralInformation/SelectProduct")): Object: 'Object Repository/GeneralInformation/SelectProduct' is clicked on

2019-03-11 19:42:01 - [MESSAGE][PASSED] - Object: 'Object Repository/GeneralInformation/SelectProduct' is clicked on

2019-03-11 19:42:01 - [TEST_STEP][PASSED] - waitForJQueryLoad(5): jQuery is ready.

2019-03-11 19:42:01 - [MESSAGE][PASSED] - jQuery is ready.

2019-03-11 19:42:01 - [TEST_STEP][PASSED] - selectOptionByLabel(findTestObject("GeneralInformation/SelectProduct"), ProductName, false): All options with label 'BasicDemoProduct' are selected in object 'Object Repository/GeneralInformation/SelectProduct' 

2019-03-11 19:42:01 - [MESSAGE][PASSED] - All options with label 'BasicDemoProduct' are selected in object 'Object Repository/GeneralInformation/SelectProduct' 

2019-03-11 19:42:01 - [TEST_STEP][PASSED] - waitForJQueryLoad(5): jQuery is ready.

2019-03-11 19:42:02 - [MESSAGE][PASSED] - jQuery is ready.

2019-03-11 19:42:02 - [TEST_STEP][NOT_RUN] - delay(3): NOT_RUN: delay(3)

2019-03-11 19:42:02 - [MESSAGE][NOT_RUN] - NOT_RUN: delay(3)

2019-03-11 19:42:02 - [TEST_STEP][PASSED] - click(findTestObject("GeneralInformation/PolicyTerm")): Object: 'Object Repository/GeneralInformation/PolicyTerm' is clicked on

2019-03-11 19:42:02 - [MESSAGE][PASSED] - Object: 'Object Repository/GeneralInformation/PolicyTerm' is clicked on

2019-03-11 19:42:02 - [TEST_STEP][PASSED] - delay(5): Delayed 5 second(s)

2019-03-11 19:42:07 - [MESSAGE][PASSED] - Delayed 5 second(s)

2019-03-11 19:42:07 - [TEST_STEP][PASSED] - selectOptionByLabel(findTestObject("GeneralInformation/PolicyTerm"), Term, false): All options with label 'Yearly' are selected in object 'Object Repository/GeneralInformation/PolicyTerm' 

2019-03-11 19:42:07 - [MESSAGE][PASSED] - All options with label 'Yearly' are selected in object 'Object Repository/GeneralInformation/PolicyTerm' 

2019-03-11 19:42:07 - [TEST_STEP][PASSED] - waitForJQueryLoad(10): jQuery is ready.

2019-03-11 19:42:08 - [MESSAGE][PASSED] - jQuery is ready.

2019-03-11 19:42:08 - [TEST_STEP][PASSED] - click(findTestObject("GeneralInformation/PolicyStartDate")): Object: 'Object Repository/GeneralInformation/PolicyStartDate' is clicked on

2019-03-11 19:42:08 - [MESSAGE][PASSED] - Object: 'Object Repository/GeneralInformation/PolicyStartDate' is clicked on

2019-03-11 19:42:08 - [TEST_STEP][PASSED] - click(findTestObject("GeneralInformation/Policy_Start_Year")): Object: 'Object Repository/GeneralInformation/Policy_Start_Year' is clicked on

2019-03-11 19:42:08 - [MESSAGE][PASSED] - Object: 'Object Repository/GeneralInformation/Policy_Start_Year' is clicked on

2019-03-11 19:42:08 - [TEST_STEP][PASSED] - click(findTestObject("GeneralInformation/Policy_Start_Month")): Object: 'Object Repository/GeneralInformation/Policy_Start_Month' is clicked on

2019-03-11 19:42:08 - [MESSAGE][PASSED] - Object: 'Object Repository/GeneralInformation/Policy_Start_Month' is clicked on

2019-03-11 19:42:08 - [TEST_STEP][PASSED] - click(findTestObject("GeneralInformation/Policy_Start_Month")): Object: 'Object Repository/GeneralInformation/Policy_Start_Month' is clicked on

2019-03-11 19:42:08 - [MESSAGE][PASSED] - Object: 'Object Repository/GeneralInformation/Policy_Start_Month' is clicked on

2019-03-11 19:42:08 - [TEST_STEP][PASSED] - delay(4): Delayed 4 second(s)

2019-03-11 19:42:12 - [MESSAGE][PASSED] - Delayed 4 second(s)

2019-03-11 19:42:12 - [TEST_STEP][PASSED] - click(findTestObject("GeneralInformation/NextButton")): Object: 'Object Repository/GeneralInformation/NextButton' is clicked on

2019-03-11 19:42:13 - [MESSAGE][PASSED] - Object: 'Object Repository/GeneralInformation/NextButton' is clicked on

2019-03-11 19:42:13 - [TEST_STEP][PASSED] - delay(3): Delayed 3 second(s)

2019-03-11 19:42:16 - [MESSAGE][PASSED] - Delayed 3 second(s)

2019-03-11 19:42:16 - [TEST_STEP][PASSED] - if (var_cancelAlertCondition.equals("ok")): null

2019-03-11 19:42:16 - [TEST_STEP][PASSED] - else: Delayed 4 second(s)

2019-03-11 19:42:16 - [TEST_STEP][PASSED] - click(findTestObject("GeneralInformation/AcceptAlert")): Object: 'Object Repository/GeneralInformation/AcceptAlert' is clicked on

2019-03-11 19:42:18 - [MESSAGE][PASSED] - Object: 'Object Repository/GeneralInformation/AcceptAlert' is clicked on

2019-03-11 19:42:18 - [TEST_STEP][PASSED] - getText(findTestObject("PremiumPage/Total")): Text of object 'Object Repository/PremiumPage/Total' is: 'GBP 660.00'

2019-03-11 19:42:18 - [MESSAGE][PASSED] - Text of object 'Object Repository/PremiumPage/Total' is: 'GBP 660.00'

2019-03-11 19:42:18 - [TEST_STEP][PASSED] - delay(4): Delayed 4 second(s)

2019-03-11 19:42:22 - [MESSAGE][PASSED] - Delayed 4 second(s)

2019-03-11 19:42:22 - [TEST_STEP][PASSED] - waitForJQueryLoad(10): jQuery is ready.

2019-03-11 19:42:22 - [MESSAGE][PASSED] - jQuery is ready.

2019-03-11 19:42:22 - [TEST_STEP][PASSED] - click(findTestObject("PremiumPage/Bind")): Object: 'Object Repository/PremiumPage/Bind' is clicked on

2019-03-11 19:42:24 - [MESSAGE][PASSED] - Object: 'Object Repository/PremiumPage/Bind' is clicked on

2019-03-11 19:42:24 - [TEST_STEP][PASSED] - delay(10): Delayed 10 second(s)

2019-03-11 19:42:34 - [MESSAGE][PASSED] - Delayed 10 second(s)]]></system-out>
         <system-err><![CDATA[]]></system-err>
      </testcase>
      <system-out><![CDATA[2019-03-11 19:41:09 - [TEST_SUITE][PASSED] - BuyProcess: Test Cases/StartQuote]]></system-out>
      <system-err><![CDATA[]]></system-err>
   </testsuite>
</testsuites>
