<?xml version="1.0" encoding="UTF-8"?>
<testsuites name="BuyProcess" time="147" tests="3" failures="0" errors="0">
   <testsuite name="BuyProcess" tests="3" failures="0" errors="0" time="147" timestamp="2019-03-06 16:40:01" hostname="dipak - DIPAKDAS-PC.indusnettechnologies.com" id="Test Suites/BuyProcess">
      <properties>
         <property name="deviceName" value=""/>
         <property name="devicePlatform" value=""/>
         <property name="logFolder" value="E:\\MarkitCore\\Katalon\\Katalon\\MarkitCore\\Reports\\BuyProcess\\20190306_163959"/>
         <property name="logFiles" value="E:\\MarkitCore\\Katalon\\Katalon\\MarkitCore\\Reports\\BuyProcess\\20190306_163959\\execution0.log"/>
         <property name="attachments" value=""/>
         <property name="hostName" value="dipak - DIPAKDAS-PC.indusnettechnologies.com"/>
         <property name="os" value="Windows 7 32bit"/>
         <property name="katalonVersion" value="6.0.5.4"/>
         <property name="browser" value="Chrome 72.0.3626.119"/>
         <property name="hostAddress" value="10.0.12.237"/>
         <property name="sessionId" value="978b24193db7e3607db5dd0bf97bfd08"/>
         <property name="seleniumVersion" value="3.7.1"/>
         <property name="proxyInformation" value="ProxyInformation{proxyOption=NO_PROXY, proxyServerType=HTTP, password=, proxyServerAddress=, proxyServerPort=0}"/>
         <property name="platform" value="Windows 7"/>
      </properties>
      <testcase name="Test Cases/Login" classname="Test Cases/Login" status="PASSED">
         <system-out><![CDATA[2019-03-06 16:40:01 - [TEST_CASE][PASSED] - Test Cases/Login: Test Cases/Login

2019-03-06 16:40:01 - [TEST_STEP][PASSED] - openBrowser("https://dev.markit-systems.com/markit_coreV2/Sites/CoreTest/login/admin_display"): Browser is opened with url: 'https://dev.markit-systems.com/markit_coreV2/Sites/CoreTest/login/admin_display'

2019-03-06 16:40:01 - [MESSAGE][INFO] - Starting 'Chrome' driver

2019-03-06 16:40:01 - [MESSAGE][INFO] - Action delay is set to 0 seconds

2019-03-06 16:40:09 - [MESSAGE][PASSED] - Browser is opened with url: 'https://dev.markit-systems.com/markit_coreV2/Sites/CoreTest/login/admin_display'

2019-03-06 16:40:09 - [TEST_STEP][PASSED] - maximizeWindow(): Current window maximized

2019-03-06 16:40:09 - [MESSAGE][PASSED] - Current window maximized

2019-03-06 16:40:09 - [TEST_STEP][PASSED] - waitForPageLoad(4): Wait for page load successfully

2019-03-06 16:40:09 - [MESSAGE][PASSED] - Wait for page load successfully

2019-03-06 16:40:09 - [TEST_STEP][PASSED] - setText(findTestObject("Username"), "dDasTester"): Text 'dDasTester' is set on object 'Object Repository/Username'

2019-03-06 16:40:09 - [MESSAGE][PASSED] - Text 'dDasTester' is set on object 'Object Repository/Username'

2019-03-06 16:40:09 - [TEST_STEP][PASSED] - delay(2): Delayed 2 second(s)

2019-03-06 16:40:11 - [MESSAGE][PASSED] - Delayed 2 second(s)

2019-03-06 16:40:11 - [TEST_STEP][PASSED] - setText(findTestObject("Password"), "Czybm6R*"): Text 'Czybm6R*' is set on object 'Object Repository/Password'

2019-03-06 16:40:12 - [MESSAGE][PASSED] - Text 'Czybm6R*' is set on object 'Object Repository/Password'

2019-03-06 16:40:12 - [TEST_STEP][PASSED] - delay(3, STOP_ON_FAILURE): Delayed 3 second(s)

2019-03-06 16:40:15 - [MESSAGE][PASSED] - Delayed 3 second(s)

2019-03-06 16:40:15 - [TEST_STEP][PASSED] - click(findTestObject("LoginButton")): Object: 'Object Repository/LoginButton' is clicked on

2019-03-06 16:40:23 - [MESSAGE][PASSED] - Object: 'Object Repository/LoginButton' is clicked on

2019-03-06 16:40:23 - [TEST_STEP][PASSED] - delay(3): Delayed 3 second(s)

2019-03-06 16:40:26 - [MESSAGE][PASSED] - Delayed 3 second(s)]]></system-out>
         <system-err><![CDATA[]]></system-err>
      </testcase>
      <testcase name="Test Cases/ClientSearch" classname="Test Cases/ClientSearch" status="PASSED">
         <system-out><![CDATA[2019-03-06 16:40:26 - [TEST_CASE][PASSED] - Test Cases/ClientSearch: Test Cases/ClientSearch

2019-03-06 16:40:27 - [TEST_STEP][PASSED] - waitForElementClickable(findTestObject("ClientSearch"), 10): Object 'Object Repository/ClientSearch' is clickable

2019-03-06 16:40:27 - [MESSAGE][PASSED] - Object 'Object Repository/ClientSearch' is clickable

2019-03-06 16:40:27 - [TEST_STEP][PASSED] - click(findTestObject("ClientSearch")): Object: 'Object Repository/ClientSearch' is clicked on

2019-03-06 16:40:28 - [MESSAGE][PASSED] - Object: 'Object Repository/ClientSearch' is clicked on

2019-03-06 16:40:28 - [TEST_STEP][PASSED] - delay(5): Delayed 5 second(s)

2019-03-06 16:40:33 - [MESSAGE][PASSED] - Delayed 5 second(s)

2019-03-06 16:40:33 - [TEST_STEP][PASSED] - sendKeys(findTestObject("SearchText"), "Dipak"): Keys 'Dipak' sent to object: 'Object Repository/SearchText'

2019-03-06 16:40:33 - [MESSAGE][PASSED] - Keys 'Dipak' sent to object: 'Object Repository/SearchText'

2019-03-06 16:40:33 - [TEST_STEP][PASSED] - sendKeys(findTestObject("SearchText"), Keys.chord(ENTER)): Keys 'ENTER + ' sent to object: 'Object Repository/SearchText'

2019-03-06 16:40:33 - [MESSAGE][PASSED] - Keys 'ENTER + ' sent to object: 'Object Repository/SearchText'

2019-03-06 16:40:33 - [TEST_STEP][PASSED] - delay(3): Delayed 3 second(s)

2019-03-06 16:40:36 - [MESSAGE][PASSED] - Delayed 3 second(s)

2019-03-06 16:40:36 - [TEST_STEP][PASSED] - waitForElementClickable(findTestObject("ClientListingAction"), 5): Object 'Object Repository/ClientListingAction' is clickable

2019-03-06 16:40:36 - [MESSAGE][PASSED] - Object 'Object Repository/ClientListingAction' is clickable

2019-03-06 16:40:36 - [TEST_STEP][PASSED] - click(findTestObject("ClientListingAction")): Object: 'Object Repository/ClientListingAction' is clicked on

2019-03-06 16:40:39 - [MESSAGE][PASSED] - Object: 'Object Repository/ClientListingAction' is clicked on

2019-03-06 16:40:39 - [TEST_STEP][PASSED] - delay(5): Delayed 5 second(s)

2019-03-06 16:40:44 - [MESSAGE][PASSED] - Delayed 5 second(s)]]></system-out>
         <system-err><![CDATA[]]></system-err>
      </testcase>
      <testcase name="Test Cases/StartQuote" classname="Test Cases/StartQuote" status="PASSED">
         <system-out><![CDATA[2019-03-06 16:40:44 - [TEST_CASE][PASSED] - Test Cases/StartQuote: Test Cases/StartQuote

2019-03-06 16:40:44 - [TEST_STEP][PASSED] - waitForElementClickable(findTestObject("StartQuote"), 10): Object 'Object Repository/StartQuote' is clickable

2019-03-06 16:40:44 - [MESSAGE][PASSED] - Object 'Object Repository/StartQuote' is clickable

2019-03-06 16:40:44 - [TEST_STEP][PASSED] - click(findTestObject("StartQuote")): Object: 'Object Repository/StartQuote' is clicked on

2019-03-06 16:40:46 - [MESSAGE][PASSED] - Object: 'Object Repository/StartQuote' is clicked on

2019-03-06 16:40:46 - [TEST_STEP][PASSED] - delay(3): Delayed 3 second(s)

2019-03-06 16:40:49 - [MESSAGE][PASSED] - Delayed 3 second(s)

2019-03-06 16:40:49 - [TEST_STEP][PASSED] - selectOptionByLabel(findTestObject("GeneralInformation/currency"), "ZAR", false): All options with label 'ZAR' are selected in object 'Object Repository/GeneralInformation/currency' 

2019-03-06 16:40:49 - [MESSAGE][PASSED] - All options with label 'ZAR' are selected in object 'Object Repository/GeneralInformation/currency' 

2019-03-06 16:40:49 - [TEST_STEP][PASSED] - delay(3): Delayed 3 second(s)

2019-03-06 16:40:52 - [MESSAGE][PASSED] - Delayed 3 second(s)

2019-03-06 16:40:52 - [TEST_STEP][PASSED] - selectOptionByLabel(findTestObject("GeneralInformation/SelectBroker"), "New Broker", false): All options with label 'New Broker' are selected in object 'Object Repository/GeneralInformation/SelectBroker' 

2019-03-06 16:40:52 - [MESSAGE][PASSED] - All options with label 'New Broker' are selected in object 'Object Repository/GeneralInformation/SelectBroker' 

2019-03-06 16:40:52 - [TEST_STEP][PASSED] - delay(3): Delayed 3 second(s)

2019-03-06 16:40:55 - [MESSAGE][PASSED] - Delayed 3 second(s)

2019-03-06 16:40:55 - [TEST_STEP][PASSED] - selectOptionByLabel(findTestObject("GeneralInformation/SelectProduct"), "BasicDemoProduct", false): All options with label 'BasicDemoProduct' are selected in object 'Object Repository/GeneralInformation/SelectProduct' 

2019-03-06 16:40:55 - [MESSAGE][PASSED] - All options with label 'BasicDemoProduct' are selected in object 'Object Repository/GeneralInformation/SelectProduct' 

2019-03-06 16:40:55 - [TEST_STEP][PASSED] - delay(3): Delayed 3 second(s)

2019-03-06 16:40:58 - [MESSAGE][PASSED] - Delayed 3 second(s)

2019-03-06 16:40:58 - [TEST_STEP][PASSED] - selectOptionByLabel(findTestObject("GeneralInformation/PolicyTerm"), "Monthly", false): All options with label 'Monthly' are selected in object 'Object Repository/GeneralInformation/PolicyTerm' 

2019-03-06 16:40:58 - [MESSAGE][PASSED] - All options with label 'Monthly' are selected in object 'Object Repository/GeneralInformation/PolicyTerm' 

2019-03-06 16:40:58 - [TEST_STEP][PASSED] - delay(3): Delayed 3 second(s)

2019-03-06 16:41:01 - [MESSAGE][PASSED] - Delayed 3 second(s)

2019-03-06 16:41:01 - [TEST_STEP][PASSED] - click(findTestObject("GeneralInformation/PolicyStartDate")): Object: 'Object Repository/GeneralInformation/PolicyStartDate' is clicked on

2019-03-06 16:41:01 - [MESSAGE][PASSED] - Object: 'Object Repository/GeneralInformation/PolicyStartDate' is clicked on

2019-03-06 16:41:01 - [TEST_STEP][PASSED] - delay(3): Delayed 3 second(s)

2019-03-06 16:41:04 - [MESSAGE][PASSED] - Delayed 3 second(s)

2019-03-06 16:41:04 - [TEST_STEP][PASSED] - selectOptionByLabel(findTestObject("GeneralInformation/Policy_Start_Year"), "2019", false): All options with label '2019' are selected in object 'Object Repository/GeneralInformation/Policy_Start_Year' 

2019-03-06 16:41:05 - [MESSAGE][PASSED] - All options with label '2019' are selected in object 'Object Repository/GeneralInformation/Policy_Start_Year' 

2019-03-06 16:41:05 - [TEST_STEP][PASSED] - delay(3): Delayed 3 second(s)

2019-03-06 16:41:08 - [MESSAGE][PASSED] - Delayed 3 second(s)

2019-03-06 16:41:08 - [TEST_STEP][PASSED] - selectOptionByLabel(findTestObject("GeneralInformation/Policy_Start_Month"), "Feb", false): All options with label 'Feb' are selected in object 'Object Repository/GeneralInformation/Policy_Start_Month' 

2019-03-06 16:41:08 - [MESSAGE][PASSED] - All options with label 'Feb' are selected in object 'Object Repository/GeneralInformation/Policy_Start_Month' 

2019-03-06 16:41:08 - [TEST_STEP][PASSED] - delay(3): Delayed 3 second(s)

2019-03-06 16:41:11 - [MESSAGE][PASSED] - Delayed 3 second(s)

2019-03-06 16:41:11 - [TEST_STEP][PASSED] - click(findTestObject("GeneralInformation/Policy_Start_Day")): Object: 'Object Repository/GeneralInformation/Policy_Start_Day' is clicked on

2019-03-06 16:41:13 - [MESSAGE][PASSED] - Object: 'Object Repository/GeneralInformation/Policy_Start_Day' is clicked on

2019-03-06 16:41:13 - [TEST_STEP][PASSED] - delay(3): Delayed 3 second(s)

2019-03-06 16:41:16 - [MESSAGE][PASSED] - Delayed 3 second(s)

2019-03-06 16:41:16 - [TEST_STEP][PASSED] - click(findTestObject("GeneralInformation/PolicyEndDate")): Object: 'Object Repository/GeneralInformation/PolicyEndDate' is clicked on

2019-03-06 16:41:16 - [MESSAGE][PASSED] - Object: 'Object Repository/GeneralInformation/PolicyEndDate' is clicked on

2019-03-06 16:41:16 - [TEST_STEP][PASSED] - delay(3): Delayed 3 second(s)

2019-03-06 16:41:19 - [MESSAGE][PASSED] - Delayed 3 second(s)

2019-03-06 16:41:19 - [TEST_STEP][PASSED] - selectOptionByLabel(findTestObject("GeneralInformation/Policy_Start_Year"), "2019", false): All options with label '2019' are selected in object 'Object Repository/GeneralInformation/Policy_Start_Year' 

2019-03-06 16:41:19 - [MESSAGE][PASSED] - All options with label '2019' are selected in object 'Object Repository/GeneralInformation/Policy_Start_Year' 

2019-03-06 16:41:19 - [TEST_STEP][PASSED] - delay(3): Delayed 3 second(s)

2019-03-06 16:41:22 - [MESSAGE][PASSED] - Delayed 3 second(s)

2019-03-06 16:41:22 - [TEST_STEP][PASSED] - selectOptionByLabel(findTestObject("GeneralInformation/Policy_Start_Month"), "Mar", false): All options with label 'Mar' are selected in object 'Object Repository/GeneralInformation/Policy_Start_Month' 

2019-03-06 16:41:22 - [MESSAGE][PASSED] - All options with label 'Mar' are selected in object 'Object Repository/GeneralInformation/Policy_Start_Month' 

2019-03-06 16:41:22 - [TEST_STEP][PASSED] - delay(3): Delayed 3 second(s)

2019-03-06 16:41:25 - [MESSAGE][PASSED] - Delayed 3 second(s)

2019-03-06 16:41:25 - [TEST_STEP][PASSED] - click(findTestObject("GeneralInformation/Policy_Start_Day")): Object: 'Object Repository/GeneralInformation/Policy_Start_Day' is clicked on

2019-03-06 16:41:25 - [MESSAGE][PASSED] - Object: 'Object Repository/GeneralInformation/Policy_Start_Day' is clicked on

2019-03-06 16:41:25 - [TEST_STEP][PASSED] - delay(3): Delayed 3 second(s)

2019-03-06 16:41:28 - [MESSAGE][PASSED] - Delayed 3 second(s)

2019-03-06 16:41:28 - [TEST_STEP][PASSED] - click(findTestObject("Object Repository/GeneralInformation/NextButton")): Object: 'Object Repository/GeneralInformation/NextButton' is clicked on

2019-03-06 16:41:28 - [MESSAGE][PASSED] - Object: 'Object Repository/GeneralInformation/NextButton' is clicked on

2019-03-06 16:41:28 - [TEST_STEP][PASSED] - delay(3): Delayed 3 second(s)

2019-03-06 16:41:31 - [MESSAGE][PASSED] - Delayed 3 second(s)

2019-03-06 16:41:31 - [TEST_STEP][PASSED] - click(findTestObject("GeneralInformation/CancelAlert")): Object: 'Object Repository/GeneralInformation/CancelAlert' is clicked on

2019-03-06 16:41:40 - [MESSAGE][PASSED] - Object: 'Object Repository/GeneralInformation/CancelAlert' is clicked on

2019-03-06 16:41:40 - [TEST_STEP][PASSED] - delay(5): Delayed 5 second(s)

2019-03-06 16:41:45 - [MESSAGE][PASSED] - Delayed 5 second(s)

2019-03-06 16:41:45 - [TEST_STEP][PASSED] - selectOptionByLabel(findTestObject("RiskDetails/Page_Markit core new  Risk details/SelectType"), "StandAlone", false): All options with label 'StandAlone' are selected in object 'Object Repository/RiskDetails/Page_Markit core new  Risk details/SelectType' 

2019-03-06 16:41:45 - [MESSAGE][PASSED] - All options with label 'StandAlone' are selected in object 'Object Repository/RiskDetails/Page_Markit core new  Risk details/SelectType' 

2019-03-06 16:41:45 - [TEST_STEP][PASSED] - delay(5): Delayed 5 second(s)

2019-03-06 16:41:50 - [MESSAGE][PASSED] - Delayed 5 second(s)

2019-03-06 16:41:50 - [TEST_STEP][PASSED] - setText(findTestObject("RiskDetails/Page_Markit core new  Risk details/SumInsure"), "1000"): Text '1000' is set on object 'Object Repository/RiskDetails/Page_Markit core new  Risk details/SumInsure'

2019-03-06 16:41:50 - [MESSAGE][PASSED] - Text '1000' is set on object 'Object Repository/RiskDetails/Page_Markit core new  Risk details/SumInsure'

2019-03-06 16:41:50 - [TEST_STEP][PASSED] - delay(2): Delayed 2 second(s)

2019-03-06 16:41:52 - [MESSAGE][PASSED] - Delayed 2 second(s)

2019-03-06 16:41:52 - [TEST_STEP][PASSED] - setText(findTestObject("RiskDetails/Page_Markit core new  Risk details/RoomNo"), "10"): Text '10' is set on object 'Object Repository/RiskDetails/Page_Markit core new  Risk details/RoomNo'

2019-03-06 16:41:52 - [MESSAGE][PASSED] - Text '10' is set on object 'Object Repository/RiskDetails/Page_Markit core new  Risk details/RoomNo'

2019-03-06 16:41:52 - [TEST_STEP][PASSED] - setText(findTestObject("RiskDetails/Page_Markit core new  Risk details/ContentSumInsure"), "1000"): Text '1000' is set on object 'Object Repository/RiskDetails/Page_Markit core new  Risk details/ContentSumInsure'

2019-03-06 16:41:52 - [MESSAGE][PASSED] - Text '1000' is set on object 'Object Repository/RiskDetails/Page_Markit core new  Risk details/ContentSumInsure'

2019-03-06 16:41:52 - [TEST_STEP][PASSED] - click(findTestObject("RiskDetails/Page_Markit core new  Risk details/ButtonSubmit")): Object: 'Object Repository/RiskDetails/Page_Markit core new  Risk details/ButtonSubmit' is clicked on

2019-03-06 16:42:03 - [MESSAGE][PASSED] - Object: 'Object Repository/RiskDetails/Page_Markit core new  Risk details/ButtonSubmit' is clicked on

2019-03-06 16:42:03 - [TEST_STEP][PASSED] - delay(3): Delayed 3 second(s)

2019-03-06 16:42:06 - [MESSAGE][PASSED] - Delayed 3 second(s)

2019-03-06 16:42:06 - [TEST_STEP][PASSED] - click(findTestObject("PremiumPage/Bind")): Object: 'Object Repository/PremiumPage/Bind' is clicked on

2019-03-06 16:42:07 - [MESSAGE][PASSED] - Object: 'Object Repository/PremiumPage/Bind' is clicked on

2019-03-06 16:42:07 - [TEST_STEP][PASSED] - delay(5): Delayed 5 second(s)

2019-03-06 16:42:12 - [MESSAGE][PASSED] - Delayed 5 second(s)

2019-03-06 16:42:12 - [TEST_STEP][PASSED] - click(findTestObject("PaymentDetails/PaymentMethods")): Object: 'Object Repository/PaymentDetails/PaymentMethods' is clicked on

2019-03-06 16:42:12 - [MESSAGE][PASSED] - Object: 'Object Repository/PaymentDetails/PaymentMethods' is clicked on

2019-03-06 16:42:12 - [TEST_STEP][PASSED] - selectOptionByLabel(findTestObject("PaymentDetails/SelectInstallment"), "1", false, STOP_ON_FAILURE): All options with label '1' are selected in object 'Object Repository/PaymentDetails/SelectInstallment' 

2019-03-06 16:42:12 - [MESSAGE][PASSED] - All options with label '1' are selected in object 'Object Repository/PaymentDetails/SelectInstallment' 

2019-03-06 16:42:13 - [TEST_STEP][PASSED] - waitForElementClickable(findTestObject("PaymentDetails/PaymentBind"), 10): Object 'Object Repository/PaymentDetails/PaymentBind' is clickable

2019-03-06 16:42:13 - [MESSAGE][PASSED] - Object 'Object Repository/PaymentDetails/PaymentBind' is clickable

2019-03-06 16:42:13 - [TEST_STEP][PASSED] - scrollToElement(findTestObject("PaymentDetails/PaymentBind"), 5): Scroll to object 'Object Repository/PaymentDetails/PaymentBind' successfully

2019-03-06 16:42:13 - [MESSAGE][PASSED] - Scroll to object 'Object Repository/PaymentDetails/PaymentBind' successfully

2019-03-06 16:42:13 - [TEST_STEP][PASSED] - delay(3, STOP_ON_FAILURE): Delayed 3 second(s)

2019-03-06 16:42:16 - [MESSAGE][PASSED] - Delayed 3 second(s)

2019-03-06 16:42:16 - [TEST_STEP][PASSED] - click(findTestObject("PaymentDetails/PaymentBind")): Object: 'Object Repository/PaymentDetails/PaymentBind' is clicked on

2019-03-06 16:42:16 - [MESSAGE][PASSED] - Object: 'Object Repository/PaymentDetails/PaymentBind' is clicked on

2019-03-06 16:42:16 - [TEST_STEP][PASSED] - delay(5): Delayed 5 second(s)

2019-03-06 16:42:21 - [MESSAGE][PASSED] - Delayed 5 second(s)

2019-03-06 16:42:21 - [TEST_STEP][NOT_RUN] - waitForElementPresent(findTestObject("PaymentDetails/MailTo"), 5): NOT_RUN: waitForElementPresent(findTestObject("PaymentDetails/MailTo"), 5)

2019-03-06 16:42:21 - [MESSAGE][NOT_RUN] - NOT_RUN: waitForElementPresent(findTestObject("PaymentDetails/MailTo"), 5)

2019-03-06 16:42:21 - [TEST_STEP][PASSED] - scrollToElement(findTestObject("PaymentDetails/Email"), 10): Scroll to object 'Object Repository/PaymentDetails/Email' successfully

2019-03-06 16:42:21 - [MESSAGE][PASSED] - Scroll to object 'Object Repository/PaymentDetails/Email' successfully

2019-03-06 16:42:21 - [TEST_STEP][PASSED] - waitForElementClickable(findTestObject("PaymentDetails/Email"), 5): Object 'Object Repository/PaymentDetails/Email' is clickable

2019-03-06 16:42:21 - [MESSAGE][PASSED] - Object 'Object Repository/PaymentDetails/Email' is clickable

2019-03-06 16:42:21 - [TEST_STEP][PASSED] - click(findTestObject("PaymentDetails/Email")): Object: 'Object Repository/PaymentDetails/Email' is clicked on

2019-03-06 16:42:21 - [MESSAGE][PASSED] - Object: 'Object Repository/PaymentDetails/Email' is clicked on

2019-03-06 16:42:21 - [TEST_STEP][PASSED] - delay(3): Delayed 3 second(s)

2019-03-06 16:42:24 - [MESSAGE][PASSED] - Delayed 3 second(s)

2019-03-06 16:42:24 - [TEST_STEP][PASSED] - waitForElementVisible(findTestObject("PaymentDetails/ConfirmationMessage"), 10): Object 'Object Repository/PaymentDetails/ConfirmationMessage' is visible

2019-03-06 16:42:27 - [MESSAGE][PASSED] - Object 'Object Repository/PaymentDetails/ConfirmationMessage' is visible]]></system-out>
         <system-err><![CDATA[]]></system-err>
      </testcase>
      <system-out><![CDATA[2019-03-06 16:40:01 - [TEST_SUITE][PASSED] - BuyProcess: Test Cases/StartQuote]]></system-out>
      <system-err><![CDATA[]]></system-err>
   </testsuite>
</testsuites>
