<?xml version="1.0" encoding="UTF-8"?>
<testsuites name="DataDrivenDemo" time="2" tests="1" failures="0" errors="0">
   <testsuite name="DataDrivenDemo" tests="1" failures="0" errors="0" time="2" timestamp="2019-03-22 16:04:29" hostname="dipak - DIPAKDAS-PC.indusnettechnologies.com" id="Test Suites/DataDrivenDemo">
      <properties>
         <property name="deviceName" value=""/>
         <property name="devicePlatform" value=""/>
         <property name="logFolder" value="E:\\MarkitCore\\Katalon\\MarkitCoreWebService\\Reports\\DataDrivenDemo\\20190322_160427"/>
         <property name="logFiles" value="E:\\MarkitCore\\Katalon\\MarkitCoreWebService\\Reports\\DataDrivenDemo\\20190322_160427\\execution0.log"/>
         <property name="attachments" value=""/>
         <property name="hostName" value="dipak - DIPAKDAS-PC.indusnettechnologies.com"/>
         <property name="hostAddress" value="10.0.12.237"/>
         <property name="os" value="Windows 7 32bit"/>
         <property name="katalonVersion" value="6.0.5.4"/>
      </properties>
      <testcase name="Test Cases/DataDrivenDemoTest" classname="Test Cases/DataDrivenDemoTest" status="PASSED">
         <system-out><![CDATA[2019-03-22 16:04:29 - [TEST_CASE][PASSED] - Test Cases/DataDrivenDemoTest: Test Cases/DataDrivenDemoTest

2019-03-22 16:04:29 - [TEST_STEP][PASSED] - println("..Using Product Code :" + ProductCode): null

2019-03-22 16:04:29 - [TEST_STEP][PASSED] - sendRequest(findTestObject("POST", ["Prod_Name":ProductCode])): Send request successfully

2019-03-22 16:04:31 - [MESSAGE][INFO] - HAR: E:\MarkitCore\Katalon\MarkitCoreWebService\Reports\DataDrivenDemo\20190322_160427\requests\main\0.har

2019-03-22 16:04:31 - [MESSAGE][PASSED] - Send request successfully]]></system-out>
         <system-err><![CDATA[]]></system-err>
      </testcase>
      <system-out><![CDATA[2019-03-22 16:04:29 - [TEST_SUITE][PASSED] - DataDrivenDemo: Test Cases/DataDrivenDemoTest]]></system-out>
      <system-err><![CDATA[]]></system-err>
   </testsuite>
</testsuites>
